Mon, 20 Dec 2021 14:07:31-test_getRecipePrecalculatedFee.py-login.py-[line:38]-ERROR-[日志信息]: user_login_success request faild,throw error:HTTPSConnectionPool(host='hcnih.bsoft.com.cn', port=443): Max retries exceeded with url: /logon/login (Caused by SSLError(SSLError(1, u'[SSL: UNKNOWN_PROTOCOL] unknown protocol (_ssl.c:727)'),))
Mon, 20 Dec 2021 14:15:47-test_getRecipePrecalculatedFee.py-login.py-[line:38]-ERROR-[日志信息]: user_login_success request faild,throw error:HTTPSConnectionPool(host='hcnih.bsoft.com.cn', port=443): Max retries exceeded with url: /logon/login (Caused by SSLError(SSLError(1, u'[SSL: UNKNOWN_PROTOCOL] unknown protocol (_ssl.c:727)'),))
Mon, 20 Dec 2021 14:15:57-test_getRecipePrecalculatedFee.py-login.py-[line:35]-INFO-[日志信息]: user_login_success request success
Mon, 20 Dec 2021 14:15:57-test_getRecipePrecalculatedFee.py-findRecipeInfoByOrderNo.py-[line:35]-INFO-[日志信息]: getRecipeInfoByOrderNo_success request success
Mon, 20 Dec 2021 14:17:39-test_getRecipePrecalculatedFee.py-login.py-[line:35]-INFO-[日志信息]: user_login_success request success
Mon, 20 Dec 2021 14:17:40-test_getRecipePrecalculatedFee.py-findRecipeInfoByOrderNo.py-[line:35]-INFO-[日志信息]: getRecipeInfoByOrderNo_success request success
Mon, 20 Dec 2021 14:19:04-test_getRecipePrecalculatedFee.py-login.py-[line:35]-INFO-[日志信息]: user_login_success request success
Mon, 20 Dec 2021 14:19:04-test_getRecipePrecalculatedFee.py-findRecipeInfoByOrderNo.py-[line:35]-INFO-[日志信息]: getRecipeInfoByOrderNo_success request success
Mon, 20 Dec 2021 19:08:40-pytest-login.py-[line:38]-ERROR-[日志信息]: user_login_success request faild,throw error:HTTPSConnectionPool(host='hcnih.bsoft.com.cn', port=443): Max retries exceeded with url: /logon/login (Caused by SSLError(SSLError(1, u'[SSL: UNKNOWN_PROTOCOL] unknown protocol (_ssl.c:727)'),))
Mon, 20 Dec 2021 19:09:04-pytest-login.py-[line:35]-INFO-[日志信息]: user_login_success request success
Mon, 20 Dec 2021 19:09:04-pytest-findRecipeInfoByOrderNo.py-[line:35]-INFO-[日志信息]: getRecipeInfoByOrderNo_success request success
Mon, 20 Dec 2021 19:09:05-pytest-searchSuppliers.py-[line:30]-INFO-[日志信息]: searchSuppliers_success request success
Mon, 20 Dec 2021 19:09:05-pytest-searchSuppliers.py-[line:30]-INFO-[日志信息]: searchSuppliers_success request success
Mon, 20 Dec 2021 19:11:26-pytest-login.py-[line:35]-INFO-[日志信息]: user_login_success request success
Mon, 20 Dec 2021 19:11:26-pytest-findRecipeInfoByOrderNo.py-[line:35]-INFO-[日志信息]: getRecipeInfoByOrderNo_success request success
Mon, 20 Dec 2021 19:13:55-pytest-login.py-[line:35]-INFO-[日志信息]: user_login_success request success
Mon, 20 Dec 2021 19:13:55-pytest-findRecipeInfoByOrderNo.py-[line:35]-INFO-[日志信息]: getRecipeInfoByOrderNo_success request success
Mon, 20 Dec 2021 19:14:44-pytest-login.py-[line:35]-INFO-[日志信息]: user_login_success request success
Mon, 20 Dec 2021 19:14:44-pytest-findRecipeInfoByOrderNo.py-[line:35]-INFO-[日志信息]: getRecipeInfoByOrderNo_success request success
Mon, 20 Dec 2021 19:17:19-pytest-login.py-[line:35]-INFO-[日志信息]: user_login_success request success
Mon, 20 Dec 2021 19:17:19-pytest-findRecipeInfoByOrderNo.py-[line:35]-INFO-[日志信息]: getRecipeInfoByOrderNo_success request success
Mon, 20 Dec 2021 19:21:16-pytest-login.py-[line:35]-INFO-[日志信息]: user_login_success request success
Mon, 20 Dec 2021 19:21:16-pytest-findRecipeInfoByOrderNo.py-[line:35]-INFO-[日志信息]: getRecipeInfoByOrderNo_success request success
Mon, 20 Dec 2021 19:22:50-conftest.py-findRecipeInfoByOrderNo.py-[line:35]-INFO-[日志信息]: getRecipeInfoByOrderNo_success request success
Mon, 20 Dec 2021 19:23:19-conftest.py-findRecipeInfoByOrderNo.py-[line:35]-INFO-[日志信息]: getRecipeInfoByOrderNo_success request success
Mon, 20 Dec 2021 19:23:24-conftest.py-findRecipeInfoByOrderNo.py-[line:35]-INFO-[日志信息]: getRecipeInfoByOrderNo_success request success
Mon, 20 Dec 2021 19:24:08-conftest.py-findRecipeInfoByOrderNo.py-[line:35]-INFO-[日志信息]: getRecipeInfoByOrderNo_success request success
Mon, 20 Dec 2021 19:24:32-conftest.py-findRecipeInfoByOrderNo.py-[line:35]-INFO-[日志信息]: getRecipeInfoByOrderNo_success request success
Mon, 20 Dec 2021 19:24:55-conftest.py-findRecipeInfoByOrderNo.py-[line:35]-INFO-[日志信息]: getRecipeInfoByOrderNo_success request success
Mon, 20 Dec 2021 19:25:29-conftest.py-findRecipeInfoByOrderNo.py-[line:35]-INFO-[日志信息]: getRecipeInfoByOrderNo_success request success
Mon, 20 Dec 2021 19:25:37-conftest.py-findRecipeInfoByOrderNo.py-[line:35]-INFO-[日志信息]: getRecipeInfoByOrderNo_success request success
Mon, 20 Dec 2021 19:25:44-conftest.py-findRecipeInfoByOrderNo.py-[line:35]-INFO-[日志信息]: getRecipeInfoByOrderNo_success request success
Mon, 20 Dec 2021 19:26:11-conftest.py-findRecipeInfoByOrderNo.py-[line:36]-INFO-[日志信息]: getRecipeInfoByOrderNo_success request success
Mon, 20 Dec 2021 19:28:11-conftest.py-findRecipeInfoByOrderNo.py-[line:36]-INFO-[日志信息]: getRecipeInfoByOrderNo_success request success
Mon, 20 Dec 2021 19:28:26-conftest.py-findRecipeInfoByOrderNo.py-[line:36]-INFO-[日志信息]: getRecipeInfoByOrderNo_success request success
Mon, 20 Dec 2021 19:35:20-conftest.py-pageList.py-[line:47]-INFO-[日志信息]: pageList_success request success
Mon, 20 Dec 2021 19:35:30-conftest.py-pageList.py-[line:47]-INFO-[日志信息]: pageList_success request success
Mon, 20 Dec 2021 19:35:46-conftest.py-pageList.py-[line:47]-INFO-[日志信息]: pageList_success request success
Mon, 20 Dec 2021 19:37:29-pytest-login.py-[line:35]-INFO-[日志信息]: user_login_success request success
Mon, 20 Dec 2021 19:37:30-pytest-pageList.py-[line:47]-INFO-[日志信息]: pageList_success request success
Mon, 20 Dec 2021 19:37:30-pytest-findRecipeInfoByOrderNo.py-[line:36]-INFO-[日志信息]: getRecipeInfoByOrderNo_success request success
Mon, 20 Dec 2021 19:37:30-pytest-searchSuppliers.py-[line:30]-INFO-[日志信息]: searchSuppliers_success request success
Mon, 20 Dec 2021 19:37:30-pytest-getRecipePrecalculatedFee.py-[line:37]-INFO-[日志信息]: getRecipePrecalculatedFee_success request success
Mon, 20 Dec 2021 19:37:30-pytest-getRecipePrecalculatedFee.py-[line:37]-INFO-[日志信息]: getRecipePrecalculatedFee_success request success
Mon, 20 Dec 2021 19:37:30-pytest-searchSuppliers.py-[line:30]-INFO-[日志信息]: searchSuppliers_success request success
Mon, 20 Dec 2021 19:37:31-pytest-searchSuppliers.py-[line:30]-INFO-[日志信息]: searchSuppliers_success request success
Mon, 20 Dec 2021 19:40:14-pytest-login.py-[line:35]-INFO-[日志信息]: user_login_success request success
Mon, 20 Dec 2021 19:40:14-pytest-pageList.py-[line:47]-INFO-[日志信息]: pageList_success request success
Mon, 20 Dec 2021 19:40:14-pytest-findRecipeInfoByOrderNo.py-[line:36]-INFO-[日志信息]: getRecipeInfoByOrderNo_success request success
Mon, 20 Dec 2021 19:40:15-pytest-searchSuppliers.py-[line:30]-INFO-[日志信息]: searchSuppliers_success request success
Mon, 20 Dec 2021 19:40:15-pytest-getRecipePrecalculatedFee.py-[line:37]-INFO-[日志信息]: getRecipePrecalculatedFee_success request success
Mon, 20 Dec 2021 19:40:15-pytest-getRecipePrecalculatedFee.py-[line:37]-INFO-[日志信息]: getRecipePrecalculatedFee_success request success
Mon, 20 Dec 2021 19:40:15-pytest-searchSuppliers.py-[line:30]-INFO-[日志信息]: searchSuppliers_success request success
Mon, 20 Dec 2021 19:40:15-pytest-searchSuppliers.py-[line:30]-INFO-[日志信息]: searchSuppliers_success request success
Mon, 20 Dec 2021 19:41:59-pytest-login.py-[line:35]-INFO-[日志信息]: user_login_success request success
Mon, 20 Dec 2021 19:41:59-pytest-pageList.py-[line:47]-INFO-[日志信息]: pageList_success request success
Mon, 20 Dec 2021 19:41:59-pytest-findRecipeInfoByOrderNo.py-[line:36]-INFO-[日志信息]: getRecipeInfoByOrderNo_success request success
Mon, 20 Dec 2021 19:41:59-pytest-searchSuppliers.py-[line:30]-INFO-[日志信息]: searchSuppliers_success request success
Mon, 20 Dec 2021 19:41:59-pytest-getRecipePrecalculatedFee.py-[line:37]-INFO-[日志信息]: getRecipePrecalculatedFee_success request success
Mon, 20 Dec 2021 19:41:59-pytest-getRecipePrecalculatedFee.py-[line:37]-INFO-[日志信息]: getRecipePrecalculatedFee_success request success
Mon, 20 Dec 2021 19:42:00-pytest-searchSuppliers.py-[line:30]-INFO-[日志信息]: searchSuppliers_success request success
Mon, 20 Dec 2021 19:42:00-pytest-searchSuppliers.py-[line:30]-INFO-[日志信息]: searchSuppliers_success request success
Mon, 20 Dec 2021 19:43:18-pytest-login.py-[line:35]-INFO-[日志信息]: user_login_success request success
Mon, 20 Dec 2021 19:43:18-pytest-pageList.py-[line:47]-INFO-[日志信息]: pageList_success request success
Mon, 20 Dec 2021 19:43:18-pytest-findRecipeInfoByOrderNo.py-[line:36]-INFO-[日志信息]: getRecipeInfoByOrderNo_success request success
Mon, 20 Dec 2021 19:43:18-pytest-searchSuppliers.py-[line:30]-INFO-[日志信息]: searchSuppliers_success request success
Mon, 20 Dec 2021 19:43:18-pytest-getRecipePrecalculatedFee.py-[line:37]-INFO-[日志信息]: getRecipePrecalculatedFee_success request success
Mon, 20 Dec 2021 19:43:18-pytest-getRecipePrecalculatedFee.py-[line:37]-INFO-[日志信息]: getRecipePrecalculatedFee_success request success
Mon, 20 Dec 2021 19:43:18-pytest-searchSuppliers.py-[line:30]-INFO-[日志信息]: searchSuppliers_success request success
Mon, 20 Dec 2021 19:43:19-pytest-searchSuppliers.py-[line:30]-INFO-[日志信息]: searchSuppliers_success request success
Mon, 20 Dec 2021 19:43:59-pytest-login.py-[line:35]-INFO-[日志信息]: user_login_success request success
Mon, 20 Dec 2021 19:43:59-pytest-pageList.py-[line:47]-INFO-[日志信息]: pageList_success request success
Mon, 20 Dec 2021 19:43:59-pytest-findRecipeInfoByOrderNo.py-[line:36]-INFO-[日志信息]: getRecipeInfoByOrderNo_success request success
Mon, 20 Dec 2021 19:44:00-pytest-searchSuppliers.py-[line:30]-INFO-[日志信息]: searchSuppliers_success request success
Mon, 20 Dec 2021 19:44:00-pytest-getRecipePrecalculatedFee.py-[line:37]-INFO-[日志信息]: getRecipePrecalculatedFee_success request success
Mon, 20 Dec 2021 19:44:00-pytest-getRecipePrecalculatedFee.py-[line:37]-INFO-[日志信息]: getRecipePrecalculatedFee_success request success
Mon, 20 Dec 2021 19:44:00-pytest-searchSuppliers.py-[line:30]-INFO-[日志信息]: searchSuppliers_success request success
Mon, 20 Dec 2021 19:44:00-pytest-searchSuppliers.py-[line:30]-INFO-[日志信息]: searchSuppliers_success request success
Mon, 20 Dec 2021 19:45:01-test_createRecipeOrder.py-login.py-[line:35]-INFO-[日志信息]: user_login_success request success
Mon, 20 Dec 2021 19:45:01-test_createRecipeOrder.py-pageList.py-[line:47]-INFO-[日志信息]: pageList_success request success
Mon, 20 Dec 2021 19:45:01-test_createRecipeOrder.py-findRecipeInfoByOrderNo.py-[line:36]-INFO-[日志信息]: getRecipeInfoByOrderNo_success request success
Mon, 20 Dec 2021 19:45:02-test_createRecipeOrder.py-searchSuppliers.py-[line:30]-INFO-[日志信息]: searchSuppliers_success request success
Mon, 20 Dec 2021 19:45:02-test_createRecipeOrder.py-getRecipePrecalculatedFee.py-[line:37]-INFO-[日志信息]: getRecipePrecalculatedFee_success request success
Mon, 20 Dec 2021 19:48:42-pytest-login.py-[line:38]-ERROR-[日志信息]: user_login_success request faild,throw error:HTTPSConnectionPool(host='hcnih.bsoft.com.cn', port=443): Max retries exceeded with url: /logon/login (Caused by SSLError(SSLError(1, u'[SSL: UNKNOWN_PROTOCOL] unknown protocol (_ssl.c:727)'),))
Mon, 20 Dec 2021 19:48:53-pytest-login.py-[line:35]-INFO-[日志信息]: user_login_success request success
Mon, 20 Dec 2021 19:48:53-pytest-pageList.py-[line:47]-INFO-[日志信息]: pageList_success request success
Mon, 20 Dec 2021 19:48:53-pytest-findRecipeInfoByOrderNo.py-[line:36]-INFO-[日志信息]: getRecipeInfoByOrderNo_success request success
Mon, 20 Dec 2021 19:48:54-pytest-searchSuppliers.py-[line:30]-INFO-[日志信息]: searchSuppliers_success request success
Mon, 20 Dec 2021 19:48:54-pytest-getRecipePrecalculatedFee.py-[line:37]-INFO-[日志信息]: getRecipePrecalculatedFee_success request success
Mon, 20 Dec 2021 19:48:54-pytest-createRecipeOrder.py-[line:67]-INFO-[日志信息]: createRecipeOrder_success request success
Mon, 20 Dec 2021 19:48:54-pytest-getRecipePrecalculatedFee.py-[line:37]-INFO-[日志信息]: getRecipePrecalculatedFee_success request success
Mon, 20 Dec 2021 19:48:54-pytest-searchSuppliers.py-[line:30]-INFO-[日志信息]: searchSuppliers_success request success
Mon, 20 Dec 2021 19:48:54-pytest-searchSuppliers.py-[line:30]-INFO-[日志信息]: searchSuppliers_success request success
Mon, 20 Dec 2021 19:51:34-pytest-login.py-[line:35]-INFO-[日志信息]: user_login_success request success
Mon, 20 Dec 2021 19:51:34-pytest-pageList.py-[line:47]-INFO-[日志信息]: pageList_success request success
Mon, 20 Dec 2021 19:51:34-pytest-findRecipeInfoByOrderNo.py-[line:36]-INFO-[日志信息]: getRecipeInfoByOrderNo_success request success
Mon, 20 Dec 2021 19:51:34-pytest-searchSuppliers.py-[line:30]-INFO-[日志信息]: searchSuppliers_success request success
Mon, 20 Dec 2021 19:51:35-pytest-getRecipePrecalculatedFee.py-[line:37]-INFO-[日志信息]: getRecipePrecalculatedFee_success request success
Mon, 20 Dec 2021 19:51:35-pytest-createRecipeOrder.py-[line:67]-INFO-[日志信息]: createRecipeOrder_success request success
Mon, 20 Dec 2021 19:51:35-pytest-getRecipePrecalculatedFee.py-[line:37]-INFO-[日志信息]: getRecipePrecalculatedFee_success request success
Mon, 20 Dec 2021 19:51:35-pytest-searchSuppliers.py-[line:30]-INFO-[日志信息]: searchSuppliers_success request success
Mon, 20 Dec 2021 19:51:35-pytest-searchSuppliers.py-[line:30]-INFO-[日志信息]: searchSuppliers_success request success
Mon, 20 Dec 2021 19:57:54-pytest-login.py-[line:35]-INFO-[日志信息]: user_login_success request success
Mon, 20 Dec 2021 19:57:54-pytest-pageList.py-[line:47]-INFO-[日志信息]: pageList_success request success
Mon, 20 Dec 2021 19:57:55-pytest-findRecipeInfoByOrderNo.py-[line:36]-INFO-[日志信息]: getRecipeInfoByOrderNo_success request success
Mon, 20 Dec 2021 19:57:55-pytest-searchSuppliers.py-[line:30]-INFO-[日志信息]: searchSuppliers_success request success
Mon, 20 Dec 2021 19:57:55-pytest-getRecipePrecalculatedFee.py-[line:37]-INFO-[日志信息]: getRecipePrecalculatedFee_success request success
Mon, 20 Dec 2021 19:57:55-pytest-createRecipeOrder.py-[line:67]-INFO-[日志信息]: createRecipeOrder_success request success
Mon, 20 Dec 2021 19:57:55-pytest-getRecipePrecalculatedFee.py-[line:37]-INFO-[日志信息]: getRecipePrecalculatedFee_success request success
Mon, 20 Dec 2021 19:57:55-pytest-searchSuppliers.py-[line:30]-INFO-[日志信息]: searchSuppliers_success request success
Mon, 20 Dec 2021 19:57:55-pytest-searchSuppliers.py-[line:30]-INFO-[日志信息]: searchSuppliers_success request success
Mon, 20 Dec 2021 19:59:11-pytest-login.py-[line:35]-INFO-[日志信息]: user_login_success request success
Mon, 20 Dec 2021 19:59:11-pytest-pageList.py-[line:47]-INFO-[日志信息]: pageList_success request success
Mon, 20 Dec 2021 19:59:11-pytest-findRecipeInfoByOrderNo.py-[line:36]-INFO-[日志信息]: getRecipeInfoByOrderNo_success request success
Mon, 20 Dec 2021 19:59:11-pytest-searchSuppliers.py-[line:30]-INFO-[日志信息]: searchSuppliers_success request success
Mon, 20 Dec 2021 19:59:11-pytest-getRecipePrecalculatedFee.py-[line:37]-INFO-[日志信息]: getRecipePrecalculatedFee_success request success
Mon, 20 Dec 2021 19:59:12-pytest-createRecipeOrder.py-[line:67]-INFO-[日志信息]: createRecipeOrder_success request success
Mon, 20 Dec 2021 19:59:12-pytest-getRecipePrecalculatedFee.py-[line:37]-INFO-[日志信息]: getRecipePrecalculatedFee_success request success
Mon, 20 Dec 2021 19:59:12-pytest-searchSuppliers.py-[line:30]-INFO-[日志信息]: searchSuppliers_success request success
Mon, 20 Dec 2021 19:59:12-pytest-searchSuppliers.py-[line:30]-INFO-[日志信息]: searchSuppliers_success request success
Mon, 20 Dec 2021 20:02:31-pytest-login.py-[line:38]-ERROR-[日志信息]: user_login_success request faild,throw error:HTTPSConnectionPool(host='hcnih.bsoft.com.cn', port=443): Max retries exceeded with url: /logon/login (Caused by SSLError(SSLError(1, u'[SSL: UNKNOWN_PROTOCOL] unknown protocol (_ssl.c:727)'),))
Mon, 20 Dec 2021 20:02:43-pytest-login.py-[line:35]-INFO-[日志信息]: user_login_success request success
Mon, 20 Dec 2021 20:02:43-pytest-pageList.py-[line:47]-INFO-[日志信息]: pageList_success request success
Mon, 20 Dec 2021 20:02:43-pytest-findRecipeInfoByOrderNo.py-[line:36]-INFO-[日志信息]: getRecipeInfoByOrderNo_success request success
Mon, 20 Dec 2021 20:02:43-pytest-searchSuppliers.py-[line:30]-INFO-[日志信息]: searchSuppliers_success request success
Mon, 20 Dec 2021 20:02:43-pytest-getRecipePrecalculatedFee.py-[line:37]-INFO-[日志信息]: getRecipePrecalculatedFee_success request success
Mon, 20 Dec 2021 20:02:43-pytest-createRecipeOrder.py-[line:67]-INFO-[日志信息]: createRecipeOrder_success request success
Mon, 20 Dec 2021 20:02:43-pytest-getRecipePrecalculatedFee.py-[line:37]-INFO-[日志信息]: getRecipePrecalculatedFee_success request success
Mon, 20 Dec 2021 20:02:43-pytest-searchSuppliers.py-[line:30]-INFO-[日志信息]: searchSuppliers_success request success
Mon, 20 Dec 2021 20:02:43-pytest-searchSuppliers.py-[line:30]-INFO-[日志信息]: searchSuppliers_success request success
Mon, 20 Dec 2021 20:03:23-pytest-login.py-[line:35]-INFO-[日志信息]: user_login_success request success
Mon, 20 Dec 2021 20:03:23-pytest-pageList.py-[line:47]-INFO-[日志信息]: pageList_success request success
Mon, 20 Dec 2021 20:03:23-pytest-findRecipeInfoByOrderNo.py-[line:36]-INFO-[日志信息]: getRecipeInfoByOrderNo_success request success
Mon, 20 Dec 2021 20:03:23-pytest-searchSuppliers.py-[line:30]-INFO-[日志信息]: searchSuppliers_success request success
Mon, 20 Dec 2021 20:03:23-pytest-getRecipePrecalculatedFee.py-[line:37]-INFO-[日志信息]: getRecipePrecalculatedFee_success request success
Mon, 20 Dec 2021 20:03:24-pytest-createRecipeOrder.py-[line:67]-INFO-[日志信息]: createRecipeOrder_success request success
Mon, 20 Dec 2021 20:03:24-pytest-getRecipePrecalculatedFee.py-[line:37]-INFO-[日志信息]: getRecipePrecalculatedFee_success request success
Mon, 20 Dec 2021 20:03:24-pytest-searchSuppliers.py-[line:30]-INFO-[日志信息]: searchSuppliers_success request success
Mon, 20 Dec 2021 20:03:24-pytest-searchSuppliers.py-[line:30]-INFO-[日志信息]: searchSuppliers_success request success
Mon, 20 Dec 2021 20:04:13-pytest-login.py-[line:35]-INFO-[日志信息]: user_login_success request success
Mon, 20 Dec 2021 20:04:13-pytest-pageList.py-[line:47]-INFO-[日志信息]: pageList_success request success
Mon, 20 Dec 2021 20:04:13-pytest-findRecipeInfoByOrderNo.py-[line:36]-INFO-[日志信息]: getRecipeInfoByOrderNo_success request success
Mon, 20 Dec 2021 20:04:13-pytest-searchSuppliers.py-[line:30]-INFO-[日志信息]: searchSuppliers_success request success
Mon, 20 Dec 2021 20:04:13-pytest-getRecipePrecalculatedFee.py-[line:37]-INFO-[日志信息]: getRecipePrecalculatedFee_success request success
Mon, 20 Dec 2021 20:04:14-pytest-createRecipeOrder.py-[line:67]-INFO-[日志信息]: createRecipeOrder_success request success
Mon, 20 Dec 2021 20:04:14-pytest-getRecipePrecalculatedFee.py-[line:37]-INFO-[日志信息]: getRecipePrecalculatedFee_success request success
Mon, 20 Dec 2021 20:04:14-pytest-searchSuppliers.py-[line:30]-INFO-[日志信息]: searchSuppliers_success request success
Mon, 20 Dec 2021 20:04:14-pytest-searchSuppliers.py-[line:30]-INFO-[日志信息]: searchSuppliers_success request success
