Sun, 12 Dec 2021 13:03:34-test_pharmacist_login.py-login.py-[line:77]-INFO-[日志信息]: pharmacist_login_success request success
Sun, 12 Dec 2021 13:24:57-test_repiceSearch.py-login.py-[line:77]-INFO-[日志信息]: pharmacist_login_success request success
Sun, 12 Dec 2021 13:24:59-test_repiceSearch.py-pageList.py-[line:28]-INFO-[日志信息]: repice_search_success request success
Sun, 12 Dec 2021 13:25:45-test_repiceSearch.py-login.py-[line:77]-INFO-[日志信息]: pharmacist_login_success request success
Sun, 12 Dec 2021 13:25:45-test_repiceSearch.py-pageList.py-[line:28]-INFO-[日志信息]: repice_search_success request success
Sun, 12 Dec 2021 13:28:23-test_repiceSearch.py-login.py-[line:77]-INFO-[日志信息]: pharmacist_login_success request success
Sun, 12 Dec 2021 13:28:23-test_repiceSearch.py-pageList.py-[line:44]-INFO-[日志信息]: repice_search_success request success
Sun, 12 Dec 2021 13:29:16-test_repiceSearch.py-login.py-[line:77]-INFO-[日志信息]: pharmacist_login_success request success
Sun, 12 Dec 2021 13:29:16-test_repiceSearch.py-pageList.py-[line:44]-INFO-[日志信息]: repice_search_success request success
Sun, 12 Dec 2021 13:29:30-test_repiceSearch.py-login.py-[line:77]-INFO-[日志信息]: pharmacist_login_success request success
Sun, 12 Dec 2021 13:29:30-test_repiceSearch.py-pageList.py-[line:44]-INFO-[日志信息]: repice_search_success request success
Sun, 12 Dec 2021 13:30:31-test_repiceSearch.py-login.py-[line:77]-INFO-[日志信息]: pharmacist_login_success request success
Sun, 12 Dec 2021 13:30:31-test_repiceSearch.py-pageList.py-[line:47]-ERROR-[日志信息]: repice_search_success request faild,throw error:too many values to unpack
Sun, 12 Dec 2021 13:31:14-test_repiceSearch.py-login.py-[line:77]-INFO-[日志信息]: pharmacist_login_success request success
Sun, 12 Dec 2021 13:31:14-test_repiceSearch.py-pageList.py-[line:47]-ERROR-[日志信息]: repice_search_success request faild,throw error:too many values to unpack
Sun, 12 Dec 2021 13:31:52-test_repiceSearch.py-login.py-[line:77]-INFO-[日志信息]: pharmacist_login_success request success
Sun, 12 Dec 2021 13:31:52-test_repiceSearch.py-pageList.py-[line:47]-ERROR-[日志信息]: repice_search_success request faild,throw error:too many values to unpack
Sun, 12 Dec 2021 13:32:16-test_repiceSearch.py-login.py-[line:77]-INFO-[日志信息]: pharmacist_login_success request success
Sun, 12 Dec 2021 13:32:16-test_repiceSearch.py-pageList.py-[line:47]-ERROR-[日志信息]: repice_search_success request faild,throw error:too many values to unpack
Sun, 12 Dec 2021 13:32:45-test_repiceSearch.py-login.py-[line:77]-INFO-[日志信息]: pharmacist_login_success request success
Sun, 12 Dec 2021 13:32:45-test_repiceSearch.py-pageList.py-[line:47]-ERROR-[日志信息]: repice_search_success request faild,throw error:too many values to unpack
Sun, 12 Dec 2021 13:34:09-test_repiceSearch.py-login.py-[line:77]-INFO-[日志信息]: pharmacist_login_success request success
Sun, 12 Dec 2021 13:34:09-test_repiceSearch.py-pageList.py-[line:47]-ERROR-[日志信息]: repice_search_success request faild,throw error:too many values to unpack
Sun, 12 Dec 2021 13:35:00-test_repiceSearch.py-login.py-[line:77]-INFO-[日志信息]: pharmacist_login_success request success
Sun, 12 Dec 2021 13:35:00-test_repiceSearch.py-pageList.py-[line:47]-ERROR-[日志信息]: repice_search_success request faild,throw error:too many values to unpack
Sun, 12 Dec 2021 13:35:55-test_repiceSearch.py-login.py-[line:77]-INFO-[日志信息]: pharmacist_login_success request success
Sun, 12 Dec 2021 13:35:55-test_repiceSearch.py-pageList.py-[line:47]-ERROR-[日志信息]: repice_search_success request faild,throw error:too many values to unpack
Sun, 12 Dec 2021 13:36:15-test_repiceSearch.py-login.py-[line:77]-INFO-[日志信息]: pharmacist_login_success request success
Sun, 12 Dec 2021 13:36:15-test_repiceSearch.py-pageList.py-[line:47]-ERROR-[日志信息]: repice_search_success request faild,throw error:too many values to unpack
Sun, 12 Dec 2021 13:36:58-test_repiceSearch.py-login.py-[line:77]-INFO-[日志信息]: pharmacist_login_success request success
Sun, 12 Dec 2021 13:36:58-test_repiceSearch.py-pageList.py-[line:44]-INFO-[日志信息]: repice_search_success request success
Sun, 12 Dec 2021 13:37:36-test_repiceSearch.py-login.py-[line:77]-INFO-[日志信息]: pharmacist_login_success request success
Sun, 12 Dec 2021 13:37:36-test_repiceSearch.py-pageList.py-[line:44]-INFO-[日志信息]: repice_search_success request success
Sun, 12 Dec 2021 13:37:47-test_repiceSearch.py-login.py-[line:77]-INFO-[日志信息]: pharmacist_login_success request success
Sun, 12 Dec 2021 13:37:47-test_repiceSearch.py-pageList.py-[line:44]-INFO-[日志信息]: repice_search_success request success
Sun, 12 Dec 2021 13:38:06-test_repiceSearch.py-login.py-[line:77]-INFO-[日志信息]: pharmacist_login_success request success
Sun, 12 Dec 2021 13:38:06-test_repiceSearch.py-pageList.py-[line:44]-INFO-[日志信息]: repice_search_success request success
Sun, 12 Dec 2021 13:42:46-test_repiceSearch.py-login.py-[line:77]-INFO-[日志信息]: pharmacist_login_success request success
Sun, 12 Dec 2021 13:42:46-test_repiceSearch.py-pageList.py-[line:47]-ERROR-[日志信息]: repice_search_success request faild,throw error:too many values to unpack
Sun, 12 Dec 2021 13:43:06-test_repiceSearch.py-login.py-[line:77]-INFO-[日志信息]: pharmacist_login_success request success
Sun, 12 Dec 2021 13:43:06-test_repiceSearch.py-pageList.py-[line:44]-INFO-[日志信息]: repice_search_success request success
Sun, 12 Dec 2021 13:43:53-test_repiceSearch.py-login.py-[line:77]-INFO-[日志信息]: pharmacist_login_success request success
Sun, 12 Dec 2021 13:43:53-test_repiceSearch.py-pageList.py-[line:44]-INFO-[日志信息]: repice_search_success request success
Sun, 12 Dec 2021 13:48:03-test_repiceSearch.py-login.py-[line:77]-INFO-[日志信息]: pharmacist_login_success request success
Sun, 12 Dec 2021 13:48:03-test_repiceSearch.py-pageList.py-[line:44]-INFO-[日志信息]: repice_search_success request success
Sun, 12 Dec 2021 19:03:44-test_repiceSearch.py-login.py-[line:77]-INFO-[日志信息]: pharmacist_login_success request success
Sun, 12 Dec 2021 19:03:44-test_repiceSearch.py-pageList.py-[line:44]-INFO-[日志信息]: search_success request success
Sun, 12 Dec 2021 19:04:36-test_repiceSearch.py-login.py-[line:77]-INFO-[日志信息]: pharmacist_login_success request success
Sun, 12 Dec 2021 19:04:36-test_repiceSearch.py-pageList.py-[line:44]-INFO-[日志信息]: repice_search_success request success
Sun, 12 Dec 2021 19:30:59-test_repiceSearch.py-login.py-[line:77]-INFO-[日志信息]: pharmacist_login_success request success
Sun, 12 Dec 2021 19:30:59-test_repiceSearch.py-pageList.py-[line:44]-INFO-[日志信息]: repice_search_success request success
Sun, 12 Dec 2021 19:31:17-test_repiceSearch.py-login.py-[line:77]-INFO-[日志信息]: pharmacist_login_success request success
Sun, 12 Dec 2021 19:31:18-test_repiceSearch.py-pageList.py-[line:44]-INFO-[日志信息]: repice_search_success request success
Sun, 12 Dec 2021 19:31:54-test_repiceCheck.py-login.py-[line:77]-INFO-[日志信息]: pharmacist_login_success request success
Sun, 12 Dec 2021 19:31:54-test_repiceCheck.py-pageList.py-[line:44]-INFO-[日志信息]: repice_search_success request success
Sun, 12 Dec 2021 19:31:54-test_repiceCheck.py-repiceCheck.py-[line:27]-INFO-[日志信息]: repice_checkStusta_success request success
Sun, 12 Dec 2021 19:32:23-test_repiceSearch.py-login.py-[line:77]-INFO-[日志信息]: pharmacist_login_success request success
Sun, 12 Dec 2021 19:32:23-test_repiceSearch.py-pageList.py-[line:44]-INFO-[日志信息]: repice_search_success request success
Sun, 12 Dec 2021 19:32:32-test_repiceCheck.py-login.py-[line:77]-INFO-[日志信息]: pharmacist_login_success request success
Sun, 12 Dec 2021 19:32:33-test_repiceCheck.py-pageList.py-[line:44]-INFO-[日志信息]: repice_search_success request success
Sun, 12 Dec 2021 19:32:33-test_repiceCheck.py-repiceCheck.py-[line:27]-INFO-[日志信息]: repice_checkStusta_success request success
Sun, 12 Dec 2021 19:35:19-test_repiceSearch.py-login.py-[line:77]-INFO-[日志信息]: pharmacist_login_success request success
Sun, 12 Dec 2021 19:35:19-test_repiceSearch.py-pageList.py-[line:44]-INFO-[日志信息]: repice_search_success request success
Sun, 12 Dec 2021 19:35:28-test_repiceCheck.py-login.py-[line:77]-INFO-[日志信息]: pharmacist_login_success request success
Sun, 12 Dec 2021 19:35:28-test_repiceCheck.py-pageList.py-[line:44]-INFO-[日志信息]: repice_search_success request success
Sun, 12 Dec 2021 19:35:28-test_repiceCheck.py-repiceCheck.py-[line:27]-INFO-[日志信息]: repice_checkStusta_success request success
Sun, 12 Dec 2021 19:36:07-test_repiceCheck.py-login.py-[line:77]-INFO-[日志信息]: pharmacist_login_success request success
Sun, 12 Dec 2021 19:36:08-test_repiceCheck.py-pageList.py-[line:44]-INFO-[日志信息]: repice_search_success request success
Sun, 12 Dec 2021 19:36:08-test_repiceCheck.py-repiceCheck.py-[line:27]-INFO-[日志信息]: repice_checkStusta_success request success
Sun, 12 Dec 2021 19:36:51-test_repiceCheck.py-login.py-[line:77]-INFO-[日志信息]: pharmacist_login_success request success
Sun, 12 Dec 2021 19:36:51-test_repiceCheck.py-pageList.py-[line:44]-INFO-[日志信息]: repice_search_success request success
Sun, 12 Dec 2021 19:36:51-test_repiceCheck.py-repiceCheck.py-[line:27]-INFO-[日志信息]: repice_checkStusta_success request success
Sun, 12 Dec 2021 19:39:01-test_repiceCheck.py-login.py-[line:77]-INFO-[日志信息]: pharmacist_login_success request success
Sun, 12 Dec 2021 19:39:01-test_repiceCheck.py-pageList.py-[line:44]-INFO-[日志信息]: repice_search_success request success
Sun, 12 Dec 2021 19:39:02-test_repiceCheck.py-repiceCheck.py-[line:27]-INFO-[日志信息]: repice_checkStusta_success request success
Sun, 12 Dec 2021 19:43:07-test_repiceCheck.py-login.py-[line:77]-INFO-[日志信息]: pharmacist_login_success request success
Sun, 12 Dec 2021 19:43:07-test_repiceCheck.py-pageList.py-[line:44]-INFO-[日志信息]: repice_search_success request success
Sun, 12 Dec 2021 19:43:07-test_repiceCheck.py-repiceCheck.py-[line:27]-INFO-[日志信息]: repice_checkStusta_success request success
Sun, 12 Dec 2021 19:44:33-test_repiceCheck.py-login.py-[line:77]-INFO-[日志信息]: pharmacist_login_success request success
Sun, 12 Dec 2021 19:44:33-test_repiceCheck.py-pageList.py-[line:44]-INFO-[日志信息]: repice_search_success request success
Sun, 12 Dec 2021 19:44:33-test_repiceCheck.py-repiceCheck.py-[line:30]-INFO-[日志信息]: repice_checkStusta_success request success
Sun, 12 Dec 2021 19:46:09-test_repiceCheck.py-login.py-[line:77]-INFO-[日志信息]: pharmacist_login_success request success
Sun, 12 Dec 2021 19:46:09-test_repiceCheck.py-pageList.py-[line:44]-INFO-[日志信息]: repice_search_success request success
Sun, 12 Dec 2021 19:46:09-test_repiceCheck.py-repiceCheck.py-[line:30]-INFO-[日志信息]: repice_checkStusta_success request success
Sun, 12 Dec 2021 19:46:18-test_repiceCheck.py-login.py-[line:77]-INFO-[日志信息]: pharmacist_login_success request success
Sun, 12 Dec 2021 19:46:18-test_repiceCheck.py-pageList.py-[line:44]-INFO-[日志信息]: repice_search_success request success
Sun, 12 Dec 2021 19:46:18-test_repiceCheck.py-repiceCheck.py-[line:30]-INFO-[日志信息]: repice_checkStusta_success request success
Sun, 12 Dec 2021 19:47:22-test_repiceCheck.py-login.py-[line:77]-INFO-[日志信息]: pharmacist_login_success request success
Sun, 12 Dec 2021 19:47:22-test_repiceCheck.py-pageList.py-[line:44]-INFO-[日志信息]: repice_search_success request success
Sun, 12 Dec 2021 19:47:22-test_repiceCheck.py-repiceCheck.py-[line:30]-INFO-[日志信息]: repice_checkStusta_success request success
Sun, 12 Dec 2021 19:47:48-test_repiceCheck.py-login.py-[line:77]-INFO-[日志信息]: pharmacist_login_success request success
Sun, 12 Dec 2021 19:47:48-test_repiceCheck.py-pageList.py-[line:44]-INFO-[日志信息]: repice_search_success request success
Sun, 12 Dec 2021 19:47:48-test_repiceCheck.py-repiceCheck.py-[line:27]-INFO-[日志信息]: repice_checkStusta_success request success
Sun, 12 Dec 2021 19:48:05-test_repiceCheck.py-login.py-[line:77]-INFO-[日志信息]: pharmacist_login_success request success
Sun, 12 Dec 2021 19:48:05-test_repiceCheck.py-pageList.py-[line:44]-INFO-[日志信息]: repice_search_success request success
Sun, 12 Dec 2021 19:48:05-test_repiceCheck.py-repiceCheck.py-[line:27]-INFO-[日志信息]: repice_checkStusta_success request success
Sun, 12 Dec 2021 19:48:34-test_repiceCheck.py-login.py-[line:77]-INFO-[日志信息]: pharmacist_login_success request success
Sun, 12 Dec 2021 19:48:34-test_repiceCheck.py-pageList.py-[line:44]-INFO-[日志信息]: repice_search_success request success
Sun, 12 Dec 2021 19:48:34-test_repiceCheck.py-repiceCheck.py-[line:27]-INFO-[日志信息]: repice_checkStusta_success request success
Sun, 12 Dec 2021 19:49:03-test_repiceCheck.py-login.py-[line:77]-INFO-[日志信息]: pharmacist_login_success request success
Sun, 12 Dec 2021 19:49:03-test_repiceCheck.py-pageList.py-[line:44]-INFO-[日志信息]: repice_search_success request success
Sun, 12 Dec 2021 19:49:03-test_repiceCheck.py-repiceCheck.py-[line:27]-INFO-[日志信息]: repice_checkStusta_success request success
Sun, 12 Dec 2021 19:55:14-test_repiceCheck.py-login.py-[line:77]-INFO-[日志信息]: pharmacist_login_success request success
Sun, 12 Dec 2021 19:55:14-test_repiceCheck.py-pageList.py-[line:44]-INFO-[日志信息]: repice_search_success request success
Sun, 12 Dec 2021 19:55:14-test_repiceCheck.py-repiceCheck.py-[line:29]-INFO-[日志信息]: repice_checkStusta_success request success
Sun, 12 Dec 2021 20:26:48-test_repiceCheck.py-login.py-[line:77]-INFO-[日志信息]: pharmacist_login_success request success
Sun, 12 Dec 2021 20:26:48-test_repiceCheck.py-pageList.py-[line:44]-INFO-[日志信息]: repice_search_success request success
Sun, 12 Dec 2021 20:26:48-test_repiceCheck.py-repiceCheck.py-[line:29]-INFO-[日志信息]: repice_checkStusta_success request success
Sun, 12 Dec 2021 20:26:58-test_repiceSearch.py-login.py-[line:77]-INFO-[日志信息]: pharmacist_login_success request success
Sun, 12 Dec 2021 20:26:59-test_repiceSearch.py-pageList.py-[line:44]-INFO-[日志信息]: repice_search_success request success
Sun, 12 Dec 2021 20:27:56-test_repiceCheck.py-login.py-[line:77]-INFO-[日志信息]: pharmacist_login_success request success
Sun, 12 Dec 2021 20:27:56-test_repiceCheck.py-pageList.py-[line:44]-INFO-[日志信息]: repice_search_success request success
Sun, 12 Dec 2021 20:27:56-test_repiceCheck.py-repiceCheck.py-[line:29]-INFO-[日志信息]: repice_checkStusta_success request success
Sun, 12 Dec 2021 20:28:32-test_repiceCheck.py-login.py-[line:77]-INFO-[日志信息]: pharmacist_login_success request success
Sun, 12 Dec 2021 20:28:33-test_repiceCheck.py-pageList.py-[line:44]-INFO-[日志信息]: repice_search_success request success
Sun, 12 Dec 2021 20:28:33-test_repiceCheck.py-repiceCheck.py-[line:29]-INFO-[日志信息]: repice_checkStusta_success request success
Sun, 12 Dec 2021 20:28:43-test_repiceCheck.py-login.py-[line:77]-INFO-[日志信息]: pharmacist_login_success request success
Sun, 12 Dec 2021 20:28:43-test_repiceCheck.py-pageList.py-[line:44]-INFO-[日志信息]: repice_search_success request success
Sun, 12 Dec 2021 20:28:43-test_repiceCheck.py-repiceCheck.py-[line:29]-INFO-[日志信息]: repice_checkStusta_success request success
Sun, 12 Dec 2021 20:29:53-test_repiceCheck.py-login.py-[line:77]-INFO-[日志信息]: pharmacist_login_success request success
Sun, 12 Dec 2021 20:29:53-test_repiceCheck.py-pageList.py-[line:44]-INFO-[日志信息]: repice_search_success request success
Sun, 12 Dec 2021 20:29:55-test_repiceCheck.py-repiceCheck.py-[line:28]-INFO-[日志信息]: repice_checkStusta_success request success
Sun, 12 Dec 2021 20:30:04-test_repiceSearch.py-login.py-[line:77]-INFO-[日志信息]: pharmacist_login_success request success
Sun, 12 Dec 2021 20:30:04-test_repiceSearch.py-pageList.py-[line:44]-INFO-[日志信息]: repice_search_success request success
