Thu, 09 Dec 2021 17:39:21-pytest-login.py-[line:37]-INFO-[日志信息]: doctor_login_success request success
Thu, 09 Dec 2021 17:39:21-pytest-doctorRevisitList.py-[line:28]-INFO-[日志信息]: doctorRevisiList_01_success request success
Thu, 09 Dec 2021 17:39:21-pytest-login.py-[line:37]-INFO-[日志信息]: doctor_login_success request success
Thu, 09 Dec 2021 17:39:22-pytest-login.py-[line:37]-INFO-[日志信息]: user_login_success request success
Thu, 09 Dec 2021 17:39:22-pytest-login.py-[line:37]-INFO-[日志信息]: user_pwd_error request success
Thu, 09 Dec 2021 17:39:22-pytest-login.py-[line:37]-INFO-[日志信息]: user_login_success request success
Thu, 09 Dec 2021 17:49:40-pytest-login.py-[line:37]-INFO-[日志信息]: doctor_login_success request success
Thu, 09 Dec 2021 17:49:41-pytest-doctorRevisitList.py-[line:28]-INFO-[日志信息]: doctorRevisiList_01_success request success
Thu, 09 Dec 2021 17:49:41-pytest-login.py-[line:37]-INFO-[日志信息]: doctor_login_success request success
Thu, 09 Dec 2021 17:49:41-pytest-login.py-[line:37]-INFO-[日志信息]: user_login_success request success
Thu, 09 Dec 2021 17:49:41-pytest-login.py-[line:37]-INFO-[日志信息]: user_pwd_error request success
Thu, 09 Dec 2021 17:49:41-pytest-login.py-[line:37]-INFO-[日志信息]: user_login_success request success
Thu, 09 Dec 2021 17:51:27-pytest-login.py-[line:37]-INFO-[日志信息]: doctor_login_success request success
Thu, 09 Dec 2021 17:51:27-pytest-doctorRevisitList.py-[line:28]-INFO-[日志信息]: doctorRevisiList_01_success request success
Thu, 09 Dec 2021 17:51:27-pytest-login.py-[line:37]-INFO-[日志信息]: doctor_login_success request success
Thu, 09 Dec 2021 17:51:27-pytest-login.py-[line:37]-INFO-[日志信息]: user_login_success request success
Thu, 09 Dec 2021 17:51:27-pytest-login.py-[line:37]-INFO-[日志信息]: user_login_success request success
Thu, 09 Dec 2021 17:57:07-test_login.py-login.py-[line:37]-INFO-[日志信息]: user_login_success request success
Thu, 09 Dec 2021 18:01:05-test_login.py-login.py-[line:37]-INFO-[日志信息]: user_login_success request success
Thu, 09 Dec 2021 18:01:16-test_doctor_login.py-login.py-[line:37]-INFO-[日志信息]: doctor_login_success request success
Thu, 09 Dec 2021 18:01:38-pytest-login.py-[line:37]-INFO-[日志信息]: doctor_login_success request success
Thu, 09 Dec 2021 18:01:38-pytest-doctorRevisitList.py-[line:28]-INFO-[日志信息]: doctorRevisiList_01_success request success
Thu, 09 Dec 2021 18:01:38-pytest-login.py-[line:37]-INFO-[日志信息]: doctor_login_success request success
Thu, 09 Dec 2021 18:01:38-pytest-login.py-[line:37]-INFO-[日志信息]: user_login_success request success
Thu, 09 Dec 2021 18:01:39-pytest-login.py-[line:37]-INFO-[日志信息]: user_login_success request success
Thu, 09 Dec 2021 18:02:59-pytest-login.py-[line:37]-INFO-[日志信息]: doctor_login_success request success
Thu, 09 Dec 2021 18:02:59-pytest-doctorRevisitList.py-[line:28]-INFO-[日志信息]: doctorRevisiList_01_success request success
Thu, 09 Dec 2021 18:02:59-pytest-login.py-[line:37]-INFO-[日志信息]: doctor_login_success request success
Thu, 09 Dec 2021 18:03:00-pytest-login.py-[line:37]-INFO-[日志信息]: user_login_success request success
Thu, 09 Dec 2021 18:03:00-pytest-login.py-[line:37]-INFO-[日志信息]: user_login_success request success
Thu, 09 Dec 2021 18:03:54-pytest-login.py-[line:37]-INFO-[日志信息]: doctor_login_success request success
Thu, 09 Dec 2021 18:03:54-pytest-doctorRevisitList.py-[line:28]-INFO-[日志信息]: doctorRevisiList_01_success request success
Thu, 09 Dec 2021 18:03:54-pytest-login.py-[line:37]-INFO-[日志信息]: doctor_login_success request success
Thu, 09 Dec 2021 18:03:55-pytest-login.py-[line:37]-INFO-[日志信息]: user_login_success request success
Thu, 09 Dec 2021 18:03:55-pytest-login.py-[line:37]-INFO-[日志信息]: user_login_success request success
Thu, 09 Dec 2021 18:05:03-pytest-login.py-[line:37]-INFO-[日志信息]: doctor_login_success request success
Thu, 09 Dec 2021 18:05:03-pytest-doctorRevisitList.py-[line:28]-INFO-[日志信息]: doctorRevisiList_01_success request success
Thu, 09 Dec 2021 18:05:04-pytest-login.py-[line:37]-INFO-[日志信息]: doctor_login_success request success
Thu, 09 Dec 2021 18:05:04-pytest-login.py-[line:37]-INFO-[日志信息]: user_login_success request success
Thu, 09 Dec 2021 18:05:04-pytest-login.py-[line:37]-INFO-[日志信息]: user_login_success request success
Thu, 09 Dec 2021 18:36:35-pytest-login.py-[line:37]-INFO-[日志信息]: doctor_login_success request success
Thu, 09 Dec 2021 18:36:35-pytest-doctorRevisitList.py-[line:28]-INFO-[日志信息]: doctorRevisiList_01_success request success
Thu, 09 Dec 2021 18:36:35-pytest-login.py-[line:37]-INFO-[日志信息]: doctor_login_success request success
Thu, 09 Dec 2021 18:36:35-pytest-login.py-[line:37]-INFO-[日志信息]: user_login_success request success
Thu, 09 Dec 2021 18:36:36-pytest-login.py-[line:37]-INFO-[日志信息]: user_login_success request success
Thu, 09 Dec 2021 18:57:42-pytest-login.py-[line:37]-INFO-[日志信息]: doctor_login_success request success
Thu, 09 Dec 2021 18:57:42-pytest-doctorRevisitList.py-[line:28]-INFO-[日志信息]: doctorRevisiList_01_success request success
Thu, 09 Dec 2021 18:57:43-pytest-login.py-[line:37]-INFO-[日志信息]: doctor_login_success request success
Thu, 09 Dec 2021 18:57:43-pytest-login.py-[line:37]-INFO-[日志信息]: user_login_success request success
Thu, 09 Dec 2021 18:57:43-pytest-login.py-[line:37]-INFO-[日志信息]: user_login_success request success
Thu, 09 Dec 2021 19:07:45-pytest-login.py-[line:37]-INFO-[日志信息]: doctor_login_success request success
Thu, 09 Dec 2021 19:07:46-pytest-doctorRevisitList.py-[line:28]-INFO-[日志信息]: doctorRevisiList_01_success request success
Thu, 09 Dec 2021 19:07:46-pytest-login.py-[line:37]-INFO-[日志信息]: doctor_login_success request success
Thu, 09 Dec 2021 19:07:46-pytest-login.py-[line:37]-INFO-[日志信息]: user_login_success request success
Thu, 09 Dec 2021 19:07:46-pytest-login.py-[line:37]-INFO-[日志信息]: user_login_success request success
Thu, 09 Dec 2021 19:08:23-test_login.py-login.py-[line:37]-INFO-[日志信息]: user_login_success request success
Thu, 09 Dec 2021 19:08:35-test_doctor_login.py-login.py-[line:37]-INFO-[日志信息]: doctor_login_success request success
Thu, 09 Dec 2021 19:09:59-test_login.py-login.py-[line:37]-INFO-[日志信息]: user_login_success request success
Thu, 09 Dec 2021 19:10:12-pytest-login.py-[line:37]-INFO-[日志信息]: doctor_login_success request success
Thu, 09 Dec 2021 19:10:12-pytest-doctorRevisitList.py-[line:28]-INFO-[日志信息]: doctorRevisiList_01_success request success
Thu, 09 Dec 2021 19:10:12-pytest-login.py-[line:37]-INFO-[日志信息]: doctor_login_success request success
Thu, 09 Dec 2021 19:10:12-pytest-login.py-[line:37]-INFO-[日志信息]: user_login_success request success
Thu, 09 Dec 2021 19:10:13-pytest-login.py-[line:37]-INFO-[日志信息]: user_login_success request success
Thu, 09 Dec 2021 19:14:49-test_search.py-login.py-[line:33]-INFO-[日志信息]: user_login_success request success
Thu, 09 Dec 2021 19:14:50-test_search.py-search.py-[line:24]-INFO-[日志信息]: search_success request success
Thu, 09 Dec 2021 19:19:26-test_search.py-login.py-[line:33]-INFO-[日志信息]: user_login_success request success
Thu, 09 Dec 2021 19:19:26-test_search.py-search.py-[line:24]-INFO-[日志信息]: search_success request success
Thu, 09 Dec 2021 19:19:27-test_search.py-getIhDoctorInfo.py-[line:29]-INFO-[日志信息]: getIhDoctorInfo_success request success
Thu, 09 Dec 2021 19:19:29-test_search.py-search.py-[line:24]-INFO-[日志信息]: getFamilyMemberList_success request success
Thu, 09 Dec 2021 19:19:29-test_search.py-submitRevisitDispense.py-[line:34]-INFO-[日志信息]: submitRevisitDispense_success request success
Thu, 09 Dec 2021 19:19:29-test_search.py-getPayChannel.py-[line:28]-INFO-[日志信息]: payChannelByOrg_success request success
Thu, 09 Dec 2021 19:19:30-test_search.py-commonPayOrder.py-[line:29]-INFO-[日志信息]: commonPayOrder_success request success
Thu, 09 Dec 2021 19:19:30-test_search.py-getFamilyMemberList.py-[line:25]-INFO-[日志信息]: getFamilyMemberList_success request success
Thu, 09 Dec 2021 19:19:30-test_search.py-getIhDoctorInfo.py-[line:29]-INFO-[日志信息]: getIhDoctorInfo_success request success
Thu, 09 Dec 2021 19:19:30-test_search.py-getOrder.py-[line:28]-INFO-[日志信息]: getOrder_success request success
Thu, 09 Dec 2021 19:19:31-test_search.py-pageList.py-[line:28]-INFO-[日志信息]: pageList_success request success
Thu, 09 Dec 2021 19:19:31-test_search.py-search.py-[line:24]-INFO-[日志信息]: search_success request success
Thu, 09 Dec 2021 19:23:06-run.py-login.py-[line:34]-INFO-[日志信息]: doctor_login_success request success
Thu, 09 Dec 2021 19:23:06-run.py-doctorRevisitList.py-[line:25]-INFO-[日志信息]: doctorRevisiList_01_success request success
Thu, 09 Dec 2021 19:23:07-run.py-login.py-[line:34]-INFO-[日志信息]: doctor_login_success request success
Thu, 09 Dec 2021 19:23:09-run.py-login.py-[line:34]-INFO-[日志信息]: user_login_success request success
Thu, 09 Dec 2021 19:23:10-run.py-login.py-[line:34]-INFO-[日志信息]: user_login_success request success
Thu, 09 Dec 2021 19:25:24-run.py-login.py-[line:34]-INFO-[日志信息]: doctor_login_success request success
Thu, 09 Dec 2021 19:25:25-run.py-doctorRevisitList.py-[line:25]-INFO-[日志信息]: doctorRevisiList_01_success request success
Thu, 09 Dec 2021 19:25:26-run.py-login.py-[line:34]-INFO-[日志信息]: doctor_login_success request success
Thu, 09 Dec 2021 19:25:27-run.py-login.py-[line:34]-INFO-[日志信息]: user_login_success request success
Thu, 09 Dec 2021 19:25:29-run.py-login.py-[line:34]-INFO-[日志信息]: user_login_success request success
Thu, 09 Dec 2021 19:36:26-run.py-login.py-[line:34]-INFO-[日志信息]: doctor_login_success request success
Thu, 09 Dec 2021 19:36:27-run.py-doctorRevisitList.py-[line:25]-INFO-[日志信息]: doctorRevisiList_01_success request success
Thu, 09 Dec 2021 19:36:28-run.py-login.py-[line:34]-INFO-[日志信息]: doctor_login_success request success
Thu, 09 Dec 2021 19:36:29-run.py-login.py-[line:34]-INFO-[日志信息]: user_login_success request success
Thu, 09 Dec 2021 19:36:31-run.py-login.py-[line:34]-INFO-[日志信息]: user_login_success request success
Thu, 09 Dec 2021 19:37:35-conftest.py-login.py-[line:34]-INFO-[日志信息]: user_login_success request success
Thu, 09 Dec 2021 19:38:37-test_login.py-login.py-[line:34]-INFO-[日志信息]: user_login_success request success
Thu, 09 Dec 2021 19:39:11-test_login.py-login.py-[line:34]-INFO-[日志信息]: user_login_success request success
Thu, 09 Dec 2021 19:40:40-test_doctor_login.py-login.py-[line:34]-INFO-[日志信息]: doctor_login_success request success
Thu, 09 Dec 2021 19:40:55-test_doctor_login.py-login.py-[line:34]-INFO-[日志信息]: doctor_login_success request success
Thu, 09 Dec 2021 19:41:16-test_revisitList.py-login.py-[line:34]-INFO-[日志信息]: doctor_login_success request success
Thu, 09 Dec 2021 19:41:16-test_revisitList.py-doctorRevisitList.py-[line:25]-INFO-[日志信息]: doctorRevisiList_01_success request success
Thu, 09 Dec 2021 19:41:29-test_revisitList.py-login.py-[line:34]-INFO-[日志信息]: doctor_login_success request success
Thu, 09 Dec 2021 19:41:29-test_revisitList.py-doctorRevisitList.py-[line:25]-INFO-[日志信息]: doctorRevisiList_01_success request success
Thu, 09 Dec 2021 19:42:29-test_revisitList.py-login.py-[line:34]-INFO-[日志信息]: doctor_login_success request success
Thu, 09 Dec 2021 19:42:29-test_revisitList.py-doctorRevisitList.py-[line:25]-INFO-[日志信息]: doctorRevisiList_01_success request success
Thu, 09 Dec 2021 19:43:44-test_revisitList.py-login.py-[line:34]-INFO-[日志信息]: doctor_login_success request success
Thu, 09 Dec 2021 19:43:44-test_revisitList.py-doctorRevisitList.py-[line:25]-INFO-[日志信息]: doctorRevisiList_01_success request success
Thu, 09 Dec 2021 19:44:49-run.py-login.py-[line:34]-INFO-[日志信息]: doctor_login_success request success
Thu, 09 Dec 2021 19:44:49-run.py-doctorRevisitList.py-[line:25]-INFO-[日志信息]: doctorRevisiList_01_success request success
Thu, 09 Dec 2021 19:44:50-run.py-login.py-[line:34]-INFO-[日志信息]: doctor_login_success request success
Thu, 09 Dec 2021 19:44:51-run.py-login.py-[line:34]-INFO-[日志信息]: user_login_success request success
Thu, 09 Dec 2021 19:46:33-run.py-login.py-[line:34]-INFO-[日志信息]: doctor_login_success request success
Thu, 09 Dec 2021 19:46:33-run.py-doctorRevisitList.py-[line:25]-INFO-[日志信息]: doctorRevisiList_01_success request success
Thu, 09 Dec 2021 19:46:34-run.py-login.py-[line:34]-INFO-[日志信息]: doctor_login_success request success
Thu, 09 Dec 2021 19:46:36-run.py-login.py-[line:34]-INFO-[日志信息]: user_login_success request success
Thu, 09 Dec 2021 19:52:25-run.py-login.py-[line:56]-INFO-[日志信息]: doctor_login_success request success
Thu, 09 Dec 2021 19:52:26-run.py-doctorRevisitList.py-[line:25]-INFO-[日志信息]: doctorRevisiList_01_success request success
Thu, 09 Dec 2021 19:52:27-run.py-login.py-[line:56]-INFO-[日志信息]: doctor_login_success request success
Thu, 09 Dec 2021 19:52:28-run.py-login.py-[line:34]-INFO-[日志信息]: user_login_success request success
Thu, 09 Dec 2021 19:52:30-run.py-login.py-[line:34]-INFO-[日志信息]: user_login_success request success
Thu, 09 Dec 2021 19:54:06-run.py-login.py-[line:56]-INFO-[日志信息]: doctor_login_success request success
Thu, 09 Dec 2021 19:54:06-run.py-doctorRevisitList.py-[line:25]-INFO-[日志信息]: doctorRevisiList_01_success request success
Thu, 09 Dec 2021 19:54:07-run.py-login.py-[line:56]-INFO-[日志信息]: doctor_login_success request success
Thu, 09 Dec 2021 19:54:09-run.py-login.py-[line:34]-INFO-[日志信息]: user_login_success request success
Thu, 09 Dec 2021 19:54:11-run.py-login.py-[line:34]-INFO-[日志信息]: user_login_success request success
Thu, 09 Dec 2021 19:57:46-test_submitRevisitDispense.py-login.py-[line:34]-INFO-[日志信息]: user_login_success request success
Thu, 09 Dec 2021 19:57:46-test_submitRevisitDispense.py-search.py-[line:24]-INFO-[日志信息]: search_success request success
Thu, 09 Dec 2021 19:57:47-test_submitRevisitDispense.py-getIhDoctorInfo.py-[line:29]-INFO-[日志信息]: getIhDoctorInfo_success request success
Thu, 09 Dec 2021 19:57:47-test_submitRevisitDispense.py-search.py-[line:24]-INFO-[日志信息]: getFamilyMemberList_success request success
Thu, 09 Dec 2021 19:57:47-test_submitRevisitDispense.py-submitRevisitDispense.py-[line:34]-INFO-[日志信息]: submitRevisitDispense_success request success
Thu, 09 Dec 2021 19:58:12-test_search.py-login.py-[line:34]-INFO-[日志信息]: user_login_success request success
Thu, 09 Dec 2021 19:58:12-test_search.py-search.py-[line:24]-INFO-[日志信息]: search_success request success
Thu, 09 Dec 2021 19:58:12-test_search.py-getIhDoctorInfo.py-[line:29]-INFO-[日志信息]: getIhDoctorInfo_success request success
Thu, 09 Dec 2021 19:58:12-test_search.py-search.py-[line:24]-INFO-[日志信息]: getFamilyMemberList_success request success
Thu, 09 Dec 2021 19:58:13-test_search.py-submitRevisitDispense.py-[line:34]-INFO-[日志信息]: submitRevisitDispense_success request success
Thu, 09 Dec 2021 19:58:13-test_search.py-getPayChannel.py-[line:28]-INFO-[日志信息]: payChannelByOrg_success request success
Thu, 09 Dec 2021 19:58:13-test_search.py-commonPayOrder.py-[line:29]-INFO-[日志信息]: commonPayOrder_success request success
Thu, 09 Dec 2021 19:58:13-test_search.py-getFamilyMemberList.py-[line:25]-INFO-[日志信息]: getFamilyMemberList_success request success
Thu, 09 Dec 2021 19:58:14-test_search.py-getIhDoctorInfo.py-[line:29]-INFO-[日志信息]: getIhDoctorInfo_success request success
Thu, 09 Dec 2021 19:58:14-test_search.py-getOrder.py-[line:28]-INFO-[日志信息]: getOrder_success request success
Thu, 09 Dec 2021 19:58:14-test_search.py-pageList.py-[line:28]-INFO-[日志信息]: pageList_success request success
Thu, 09 Dec 2021 19:58:14-test_search.py-search.py-[line:24]-INFO-[日志信息]: search_success request success
Thu, 09 Dec 2021 19:59:26-test_confirmVisit.py-login.py-[line:56]-INFO-[日志信息]: doctor_login_success request success
Thu, 09 Dec 2021 19:59:26-test_confirmVisit.py-doctorRevisitList.py-[line:25]-INFO-[日志信息]: doctorRevisiList_01_success request success
Thu, 09 Dec 2021 19:59:27-test_confirmVisit.py-doctor_confirmVisit.py-[line:28]-INFO-[日志信息]: doctorConfirm_success request success
Thu, 09 Dec 2021 19:59:29-test_confirmVisit.py-uploadRepice.py-[line:38]-INFO-[日志信息]: uploadRepice_success request success
