Thu, 16 Dec 2021 10:26:57-pytest-login.py-[line:35]-INFO-[日志信息]: user_login_success request success
Thu, 16 Dec 2021 10:27:24-pytest-login.py-[line:35]-INFO-[日志信息]: user_login_success request success
Thu, 16 Dec 2021 10:43:34-test_findRecipeInfoByOrderNo.py-login.py-[line:35]-INFO-[日志信息]: user_login_success request success
Thu, 16 Dec 2021 10:44:57-test_findRecipeInfoByOrderNo.py-login.py-[line:35]-INFO-[日志信息]: user_login_success request success
Thu, 16 Dec 2021 10:44:57-test_findRecipeInfoByOrderNo.py-findRecipeInfoByOrderNo.py-[line:35]-INFO-[日志信息]: getRecipeInfoByOrderNo_success request success
Thu, 16 Dec 2021 10:49:03-pytest-login.py-[line:35]-INFO-[日志信息]: user_login_success request success
Thu, 16 Dec 2021 10:49:03-pytest-findRecipeInfoByOrderNo.py-[line:35]-INFO-[日志信息]: getRecipeInfoByOrderNo_success request success
Thu, 16 Dec 2021 10:49:04-pytest-search.py-[line:27]-INFO-[日志信息]: search_success request success
Thu, 16 Dec 2021 10:49:05-pytest-getIhDoctorInfo.py-[line:31]-INFO-[日志信息]: getIhDoctorInfo_success request success
Thu, 16 Dec 2021 10:49:05-pytest-searchSuppliers.py-[line:30]-INFO-[日志信息]: searchSuppliers_success request success
Thu, 16 Dec 2021 10:49:05-pytest-searchSuppliers.py-[line:30]-INFO-[日志信息]: searchSuppliers_success request success
Thu, 16 Dec 2021 10:55:16-pytest-login.py-[line:35]-INFO-[日志信息]: user_login_success request success
Thu, 16 Dec 2021 10:55:16-pytest-findRecipeInfoByOrderNo.py-[line:35]-INFO-[日志信息]: getRecipeInfoByOrderNo_success request success
Thu, 16 Dec 2021 10:55:16-pytest-search.py-[line:27]-INFO-[日志信息]: search_success request success
Thu, 16 Dec 2021 10:55:17-pytest-getIhDoctorInfo.py-[line:31]-INFO-[日志信息]: getIhDoctorInfo_success request success
Thu, 16 Dec 2021 10:55:18-pytest-createRecipeOrder.py-[line:42]-INFO-[日志信息]: createRecipeOrder_success request success
Thu, 16 Dec 2021 10:55:18-pytest-searchSuppliers.py-[line:30]-INFO-[日志信息]: searchSuppliers_success request success
Thu, 16 Dec 2021 10:55:19-pytest-searchSuppliers.py-[line:30]-INFO-[日志信息]: searchSuppliers_success request success
Thu, 16 Dec 2021 10:56:32-pytest-login.py-[line:35]-INFO-[日志信息]: user_login_success request success
Thu, 16 Dec 2021 10:56:32-pytest-findRecipeInfoByOrderNo.py-[line:35]-INFO-[日志信息]: getRecipeInfoByOrderNo_success request success
Thu, 16 Dec 2021 10:56:33-pytest-search.py-[line:27]-INFO-[日志信息]: search_success request success
Thu, 16 Dec 2021 10:56:34-pytest-getIhDoctorInfo.py-[line:31]-INFO-[日志信息]: getIhDoctorInfo_success request success
Thu, 16 Dec 2021 10:56:34-pytest-createRecipeOrder.py-[line:40]-INFO-[日志信息]: createRecipeOrder_success request success
Thu, 16 Dec 2021 10:56:35-pytest-searchSuppliers.py-[line:30]-INFO-[日志信息]: searchSuppliers_success request success
Thu, 16 Dec 2021 10:56:35-pytest-searchSuppliers.py-[line:30]-INFO-[日志信息]: searchSuppliers_success request success
Thu, 16 Dec 2021 17:32:49-test_searchSuppliers.py-login.py-[line:35]-INFO-[日志信息]: user_login_success request success
Thu, 16 Dec 2021 17:32:50-test_searchSuppliers.py-findRecipeInfoByOrderNo.py-[line:35]-INFO-[日志信息]: getRecipeInfoByOrderNo_success request success
Thu, 16 Dec 2021 17:32:50-test_searchSuppliers.py-searchSuppliers.py-[line:30]-INFO-[日志信息]: searchSuppliers_success request success
Thu, 16 Dec 2021 17:32:50-test_searchSuppliers.py-searchSuppliers.py-[line:30]-INFO-[日志信息]: searchSuppliers_success request success
Thu, 16 Dec 2021 18:16:55-test_searchSuppliers.py-login.py-[line:35]-INFO-[日志信息]: user_login_success request success
Thu, 16 Dec 2021 18:16:55-test_searchSuppliers.py-findRecipeInfoByOrderNo.py-[line:35]-INFO-[日志信息]: getRecipeInfoByOrderNo_success request success
Thu, 16 Dec 2021 18:16:55-test_searchSuppliers.py-searchSuppliers.py-[line:30]-INFO-[日志信息]: searchSuppliers_success request success
Thu, 16 Dec 2021 18:16:55-test_searchSuppliers.py-searchSuppliers.py-[line:30]-INFO-[日志信息]: searchSuppliers_success request success
Thu, 16 Dec 2021 18:18:27-test_searchSuppliers.py-login.py-[line:35]-INFO-[日志信息]: user_login_success request success
Thu, 16 Dec 2021 18:18:27-test_searchSuppliers.py-findRecipeInfoByOrderNo.py-[line:35]-INFO-[日志信息]: getRecipeInfoByOrderNo_success request success
Thu, 16 Dec 2021 18:18:27-test_searchSuppliers.py-searchSuppliers.py-[line:30]-INFO-[日志信息]: searchSuppliers_success request success
Thu, 16 Dec 2021 18:18:27-test_searchSuppliers.py-searchSuppliers.py-[line:30]-INFO-[日志信息]: searchSuppliers_success request success
