Wed, 15 Dec 2021 15:53:37-pytest-login.py-[line:56]-INFO-[日志信息]: doctor_login_success request success
Wed, 15 Dec 2021 15:53:38-pytest-doctorRevisitList.py-[line:29]-INFO-[日志信息]: doctorRevisiList_01_success request success
Wed, 15 Dec 2021 15:53:39-pytest-login.py-[line:56]-INFO-[日志信息]: doctor_login_success request success
Wed, 15 Dec 2021 15:53:39-pytest-login.py-[line:74]-INFO-[日志信息]: drugStore_login_success request success
Wed, 15 Dec 2021 15:53:39-pytest-login.py-[line:74]-INFO-[日志信息]: pharmacist_login_success request success
Wed, 15 Dec 2021 15:53:39-pytest-login.py-[line:35]-INFO-[日志信息]: user_login_success request success
Wed, 15 Dec 2021 15:53:39-pytest-login.py-[line:35]-INFO-[日志信息]: user_pwd_error request success
Wed, 15 Dec 2021 15:53:39-pytest-pageList.py-[line:48]-INFO-[日志信息]: drugOrderInfo_success request success
Wed, 15 Dec 2021 15:53:39-pytest-pageList.py-[line:48]-INFO-[日志信息]: repice_search_success request success
Wed, 15 Dec 2021 15:53:39-pytest-repiceCheck.py-[line:24]-INFO-[日志信息]: 该医生没有待审核处方
Wed, 15 Dec 2021 15:53:39-pytest-repiceCheck.py-[line:24]-INFO-[日志信息]: 该医生没有待审核处方
Wed, 15 Dec 2021 15:53:39-pytest-login.py-[line:35]-INFO-[日志信息]: user_login_success request success
Wed, 15 Dec 2021 15:56:10-pytest-login.py-[line:56]-INFO-[日志信息]: doctor_login_success request success
Wed, 15 Dec 2021 15:56:10-pytest-login.py-[line:74]-INFO-[日志信息]: drugStore_login_success request success
Wed, 15 Dec 2021 15:56:10-pytest-login.py-[line:74]-INFO-[日志信息]: pharmacist_login_success request success
Wed, 15 Dec 2021 15:56:11-pytest-login.py-[line:35]-INFO-[日志信息]: user_login_success request success
Wed, 15 Dec 2021 15:56:11-pytest-login.py-[line:35]-INFO-[日志信息]: user_pwd_error request success
Wed, 15 Dec 2021 15:56:50-pytest-login.py-[line:56]-INFO-[日志信息]: doctor_login_success request success
Wed, 15 Dec 2021 15:56:50-pytest-login.py-[line:74]-INFO-[日志信息]: drugStore_login_success request success
Wed, 15 Dec 2021 15:56:50-pytest-login.py-[line:74]-INFO-[日志信息]: pharmacist_login_success request success
Wed, 15 Dec 2021 15:56:50-pytest-login.py-[line:35]-INFO-[日志信息]: user_login_success request success
Wed, 15 Dec 2021 15:56:50-pytest-login.py-[line:35]-INFO-[日志信息]: user_pwd_error request success
Wed, 15 Dec 2021 16:04:23-pytest-login.py-[line:56]-INFO-[日志信息]: doctor_login_success request success
Wed, 15 Dec 2021 16:04:23-pytest-login.py-[line:74]-INFO-[日志信息]: drugStore_login_success request success
Wed, 15 Dec 2021 16:04:24-pytest-login.py-[line:74]-INFO-[日志信息]: pharmacist_login_success request success
Wed, 15 Dec 2021 16:04:24-pytest-login.py-[line:35]-INFO-[日志信息]: user_login_success request success
Wed, 15 Dec 2021 16:04:24-pytest-login.py-[line:35]-INFO-[日志信息]: user_pwd_error request success
Wed, 15 Dec 2021 16:07:03-pytest-login.py-[line:35]-INFO-[日志信息]: user_login_success request success
Wed, 15 Dec 2021 16:07:03-pytest-search.py-[line:27]-INFO-[日志信息]: search_success request success
Wed, 15 Dec 2021 16:07:03-pytest-getFamilyMemberList.py-[line:28]-INFO-[日志信息]: getFamilyMemberList_success request success
Wed, 15 Dec 2021 16:07:03-pytest-pageList.py-[line:32]-INFO-[日志信息]: pageList_success request success
Wed, 15 Dec 2021 16:07:03-pytest-search.py-[line:27]-INFO-[日志信息]: search_success request success
Wed, 15 Dec 2021 16:22:27-pytest-login.py-[line:35]-INFO-[日志信息]: user_login_success request success
Wed, 15 Dec 2021 16:22:27-pytest-search.py-[line:27]-INFO-[日志信息]: search_success request success
Wed, 15 Dec 2021 16:22:28-pytest-getIhDoctorInfo.py-[line:31]-INFO-[日志信息]: getIhDoctorInfo_success request success
Wed, 15 Dec 2021 16:22:28-pytest-search.py-[line:27]-INFO-[日志信息]: getFamilyMemberList_success request success
Wed, 15 Dec 2021 16:22:28-pytest-submitRevisitDispense.py-[line:33]-INFO-[日志信息]: submitRevisitDispense_success request success
Wed, 15 Dec 2021 16:22:28-pytest-getPayChannel.py-[line:31]-INFO-[日志信息]: payChannelByOrg_success request success
Wed, 15 Dec 2021 16:22:28-pytest-commonPayOrder.py-[line:36]-ERROR-[日志信息]: commonPayOrder_success request faild,throw error:<Response [200]> is not JSON serializable
Wed, 15 Dec 2021 16:22:28-pytest-getFamilyMemberList.py-[line:28]-INFO-[日志信息]: getFamilyMemberList_success request success
Wed, 15 Dec 2021 16:22:28-pytest-getOrder.py-[line:30]-INFO-[日志信息]: getOrder_success request success
Wed, 15 Dec 2021 16:22:28-pytest-search.py-[line:27]-INFO-[日志信息]: search_success request success
Wed, 15 Dec 2021 16:29:45-pytest-login.py-[line:35]-INFO-[日志信息]: user_login_success request success
Wed, 15 Dec 2021 16:29:45-pytest-search.py-[line:27]-INFO-[日志信息]: search_success request success
Wed, 15 Dec 2021 16:29:45-pytest-getIhDoctorInfo.py-[line:31]-INFO-[日志信息]: getIhDoctorInfo_success request success
Wed, 15 Dec 2021 16:29:45-pytest-search.py-[line:27]-INFO-[日志信息]: getFamilyMemberList_success request success
Wed, 15 Dec 2021 16:29:46-pytest-submitRevisitDispense.py-[line:33]-INFO-[日志信息]: submitRevisitDispense_success request success
Wed, 15 Dec 2021 16:29:46-pytest-getPayChannel.py-[line:31]-INFO-[日志信息]: payChannelByOrg_success request success
Wed, 15 Dec 2021 16:29:46-pytest-commonPayOrder.py-[line:36]-ERROR-[日志信息]: commonPayOrder_success request faild,throw error:<Response [200]> is not JSON serializable
Wed, 15 Dec 2021 16:29:46-pytest-getFamilyMemberList.py-[line:28]-INFO-[日志信息]: getFamilyMemberList_success request success
Wed, 15 Dec 2021 16:29:46-pytest-getOrder.py-[line:30]-INFO-[日志信息]: getOrder_success request success
Wed, 15 Dec 2021 16:29:46-pytest-search.py-[line:27]-INFO-[日志信息]: search_success request success
Wed, 15 Dec 2021 16:33:16-test_commonPayOrder.py-login.py-[line:35]-INFO-[日志信息]: user_login_success request success
Wed, 15 Dec 2021 16:33:16-test_commonPayOrder.py-search.py-[line:27]-INFO-[日志信息]: search_success request success
Wed, 15 Dec 2021 16:33:16-test_commonPayOrder.py-getIhDoctorInfo.py-[line:31]-INFO-[日志信息]: getIhDoctorInfo_success request success
Wed, 15 Dec 2021 16:33:16-test_commonPayOrder.py-getPayChannel.py-[line:31]-INFO-[日志信息]: payChannelByOrg_success request success
Wed, 15 Dec 2021 16:34:17-test_commonPayOrder.py-login.py-[line:35]-INFO-[日志信息]: user_login_success request success
Wed, 15 Dec 2021 16:34:17-test_commonPayOrder.py-search.py-[line:27]-INFO-[日志信息]: search_success request success
Wed, 15 Dec 2021 16:34:17-test_commonPayOrder.py-getIhDoctorInfo.py-[line:31]-INFO-[日志信息]: getIhDoctorInfo_success request success
Wed, 15 Dec 2021 16:34:17-test_commonPayOrder.py-getPayChannel.py-[line:31]-INFO-[日志信息]: payChannelByOrg_success request success
Wed, 15 Dec 2021 16:35:39-test_commonPayOrder.py-login.py-[line:35]-INFO-[日志信息]: user_login_success request success
Wed, 15 Dec 2021 16:35:39-test_commonPayOrder.py-search.py-[line:27]-INFO-[日志信息]: search_success request success
Wed, 15 Dec 2021 16:35:39-test_commonPayOrder.py-getIhDoctorInfo.py-[line:31]-INFO-[日志信息]: getIhDoctorInfo_success request success
Wed, 15 Dec 2021 16:35:39-test_commonPayOrder.py-getPayChannel.py-[line:31]-INFO-[日志信息]: payChannelByOrg_success request success
Wed, 15 Dec 2021 16:35:39-test_commonPayOrder.py-commonPayOrder.py-[line:33]-INFO-[日志信息]: commonPayOrder_success request success
Wed, 15 Dec 2021 16:36:36-test_commonPayOrder.py-login.py-[line:35]-INFO-[日志信息]: user_login_success request success
Wed, 15 Dec 2021 16:36:37-test_commonPayOrder.py-search.py-[line:27]-INFO-[日志信息]: search_success request success
Wed, 15 Dec 2021 16:36:37-test_commonPayOrder.py-getIhDoctorInfo.py-[line:31]-INFO-[日志信息]: getIhDoctorInfo_success request success
Wed, 15 Dec 2021 16:36:37-test_commonPayOrder.py-getPayChannel.py-[line:31]-INFO-[日志信息]: payChannelByOrg_success request success
Wed, 15 Dec 2021 16:36:37-test_commonPayOrder.py-commonPayOrder.py-[line:35]-INFO-[日志信息]: commonPayOrder_success request success
Wed, 15 Dec 2021 16:37:17-test_commonPayOrder.py-login.py-[line:35]-INFO-[日志信息]: user_login_success request success
Wed, 15 Dec 2021 16:37:18-test_commonPayOrder.py-search.py-[line:27]-INFO-[日志信息]: search_success request success
Wed, 15 Dec 2021 16:37:19-test_commonPayOrder.py-getIhDoctorInfo.py-[line:31]-INFO-[日志信息]: getIhDoctorInfo_success request success
Wed, 15 Dec 2021 16:37:19-test_commonPayOrder.py-getPayChannel.py-[line:31]-INFO-[日志信息]: payChannelByOrg_success request success
Wed, 15 Dec 2021 16:37:20-test_commonPayOrder.py-commonPayOrder.py-[line:35]-INFO-[日志信息]: commonPayOrder_success request success
Wed, 15 Dec 2021 16:40:53-test_commonPayOrder.py-login.py-[line:35]-INFO-[日志信息]: user_login_success request success
Wed, 15 Dec 2021 16:40:53-test_commonPayOrder.py-search.py-[line:27]-INFO-[日志信息]: search_success request success
Wed, 15 Dec 2021 16:40:53-test_commonPayOrder.py-getIhDoctorInfo.py-[line:31]-INFO-[日志信息]: getIhDoctorInfo_success request success
Wed, 15 Dec 2021 16:40:54-test_commonPayOrder.py-getPayChannel.py-[line:31]-INFO-[日志信息]: payChannelByOrg_success request success
Wed, 15 Dec 2021 16:40:54-test_commonPayOrder.py-commonPayOrder.py-[line:35]-INFO-[日志信息]: commonPayOrder_success request success
Wed, 15 Dec 2021 16:41:48-test_commonPayOrder.py-login.py-[line:35]-INFO-[日志信息]: user_login_success request success
Wed, 15 Dec 2021 16:41:48-test_commonPayOrder.py-search.py-[line:27]-INFO-[日志信息]: search_success request success
Wed, 15 Dec 2021 16:41:48-test_commonPayOrder.py-getIhDoctorInfo.py-[line:31]-INFO-[日志信息]: getIhDoctorInfo_success request success
Wed, 15 Dec 2021 16:41:48-test_commonPayOrder.py-getPayChannel.py-[line:31]-INFO-[日志信息]: payChannelByOrg_success request success
Wed, 15 Dec 2021 16:41:48-test_commonPayOrder.py-commonPayOrder.py-[line:35]-INFO-[日志信息]: commonPayOrder_success request success
Wed, 15 Dec 2021 16:42:47-test_commonPayOrder.py-login.py-[line:35]-INFO-[日志信息]: user_login_success request success
Wed, 15 Dec 2021 16:42:47-test_commonPayOrder.py-search.py-[line:27]-INFO-[日志信息]: search_success request success
Wed, 15 Dec 2021 16:42:47-test_commonPayOrder.py-getIhDoctorInfo.py-[line:31]-INFO-[日志信息]: getIhDoctorInfo_success request success
Wed, 15 Dec 2021 16:42:47-test_commonPayOrder.py-getPayChannel.py-[line:31]-INFO-[日志信息]: payChannelByOrg_success request success
Wed, 15 Dec 2021 16:42:47-test_commonPayOrder.py-commonPayOrder.py-[line:35]-INFO-[日志信息]: commonPayOrder_success request success
Wed, 15 Dec 2021 16:44:17-test_notifyPayResult.py-login.py-[line:35]-INFO-[日志信息]: user_login_success request success
Wed, 15 Dec 2021 16:44:35-test_notifyPayResult.py-login.py-[line:35]-INFO-[日志信息]: user_login_success request success
Wed, 15 Dec 2021 16:46:18-test_notifyPayResult.py-login.py-[line:35]-INFO-[日志信息]: user_login_success request success
Wed, 15 Dec 2021 16:46:18-test_notifyPayResult.py-notifyPayResult.py-[line:30]-INFO-[日志信息]: NotifyPayResult_success request success
Wed, 15 Dec 2021 16:48:24-pytest-login.py-[line:35]-INFO-[日志信息]: user_login_success request success
Wed, 15 Dec 2021 16:48:25-pytest-search.py-[line:27]-INFO-[日志信息]: search_success request success
Wed, 15 Dec 2021 16:48:25-pytest-getIhDoctorInfo.py-[line:31]-INFO-[日志信息]: getIhDoctorInfo_success request success
Wed, 15 Dec 2021 16:48:25-pytest-search.py-[line:27]-INFO-[日志信息]: getFamilyMemberList_success request success
Wed, 15 Dec 2021 16:48:26-pytest-submitRevisitDispense.py-[line:33]-INFO-[日志信息]: submitRevisitDispense_success request success
Wed, 15 Dec 2021 16:48:26-pytest-getPayChannel.py-[line:31]-INFO-[日志信息]: payChannelByOrg_success request success
Wed, 15 Dec 2021 16:48:26-pytest-commonPayOrder.py-[line:38]-ERROR-[日志信息]: commonPayOrder_success request faild,throw error:<Response [200]> is not JSON serializable
Wed, 15 Dec 2021 16:48:26-pytest-getFamilyMemberList.py-[line:28]-INFO-[日志信息]: getFamilyMemberList_success request success
Wed, 15 Dec 2021 16:48:26-pytest-getOrder.py-[line:30]-INFO-[日志信息]: getOrder_success request success
Wed, 15 Dec 2021 16:48:26-pytest-notifyPayResult.py-[line:30]-INFO-[日志信息]: NotifyPayResult_success request success
Wed, 15 Dec 2021 16:48:26-pytest-search.py-[line:27]-INFO-[日志信息]: search_success request success
Wed, 15 Dec 2021 16:50:39-pytest-login.py-[line:35]-INFO-[日志信息]: user_login_success request success
Wed, 15 Dec 2021 16:50:39-pytest-search.py-[line:27]-INFO-[日志信息]: search_success request success
Wed, 15 Dec 2021 16:50:40-pytest-getIhDoctorInfo.py-[line:31]-INFO-[日志信息]: getIhDoctorInfo_success request success
Wed, 15 Dec 2021 16:50:40-pytest-search.py-[line:27]-INFO-[日志信息]: getFamilyMemberList_success request success
Wed, 15 Dec 2021 16:50:40-pytest-submitRevisitDispense.py-[line:33]-INFO-[日志信息]: submitRevisitDispense_success request success
Wed, 15 Dec 2021 16:50:40-pytest-getPayChannel.py-[line:31]-INFO-[日志信息]: payChannelByOrg_success request success
Wed, 15 Dec 2021 16:50:40-pytest-commonPayOrder.py-[line:38]-ERROR-[日志信息]: commonPayOrder_success request faild,throw error:<Response [200]> is not JSON serializable
Wed, 15 Dec 2021 16:50:40-pytest-getFamilyMemberList.py-[line:28]-INFO-[日志信息]: getFamilyMemberList_success request success
Wed, 15 Dec 2021 16:50:41-pytest-getOrder.py-[line:30]-INFO-[日志信息]: getOrder_success request success
Wed, 15 Dec 2021 16:50:41-pytest-notifyPayResult.py-[line:30]-INFO-[日志信息]: NotifyPayResult_success request success
Wed, 15 Dec 2021 16:50:41-pytest-search.py-[line:27]-INFO-[日志信息]: search_success request success
Wed, 15 Dec 2021 16:52:35-pytest-login.py-[line:35]-INFO-[日志信息]: user_login_success request success
Wed, 15 Dec 2021 16:52:36-pytest-search.py-[line:27]-INFO-[日志信息]: search_success request success
Wed, 15 Dec 2021 16:52:36-pytest-getIhDoctorInfo.py-[line:31]-INFO-[日志信息]: getIhDoctorInfo_success request success
Wed, 15 Dec 2021 16:52:36-pytest-search.py-[line:27]-INFO-[日志信息]: getFamilyMemberList_success request success
Wed, 15 Dec 2021 16:52:37-pytest-submitRevisitDispense.py-[line:33]-INFO-[日志信息]: submitRevisitDispense_success request success
Wed, 15 Dec 2021 16:52:38-pytest-getPayChannel.py-[line:31]-INFO-[日志信息]: payChannelByOrg_success request success
Wed, 15 Dec 2021 16:52:39-pytest-commonPayOrder.py-[line:35]-INFO-[日志信息]: commonPayOrder_success request success
Wed, 15 Dec 2021 16:52:39-pytest-getFamilyMemberList.py-[line:28]-INFO-[日志信息]: getFamilyMemberList_success request success
Wed, 15 Dec 2021 16:52:39-pytest-getOrder.py-[line:30]-INFO-[日志信息]: getOrder_success request success
Wed, 15 Dec 2021 16:52:39-pytest-notifyPayResult.py-[line:30]-INFO-[日志信息]: NotifyPayResult_success request success
Wed, 15 Dec 2021 16:52:40-pytest-search.py-[line:27]-INFO-[日志信息]: search_success request success
Wed, 15 Dec 2021 16:53:30-pytest-login.py-[line:35]-INFO-[日志信息]: user_login_success request success
Wed, 15 Dec 2021 16:53:30-pytest-search.py-[line:27]-INFO-[日志信息]: search_success request success
Wed, 15 Dec 2021 16:53:30-pytest-getIhDoctorInfo.py-[line:31]-INFO-[日志信息]: getIhDoctorInfo_success request success
Wed, 15 Dec 2021 16:53:31-pytest-search.py-[line:27]-INFO-[日志信息]: getFamilyMemberList_success request success
Wed, 15 Dec 2021 16:53:31-pytest-submitRevisitDispense.py-[line:33]-INFO-[日志信息]: submitRevisitDispense_success request success
Wed, 15 Dec 2021 16:53:31-pytest-getPayChannel.py-[line:31]-INFO-[日志信息]: payChannelByOrg_success request success
Wed, 15 Dec 2021 16:53:31-pytest-commonPayOrder.py-[line:35]-INFO-[日志信息]: commonPayOrder_success request success
Wed, 15 Dec 2021 16:53:31-pytest-getFamilyMemberList.py-[line:28]-INFO-[日志信息]: getFamilyMemberList_success request success
Wed, 15 Dec 2021 16:53:31-pytest-getOrder.py-[line:30]-INFO-[日志信息]: getOrder_success request success
Wed, 15 Dec 2021 16:53:31-pytest-notifyPayResult.py-[line:30]-INFO-[日志信息]: NotifyPayResult_success request success
Wed, 15 Dec 2021 16:53:32-pytest-search.py-[line:27]-INFO-[日志信息]: search_success request success
Wed, 15 Dec 2021 16:57:05-pytest-login.py-[line:35]-INFO-[日志信息]: user_login_success request success
Wed, 15 Dec 2021 16:57:05-pytest-search.py-[line:27]-INFO-[日志信息]: search_success request success
Wed, 15 Dec 2021 16:57:05-pytest-getIhDoctorInfo.py-[line:31]-INFO-[日志信息]: getIhDoctorInfo_success request success
Wed, 15 Dec 2021 16:57:06-pytest-search.py-[line:27]-INFO-[日志信息]: getFamilyMemberList_success request success
Wed, 15 Dec 2021 16:57:06-pytest-submitRevisitDispense.py-[line:33]-INFO-[日志信息]: submitRevisitDispense_success request success
Wed, 15 Dec 2021 16:57:06-pytest-getPayChannel.py-[line:31]-INFO-[日志信息]: payChannelByOrg_success request success
Wed, 15 Dec 2021 16:57:06-pytest-commonPayOrder.py-[line:35]-INFO-[日志信息]: commonPayOrder_success request success
Wed, 15 Dec 2021 16:57:06-pytest-getFamilyMemberList.py-[line:28]-INFO-[日志信息]: getFamilyMemberList_success request success
Wed, 15 Dec 2021 16:57:06-pytest-getOrder.py-[line:30]-INFO-[日志信息]: getOrder_success request success
Wed, 15 Dec 2021 16:57:07-pytest-notifyPayResult.py-[line:30]-INFO-[日志信息]: NotifyPayResult_success request success
Wed, 15 Dec 2021 16:57:07-pytest-search.py-[line:27]-INFO-[日志信息]: search_success request success
Wed, 15 Dec 2021 17:03:43-pytest-login.py-[line:35]-INFO-[日志信息]: user_login_success request success
Wed, 15 Dec 2021 17:03:43-pytest-search.py-[line:27]-INFO-[日志信息]: search_success request success
Wed, 15 Dec 2021 17:03:44-pytest-getIhDoctorInfo.py-[line:31]-INFO-[日志信息]: getIhDoctorInfo_success request success
Wed, 15 Dec 2021 17:03:44-pytest-search.py-[line:27]-INFO-[日志信息]: getFamilyMemberList_success request success
Wed, 15 Dec 2021 17:03:44-pytest-submitRevisitDispense.py-[line:33]-INFO-[日志信息]: submitRevisitDispense_success request success
Wed, 15 Dec 2021 17:03:44-pytest-getPayChannel.py-[line:31]-INFO-[日志信息]: payChannelByOrg_success request success
Wed, 15 Dec 2021 17:03:44-pytest-commonPayOrder.py-[line:35]-INFO-[日志信息]: commonPayOrder_success request success
Wed, 15 Dec 2021 17:03:44-pytest-getFamilyMemberList.py-[line:28]-INFO-[日志信息]: getFamilyMemberList_success request success
Wed, 15 Dec 2021 17:03:44-pytest-getOrder.py-[line:30]-INFO-[日志信息]: getOrder_success request success
Wed, 15 Dec 2021 17:03:44-pytest-notifyPayResult.py-[line:30]-INFO-[日志信息]: NotifyPayResult_success request success
Wed, 15 Dec 2021 17:03:45-pytest-search.py-[line:27]-INFO-[日志信息]: search_success request success
Wed, 15 Dec 2021 17:08:05-pytest-login.py-[line:35]-INFO-[日志信息]: user_login_success request success
Wed, 15 Dec 2021 17:08:05-pytest-search.py-[line:27]-INFO-[日志信息]: search_success request success
Wed, 15 Dec 2021 17:08:07-pytest-getIhDoctorInfo.py-[line:31]-INFO-[日志信息]: getIhDoctorInfo_success request success
Wed, 15 Dec 2021 17:08:07-pytest-search.py-[line:27]-INFO-[日志信息]: getFamilyMemberList_success request success
Wed, 15 Dec 2021 17:08:08-pytest-submitRevisitDispense.py-[line:33]-INFO-[日志信息]: submitRevisitDispense_success request success
Wed, 15 Dec 2021 17:08:08-pytest-getPayChannel.py-[line:31]-INFO-[日志信息]: payChannelByOrg_success request success
Wed, 15 Dec 2021 17:08:10-pytest-commonPayOrder.py-[line:35]-INFO-[日志信息]: commonPayOrder_success request success
Wed, 15 Dec 2021 17:08:11-pytest-getFamilyMemberList.py-[line:28]-INFO-[日志信息]: getFamilyMemberList_success request success
Wed, 15 Dec 2021 17:08:12-pytest-getOrder.py-[line:30]-INFO-[日志信息]: getOrder_success request success
Wed, 15 Dec 2021 17:08:13-pytest-notifyPayResult.py-[line:30]-INFO-[日志信息]: NotifyPayResult_success request success
Wed, 15 Dec 2021 17:08:13-pytest-search.py-[line:27]-INFO-[日志信息]: search_success request success
Wed, 15 Dec 2021 17:10:46-pytest-login.py-[line:35]-INFO-[日志信息]: user_login_success request success
Wed, 15 Dec 2021 17:10:46-pytest-search.py-[line:27]-INFO-[日志信息]: search_success request success
Wed, 15 Dec 2021 17:10:47-pytest-getIhDoctorInfo.py-[line:31]-INFO-[日志信息]: getIhDoctorInfo_success request success
Wed, 15 Dec 2021 17:10:47-pytest-search.py-[line:27]-INFO-[日志信息]: getFamilyMemberList_success request success
Wed, 15 Dec 2021 17:10:48-pytest-submitRevisitDispense.py-[line:33]-INFO-[日志信息]: submitRevisitDispense_success request success
Wed, 15 Dec 2021 17:10:48-pytest-getPayChannel.py-[line:31]-INFO-[日志信息]: payChannelByOrg_success request success
Wed, 15 Dec 2021 17:10:50-pytest-commonPayOrder.py-[line:35]-INFO-[日志信息]: commonPayOrder_success request success
Wed, 15 Dec 2021 17:10:51-pytest-getFamilyMemberList.py-[line:28]-INFO-[日志信息]: getFamilyMemberList_success request success
Wed, 15 Dec 2021 17:10:52-pytest-getOrder.py-[line:30]-INFO-[日志信息]: getOrder_success request success
Wed, 15 Dec 2021 17:10:53-pytest-notifyPayResult.py-[line:30]-INFO-[日志信息]: NotifyPayResult_success request success
Wed, 15 Dec 2021 17:10:53-pytest-search.py-[line:27]-INFO-[日志信息]: search_success request success
Wed, 15 Dec 2021 17:11:14-pytest-login.py-[line:35]-INFO-[日志信息]: user_login_success request success
Wed, 15 Dec 2021 17:11:14-pytest-search.py-[line:27]-INFO-[日志信息]: search_success request success
Wed, 15 Dec 2021 17:11:15-pytest-getIhDoctorInfo.py-[line:31]-INFO-[日志信息]: getIhDoctorInfo_success request success
Wed, 15 Dec 2021 17:11:15-pytest-search.py-[line:27]-INFO-[日志信息]: getFamilyMemberList_success request success
Wed, 15 Dec 2021 17:11:17-pytest-submitRevisitDispense.py-[line:33]-INFO-[日志信息]: submitRevisitDispense_success request success
Wed, 15 Dec 2021 17:11:17-pytest-getPayChannel.py-[line:31]-INFO-[日志信息]: payChannelByOrg_success request success
Wed, 15 Dec 2021 17:11:18-pytest-commonPayOrder.py-[line:35]-INFO-[日志信息]: commonPayOrder_success request success
Wed, 15 Dec 2021 17:11:19-pytest-getFamilyMemberList.py-[line:28]-INFO-[日志信息]: getFamilyMemberList_success request success
Wed, 15 Dec 2021 17:11:20-pytest-getOrder.py-[line:30]-INFO-[日志信息]: getOrder_success request success
Wed, 15 Dec 2021 17:11:21-pytest-notifyPayResult.py-[line:30]-INFO-[日志信息]: NotifyPayResult_success request success
Wed, 15 Dec 2021 17:11:22-pytest-search.py-[line:27]-INFO-[日志信息]: search_success request success
Wed, 15 Dec 2021 17:12:43-pytest-login.py-[line:35]-INFO-[日志信息]: user_login_success request success
Wed, 15 Dec 2021 17:12:43-pytest-search.py-[line:27]-INFO-[日志信息]: search_success request success
Wed, 15 Dec 2021 17:12:44-pytest-getIhDoctorInfo.py-[line:31]-INFO-[日志信息]: getIhDoctorInfo_success request success
Wed, 15 Dec 2021 17:12:44-pytest-search.py-[line:27]-INFO-[日志信息]: getFamilyMemberList_success request success
Wed, 15 Dec 2021 17:12:45-pytest-submitRevisitDispense.py-[line:33]-INFO-[日志信息]: submitRevisitDispense_success request success
Wed, 15 Dec 2021 17:12:46-pytest-getPayChannel.py-[line:31]-INFO-[日志信息]: payChannelByOrg_success request success
Wed, 15 Dec 2021 17:12:47-pytest-commonPayOrder.py-[line:35]-INFO-[日志信息]: commonPayOrder_success request success
Wed, 15 Dec 2021 17:12:48-pytest-getFamilyMemberList.py-[line:28]-INFO-[日志信息]: getFamilyMemberList_success request success
Wed, 15 Dec 2021 17:12:49-pytest-getOrder.py-[line:30]-INFO-[日志信息]: getOrder_success request success
Wed, 15 Dec 2021 17:12:51-pytest-notifyPayResult.py-[line:30]-INFO-[日志信息]: NotifyPayResult_success request success
Wed, 15 Dec 2021 17:12:52-pytest-search.py-[line:27]-INFO-[日志信息]: search_success request success
Wed, 15 Dec 2021 17:13:42-pytest-login.py-[line:35]-INFO-[日志信息]: user_login_success request success
Wed, 15 Dec 2021 17:13:43-pytest-search.py-[line:27]-INFO-[日志信息]: search_success request success
Wed, 15 Dec 2021 17:13:44-pytest-getIhDoctorInfo.py-[line:31]-INFO-[日志信息]: getIhDoctorInfo_success request success
Wed, 15 Dec 2021 17:13:44-pytest-search.py-[line:27]-INFO-[日志信息]: getFamilyMemberList_success request success
Wed, 15 Dec 2021 17:13:45-pytest-submitRevisitDispense.py-[line:33]-INFO-[日志信息]: submitRevisitDispense_success request success
Wed, 15 Dec 2021 17:13:45-pytest-getPayChannel.py-[line:31]-INFO-[日志信息]: payChannelByOrg_success request success
Wed, 15 Dec 2021 17:13:46-pytest-commonPayOrder.py-[line:35]-INFO-[日志信息]: commonPayOrder_success request success
Wed, 15 Dec 2021 17:13:48-pytest-getFamilyMemberList.py-[line:28]-INFO-[日志信息]: getFamilyMemberList_success request success
Wed, 15 Dec 2021 17:13:49-pytest-getOrder.py-[line:30]-INFO-[日志信息]: getOrder_success request success
Wed, 15 Dec 2021 17:13:51-pytest-notifyPayResult.py-[line:30]-INFO-[日志信息]: NotifyPayResult_success request success
Wed, 15 Dec 2021 17:13:51-pytest-search.py-[line:27]-INFO-[日志信息]: search_success request success
Wed, 15 Dec 2021 17:18:36-test_notifyPayResult.py-login.py-[line:35]-INFO-[日志信息]: user_login_success request success
Wed, 15 Dec 2021 17:18:36-test_notifyPayResult.py-search.py-[line:27]-INFO-[日志信息]: search_success request success
Wed, 15 Dec 2021 17:18:37-test_notifyPayResult.py-getIhDoctorInfo.py-[line:31]-INFO-[日志信息]: getIhDoctorInfo_success request success
Wed, 15 Dec 2021 17:18:37-test_notifyPayResult.py-search.py-[line:27]-INFO-[日志信息]: getFamilyMemberList_success request success
Wed, 15 Dec 2021 17:18:39-test_notifyPayResult.py-submitRevisitDispense.py-[line:33]-INFO-[日志信息]: submitRevisitDispense_success request success
Wed, 15 Dec 2021 17:18:41-test_notifyPayResult.py-notifyPayResult.py-[line:30]-INFO-[日志信息]: NotifyPayResult_success request success
Wed, 15 Dec 2021 17:20:47-pytest-login.py-[line:35]-INFO-[日志信息]: user_login_success request success
Wed, 15 Dec 2021 17:20:48-pytest-search.py-[line:27]-INFO-[日志信息]: search_success request success
Wed, 15 Dec 2021 17:20:49-pytest-getIhDoctorInfo.py-[line:31]-INFO-[日志信息]: getIhDoctorInfo_success request success
Wed, 15 Dec 2021 17:20:49-pytest-search.py-[line:27]-INFO-[日志信息]: getFamilyMemberList_success request success
Wed, 15 Dec 2021 17:20:50-pytest-submitRevisitDispense.py-[line:33]-INFO-[日志信息]: submitRevisitDispense_success request success
Wed, 15 Dec 2021 17:20:50-pytest-getPayChannel.py-[line:31]-INFO-[日志信息]: payChannelByOrg_success request success
Wed, 15 Dec 2021 17:20:52-pytest-commonPayOrder.py-[line:35]-INFO-[日志信息]: commonPayOrder_success request success
Wed, 15 Dec 2021 17:20:53-pytest-getFamilyMemberList.py-[line:28]-INFO-[日志信息]: getFamilyMemberList_success request success
Wed, 15 Dec 2021 17:20:54-pytest-getOrder.py-[line:30]-INFO-[日志信息]: getOrder_success request success
Wed, 15 Dec 2021 17:20:56-pytest-notifyPayResult.py-[line:30]-INFO-[日志信息]: NotifyPayResult_success request success
Wed, 15 Dec 2021 17:20:56-pytest-search.py-[line:27]-INFO-[日志信息]: search_success request success
Wed, 15 Dec 2021 17:21:14-pytest-login.py-[line:35]-INFO-[日志信息]: user_login_success request success
Wed, 15 Dec 2021 17:21:14-pytest-search.py-[line:27]-INFO-[日志信息]: search_success request success
Wed, 15 Dec 2021 17:21:16-pytest-getIhDoctorInfo.py-[line:31]-INFO-[日志信息]: getIhDoctorInfo_success request success
Wed, 15 Dec 2021 17:21:16-pytest-search.py-[line:27]-INFO-[日志信息]: getFamilyMemberList_success request success
Wed, 15 Dec 2021 17:21:17-pytest-submitRevisitDispense.py-[line:33]-INFO-[日志信息]: submitRevisitDispense_success request success
Wed, 15 Dec 2021 17:21:17-pytest-getPayChannel.py-[line:31]-INFO-[日志信息]: payChannelByOrg_success request success
Wed, 15 Dec 2021 17:21:18-pytest-commonPayOrder.py-[line:35]-INFO-[日志信息]: commonPayOrder_success request success
Wed, 15 Dec 2021 17:21:19-pytest-getFamilyMemberList.py-[line:28]-INFO-[日志信息]: getFamilyMemberList_success request success
Wed, 15 Dec 2021 17:21:20-pytest-getOrder.py-[line:30]-INFO-[日志信息]: getOrder_success request success
Wed, 15 Dec 2021 17:21:22-pytest-notifyPayResult.py-[line:30]-INFO-[日志信息]: NotifyPayResult_success request success
Wed, 15 Dec 2021 17:21:23-pytest-search.py-[line:27]-INFO-[日志信息]: search_success request success
Wed, 15 Dec 2021 17:45:11-pytest-login.py-[line:35]-INFO-[日志信息]: user_login_success request success
Wed, 15 Dec 2021 17:45:12-pytest-search.py-[line:27]-INFO-[日志信息]: search_success request success
Wed, 15 Dec 2021 17:45:13-pytest-getIhDoctorInfo.py-[line:31]-INFO-[日志信息]: getIhDoctorInfo_success request success
Wed, 15 Dec 2021 17:45:13-pytest-search.py-[line:27]-INFO-[日志信息]: getFamilyMemberList_success request success
Wed, 15 Dec 2021 17:45:14-pytest-submitRevisitDispense.py-[line:33]-INFO-[日志信息]: submitRevisitDispense_success request success
Wed, 15 Dec 2021 17:45:14-pytest-getPayChannel.py-[line:31]-INFO-[日志信息]: payChannelByOrg_success request success
Wed, 15 Dec 2021 17:45:15-pytest-commonPayOrder.py-[line:35]-INFO-[日志信息]: commonPayOrder_success request success
Wed, 15 Dec 2021 17:45:16-pytest-getFamilyMemberList.py-[line:28]-INFO-[日志信息]: getFamilyMemberList_success request success
Wed, 15 Dec 2021 17:45:18-pytest-getOrder.py-[line:30]-INFO-[日志信息]: getOrder_success request success
Wed, 15 Dec 2021 17:45:20-pytest-notifyPayResult.py-[line:30]-INFO-[日志信息]: NotifyPayResult_success request success
Wed, 15 Dec 2021 17:45:20-pytest-search.py-[line:27]-INFO-[日志信息]: search_success request success
Wed, 15 Dec 2021 19:32:53-pytest-login.py-[line:56]-INFO-[日志信息]: doctor_login_success request success
Wed, 15 Dec 2021 19:32:53-pytest-doctorRevisitList.py-[line:29]-INFO-[日志信息]: doctorRevisiList_01_success request success
Wed, 15 Dec 2021 19:32:54-pytest-doctor_confirmVisit.py-[line:32]-INFO-[日志信息]: doctorConfirm_success request success
Wed, 15 Dec 2021 19:32:56-pytest-uploadRepice.py-[line:38]-INFO-[日志信息]: uploadRepice_success request success
Wed, 15 Dec 2021 19:37:10-pytest-login.py-[line:74]-INFO-[日志信息]: pharmacist_login_success request success
Wed, 15 Dec 2021 19:37:10-pytest-pageList.py-[line:48]-INFO-[日志信息]: repice_search_success request success
Wed, 15 Dec 2021 19:37:12-pytest-repiceCheck.py-[line:32]-INFO-[日志信息]: repice_checkStusta_success request success
Wed, 15 Dec 2021 19:55:46-pytest-login.py-[line:35]-INFO-[日志信息]: user_login_success request success
Wed, 15 Dec 2021 19:55:47-pytest-search.py-[line:27]-INFO-[日志信息]: search_success request success
Wed, 15 Dec 2021 19:55:48-pytest-getIhDoctorInfo.py-[line:31]-INFO-[日志信息]: getIhDoctorInfo_success request success
Wed, 15 Dec 2021 19:55:48-pytest-search.py-[line:27]-INFO-[日志信息]: getFamilyMemberList_success request success
Wed, 15 Dec 2021 19:55:49-pytest-submitRevisitDispense.py-[line:33]-INFO-[日志信息]: submitRevisitDispense_success request success
Wed, 15 Dec 2021 19:55:49-pytest-findRecipeInfoByOrderNo.py-[line:38]-ERROR-[日志信息]: getRecipeInfoByOrderNo_success request faild,throw error:<Response [200]> is not JSON serializable
Wed, 15 Dec 2021 19:58:39-pytest-login.py-[line:35]-INFO-[日志信息]: user_login_success request success
Wed, 15 Dec 2021 19:58:40-pytest-search.py-[line:27]-INFO-[日志信息]: search_success request success
Wed, 15 Dec 2021 19:58:41-pytest-getIhDoctorInfo.py-[line:31]-INFO-[日志信息]: getIhDoctorInfo_success request success
Wed, 15 Dec 2021 19:58:41-pytest-search.py-[line:27]-INFO-[日志信息]: getFamilyMemberList_success request success
Wed, 15 Dec 2021 19:58:42-pytest-submitRevisitDispense.py-[line:33]-INFO-[日志信息]: submitRevisitDispense_success request success
Wed, 15 Dec 2021 19:58:42-pytest-findRecipeInfoByOrderNo.py-[line:38]-ERROR-[日志信息]: getRecipeInfoByOrderNo_success request faild,throw error:<Response [200]> is not JSON serializable
Wed, 15 Dec 2021 19:59:56-pytest-login.py-[line:35]-INFO-[日志信息]: user_login_success request success
Wed, 15 Dec 2021 19:59:56-pytest-search.py-[line:27]-INFO-[日志信息]: search_success request success
Wed, 15 Dec 2021 19:59:58-pytest-getIhDoctorInfo.py-[line:31]-INFO-[日志信息]: getIhDoctorInfo_success request success
Wed, 15 Dec 2021 19:59:58-pytest-search.py-[line:27]-INFO-[日志信息]: getFamilyMemberList_success request success
Wed, 15 Dec 2021 19:59:59-pytest-submitRevisitDispense.py-[line:33]-INFO-[日志信息]: submitRevisitDispense_success request success
Wed, 15 Dec 2021 19:59:59-pytest-findRecipeInfoByOrderNo.py-[line:38]-ERROR-[日志信息]: getRecipeInfoByOrderNo_success request faild,throw error:<Response [200]> is not JSON serializable
Wed, 15 Dec 2021 20:00:30-pytest-login.py-[line:35]-INFO-[日志信息]: user_login_success request success
Wed, 15 Dec 2021 20:00:31-pytest-search.py-[line:27]-INFO-[日志信息]: search_success request success
Wed, 15 Dec 2021 20:00:32-pytest-getIhDoctorInfo.py-[line:31]-INFO-[日志信息]: getIhDoctorInfo_success request success
Wed, 15 Dec 2021 20:00:32-pytest-search.py-[line:27]-INFO-[日志信息]: getFamilyMemberList_success request success
Wed, 15 Dec 2021 20:00:33-pytest-submitRevisitDispense.py-[line:33]-INFO-[日志信息]: submitRevisitDispense_success request success
Wed, 15 Dec 2021 20:00:33-pytest-findRecipeInfoByOrderNo.py-[line:38]-ERROR-[日志信息]: getRecipeInfoByOrderNo_success request faild,throw error:<Response [200]> is not JSON serializable
Wed, 15 Dec 2021 20:03:12-pytest-login.py-[line:35]-INFO-[日志信息]: user_login_success request success
Wed, 15 Dec 2021 20:03:12-pytest-search.py-[line:27]-INFO-[日志信息]: search_success request success
Wed, 15 Dec 2021 20:03:13-pytest-getIhDoctorInfo.py-[line:31]-INFO-[日志信息]: getIhDoctorInfo_success request success
