Wed, 22 Dec 2021 17:48:33-test_drugOrderList.py-login.py-[line:74]-INFO-[日志信息]: drugStore_login_success request success
Wed, 22 Dec 2021 17:48:33-test_drugOrderList.py-pageList.py-[line:79]-INFO-[日志信息]: drugOrderInfo_success request success
Wed, 22 Dec 2021 17:49:27-test_drugOrderList.py-login.py-[line:74]-INFO-[日志信息]: drugStore_login_success request success
Wed, 22 Dec 2021 17:49:27-test_drugOrderList.py-pageList.py-[line:79]-INFO-[日志信息]: drugOrderInfo_success request success
Wed, 22 Dec 2021 17:50:09-test_drugOrderList.py-login.py-[line:74]-INFO-[日志信息]: drugStore_login_success request success
Wed, 22 Dec 2021 17:50:09-test_drugOrderList.py-pageList.py-[line:79]-INFO-[日志信息]: drugOrderInfo_success request success
Wed, 22 Dec 2021 17:50:41-test_drugOrderList.py-login.py-[line:74]-INFO-[日志信息]: drugStore_login_success request success
Wed, 22 Dec 2021 17:50:41-test_drugOrderList.py-pageList.py-[line:79]-INFO-[日志信息]: drugOrderInfo_success request success
Wed, 22 Dec 2021 17:52:48-test_drugOrderList.py-login.py-[line:74]-INFO-[日志信息]: drugStore_login_success request success
Wed, 22 Dec 2021 17:52:49-test_drugOrderList.py-pageList.py-[line:79]-INFO-[日志信息]: drugOrderInfo_success request success
Wed, 22 Dec 2021 17:54:39-test_drugOrderList.py-login.py-[line:74]-INFO-[日志信息]: drugStore_login_success request success
Wed, 22 Dec 2021 17:56:31-test_drugOrderList.py-login.py-[line:74]-INFO-[日志信息]: drugStore_login_success request success
Wed, 22 Dec 2021 17:56:31-test_drugOrderList.py-pageList.py-[line:79]-INFO-[日志信息]: drugOrderInfo_success request success
Wed, 22 Dec 2021 17:57:16-test_drugOrderList.py-login.py-[line:74]-INFO-[日志信息]: drugStore_login_success request success
Wed, 22 Dec 2021 17:57:16-test_drugOrderList.py-pageList.py-[line:79]-INFO-[日志信息]: drugOrderInfo_success request success
Wed, 22 Dec 2021 18:04:19-test_drugOrderList.py-login.py-[line:74]-INFO-[日志信息]: drugStore_login_success request success
Wed, 22 Dec 2021 18:04:19-test_drugOrderList.py-pageList.py-[line:79]-INFO-[日志信息]: drugOrderInfo_success request success
Wed, 22 Dec 2021 18:09:23-test_drugOrderList.py-login.py-[line:74]-INFO-[日志信息]: drugStore_login_success request success
Wed, 22 Dec 2021 18:09:23-test_drugOrderList.py-pageList.py-[line:79]-INFO-[日志信息]: drugOrderInfo_success request success
Wed, 22 Dec 2021 18:11:40-test_drugOrderList.py-login.py-[line:74]-INFO-[日志信息]: drugStore_login_success request success
Wed, 22 Dec 2021 18:11:40-test_drugOrderList.py-pageList.py-[line:79]-INFO-[日志信息]: drugOrderInfo_success request success
Wed, 22 Dec 2021 18:12:15-test_drugOrderList.py-login.py-[line:74]-INFO-[日志信息]: drugStore_login_success request success
Wed, 22 Dec 2021 18:12:15-test_drugOrderList.py-pageList.py-[line:79]-INFO-[日志信息]: drugOrderInfo_success request success
Wed, 22 Dec 2021 18:39:33-test_delivery_drug.py-login.py-[line:74]-INFO-[日志信息]: drugStore_login_success request success
Wed, 22 Dec 2021 18:39:33-test_delivery_drug.py-pageList.py-[line:79]-INFO-[日志信息]: drugOrderInfo_success request success
Wed, 22 Dec 2021 18:39:44-test_delivery_drug.py-login.py-[line:74]-INFO-[日志信息]: drugStore_login_success request success
Wed, 22 Dec 2021 18:39:44-test_delivery_drug.py-pageList.py-[line:79]-INFO-[日志信息]: drugOrderInfo_success request success
Wed, 22 Dec 2021 18:39:59-test_delivery_drug.py-login.py-[line:74]-INFO-[日志信息]: drugStore_login_success request success
Wed, 22 Dec 2021 18:39:59-test_delivery_drug.py-pageList.py-[line:79]-INFO-[日志信息]: drugOrderInfo_success request success
Wed, 22 Dec 2021 18:40:52-test_delivery_drug.py-login.py-[line:74]-INFO-[日志信息]: drugStore_login_success request success
Wed, 22 Dec 2021 18:40:52-test_delivery_drug.py-pageList.py-[line:79]-INFO-[日志信息]: drugOrderInfo_success request success
Wed, 22 Dec 2021 18:42:08-test_delivery_drug.py-login.py-[line:74]-INFO-[日志信息]: drugStore_login_success request success
Wed, 22 Dec 2021 18:42:08-test_delivery_drug.py-pageList.py-[line:79]-INFO-[日志信息]: drugOrderInfo_success request success
Wed, 22 Dec 2021 18:42:57-test_delivery_drug.py-login.py-[line:74]-INFO-[日志信息]: drugStore_login_success request success
Wed, 22 Dec 2021 18:42:57-test_delivery_drug.py-pageList.py-[line:79]-INFO-[日志信息]: drugOrderInfo_success request success
Wed, 22 Dec 2021 18:44:00-test_delivery_drug.py-login.py-[line:74]-INFO-[日志信息]: drugStore_login_success request success
Wed, 22 Dec 2021 18:44:00-test_delivery_drug.py-pageList.py-[line:79]-INFO-[日志信息]: drugOrderInfo_success request success
Wed, 22 Dec 2021 18:44:01-test_delivery_drug.py-delivery_drug.py-[line:35]-INFO-[日志信息]: delivery_drug_success request success
Wed, 22 Dec 2021 18:44:30-test_delivery_drug.py-login.py-[line:74]-INFO-[日志信息]: drugStore_login_success request success
Wed, 22 Dec 2021 18:44:30-test_delivery_drug.py-pageList.py-[line:79]-INFO-[日志信息]: drugOrderInfo_success request success
Wed, 22 Dec 2021 18:44:30-test_delivery_drug.py-delivery_drug.py-[line:35]-INFO-[日志信息]: delivery_drug_success request success
Wed, 22 Dec 2021 18:45:01-test_delivery_drug.py-login.py-[line:74]-INFO-[日志信息]: drugStore_login_success request success
Wed, 22 Dec 2021 18:45:01-test_delivery_drug.py-pageList.py-[line:79]-INFO-[日志信息]: drugOrderInfo_success request success
Wed, 22 Dec 2021 18:45:02-test_delivery_drug.py-delivery_drug.py-[line:35]-INFO-[日志信息]: delivery_drug_success request success
Wed, 22 Dec 2021 18:46:04-test_delivery_drug.py-login.py-[line:74]-INFO-[日志信息]: drugStore_login_success request success
Wed, 22 Dec 2021 18:46:04-test_delivery_drug.py-pageList.py-[line:79]-INFO-[日志信息]: drugOrderInfo_success request success
Wed, 22 Dec 2021 18:46:04-test_delivery_drug.py-delivery_drug.py-[line:35]-INFO-[日志信息]: delivery_drug_success request success
Wed, 22 Dec 2021 18:47:55-test_delivery_drug.py-login.py-[line:74]-INFO-[日志信息]: drugStore_login_success request success
Wed, 22 Dec 2021 18:47:55-test_delivery_drug.py-pageList.py-[line:79]-INFO-[日志信息]: drugOrderInfo_success request success
Wed, 22 Dec 2021 18:47:56-test_delivery_drug.py-delivery_drug.py-[line:35]-INFO-[日志信息]: delivery_drug_success request success
Wed, 22 Dec 2021 18:48:52-test_delivery_drug.py-login.py-[line:74]-INFO-[日志信息]: drugStore_login_success request success
Wed, 22 Dec 2021 18:48:52-test_delivery_drug.py-pageList.py-[line:79]-INFO-[日志信息]: drugOrderInfo_success request success
Wed, 22 Dec 2021 18:48:57-test_delivery_drug.py-delivery_drug.py-[line:35]-INFO-[日志信息]: delivery_drug_success request success
