Tue, 21 Dec 2021 10:25:48-pytest-login.py-[line:35]-INFO-[日志信息]: user_login_success request success
Tue, 21 Dec 2021 10:25:49-pytest-pageList.py-[line:47]-INFO-[日志信息]: pageList_success request success
Tue, 21 Dec 2021 10:25:49-pytest-findRecipeInfoByOrderNo.py-[line:36]-INFO-[日志信息]: getRecipeInfoByOrderNo_success request success
Tue, 21 Dec 2021 10:25:49-pytest-searchSuppliers.py-[line:30]-INFO-[日志信息]: searchSuppliers_success request success
Tue, 21 Dec 2021 10:25:49-pytest-getRecipePrecalculatedFee.py-[line:37]-INFO-[日志信息]: getRecipePrecalculatedFee_success request success
Tue, 21 Dec 2021 10:25:49-pytest-createRecipeOrder.py-[line:68]-INFO-[日志信息]: createRecipeOrder_success request success
Tue, 21 Dec 2021 10:25:50-pytest-getRecipePrecalculatedFee.py-[line:37]-INFO-[日志信息]: getRecipePrecalculatedFee_success request success
Tue, 21 Dec 2021 10:25:50-pytest-searchSuppliers.py-[line:30]-INFO-[日志信息]: searchSuppliers_success request success
Tue, 21 Dec 2021 10:25:50-pytest-searchSuppliers.py-[line:30]-INFO-[日志信息]: searchSuppliers_success request success
Tue, 21 Dec 2021 10:27:25-pytest-login.py-[line:35]-INFO-[日志信息]: user_login_success request success
Tue, 21 Dec 2021 10:27:25-pytest-pageList.py-[line:47]-INFO-[日志信息]: pageList_success request success
Tue, 21 Dec 2021 10:27:26-pytest-findRecipeInfoByOrderNo.py-[line:36]-INFO-[日志信息]: getRecipeInfoByOrderNo_success request success
Tue, 21 Dec 2021 10:27:26-pytest-searchSuppliers.py-[line:30]-INFO-[日志信息]: searchSuppliers_success request success
Tue, 21 Dec 2021 10:27:26-pytest-getRecipePrecalculatedFee.py-[line:37]-INFO-[日志信息]: getRecipePrecalculatedFee_success request success
Tue, 21 Dec 2021 10:27:26-pytest-createRecipeOrder.py-[line:68]-INFO-[日志信息]: createRecipeOrder_success request success
Tue, 21 Dec 2021 10:27:26-pytest-getRecipePrecalculatedFee.py-[line:37]-INFO-[日志信息]: getRecipePrecalculatedFee_success request success
Tue, 21 Dec 2021 10:27:26-pytest-searchSuppliers.py-[line:30]-INFO-[日志信息]: searchSuppliers_success request success
Tue, 21 Dec 2021 10:27:26-pytest-searchSuppliers.py-[line:30]-INFO-[日志信息]: searchSuppliers_success request success
Tue, 21 Dec 2021 10:28:47-pytest-login.py-[line:35]-INFO-[日志信息]: user_login_success request success
Tue, 21 Dec 2021 10:28:47-pytest-pageList.py-[line:47]-INFO-[日志信息]: pageList_success request success
Tue, 21 Dec 2021 10:28:47-pytest-findRecipeInfoByOrderNo.py-[line:36]-INFO-[日志信息]: getRecipeInfoByOrderNo_success request success
Tue, 21 Dec 2021 10:28:47-pytest-searchSuppliers.py-[line:30]-INFO-[日志信息]: searchSuppliers_success request success
Tue, 21 Dec 2021 10:28:48-pytest-getRecipePrecalculatedFee.py-[line:37]-INFO-[日志信息]: getRecipePrecalculatedFee_success request success
Tue, 21 Dec 2021 10:28:48-pytest-createRecipeOrder.py-[line:68]-INFO-[日志信息]: createRecipeOrder_success request success
Tue, 21 Dec 2021 10:28:48-pytest-getRecipePrecalculatedFee.py-[line:37]-INFO-[日志信息]: getRecipePrecalculatedFee_success request success
Tue, 21 Dec 2021 10:28:48-pytest-searchSuppliers.py-[line:30]-INFO-[日志信息]: searchSuppliers_success request success
Tue, 21 Dec 2021 10:28:48-pytest-searchSuppliers.py-[line:30]-INFO-[日志信息]: searchSuppliers_success request success
Tue, 21 Dec 2021 10:30:49-pytest-login.py-[line:35]-INFO-[日志信息]: user_login_success request success
Tue, 21 Dec 2021 10:30:50-pytest-pageList.py-[line:47]-INFO-[日志信息]: pageList_success request success
Tue, 21 Dec 2021 10:30:50-pytest-findRecipeInfoByOrderNo.py-[line:36]-INFO-[日志信息]: getRecipeInfoByOrderNo_success request success
Tue, 21 Dec 2021 10:30:50-pytest-searchSuppliers.py-[line:30]-INFO-[日志信息]: searchSuppliers_success request success
Tue, 21 Dec 2021 10:30:50-pytest-getRecipePrecalculatedFee.py-[line:37]-INFO-[日志信息]: getRecipePrecalculatedFee_success request success
Tue, 21 Dec 2021 10:30:50-pytest-createRecipeOrder.py-[line:68]-INFO-[日志信息]: createRecipeOrder_success request success
Tue, 21 Dec 2021 10:30:50-pytest-getRecipePrecalculatedFee.py-[line:37]-INFO-[日志信息]: getRecipePrecalculatedFee_success request success
Tue, 21 Dec 2021 10:30:50-pytest-searchSuppliers.py-[line:30]-INFO-[日志信息]: searchSuppliers_success request success
Tue, 21 Dec 2021 10:30:51-pytest-searchSuppliers.py-[line:30]-INFO-[日志信息]: searchSuppliers_success request success
Tue, 21 Dec 2021 10:31:57-pytest-login.py-[line:35]-INFO-[日志信息]: user_login_success request success
Tue, 21 Dec 2021 10:31:57-pytest-pageList.py-[line:47]-INFO-[日志信息]: pageList_success request success
Tue, 21 Dec 2021 10:31:57-pytest-findRecipeInfoByOrderNo.py-[line:36]-INFO-[日志信息]: getRecipeInfoByOrderNo_success request success
Tue, 21 Dec 2021 10:31:58-pytest-searchSuppliers.py-[line:30]-INFO-[日志信息]: searchSuppliers_success request success
Tue, 21 Dec 2021 10:31:58-pytest-getRecipePrecalculatedFee.py-[line:37]-INFO-[日志信息]: getRecipePrecalculatedFee_success request success
Tue, 21 Dec 2021 10:31:58-pytest-createRecipeOrder.py-[line:68]-INFO-[日志信息]: createRecipeOrder_success request success
Tue, 21 Dec 2021 10:31:58-pytest-getRecipePrecalculatedFee.py-[line:37]-INFO-[日志信息]: getRecipePrecalculatedFee_success request success
Tue, 21 Dec 2021 10:31:58-pytest-searchSuppliers.py-[line:30]-INFO-[日志信息]: searchSuppliers_success request success
Tue, 21 Dec 2021 10:31:58-pytest-searchSuppliers.py-[line:30]-INFO-[日志信息]: searchSuppliers_success request success
Tue, 21 Dec 2021 10:35:46-pytest-login.py-[line:35]-INFO-[日志信息]: user_login_success request success
Tue, 21 Dec 2021 10:35:46-pytest-pageList.py-[line:47]-INFO-[日志信息]: pageList_success request success
Tue, 21 Dec 2021 10:35:46-pytest-findRecipeInfoByOrderNo.py-[line:36]-INFO-[日志信息]: getRecipeInfoByOrderNo_success request success
Tue, 21 Dec 2021 10:35:47-pytest-searchSuppliers.py-[line:30]-INFO-[日志信息]: searchSuppliers_success request success
Tue, 21 Dec 2021 10:35:47-pytest-getRecipePrecalculatedFee.py-[line:37]-INFO-[日志信息]: getRecipePrecalculatedFee_success request success
Tue, 21 Dec 2021 10:35:47-pytest-createRecipeOrder.py-[line:68]-INFO-[日志信息]: createRecipeOrder_success request success
Tue, 21 Dec 2021 10:35:47-pytest-getRecipePrecalculatedFee.py-[line:37]-INFO-[日志信息]: getRecipePrecalculatedFee_success request success
Tue, 21 Dec 2021 10:35:47-pytest-searchSuppliers.py-[line:30]-INFO-[日志信息]: searchSuppliers_success request success
Tue, 21 Dec 2021 10:35:47-pytest-searchSuppliers.py-[line:30]-INFO-[日志信息]: searchSuppliers_success request success
Tue, 21 Dec 2021 10:36:57-pytest-login.py-[line:35]-INFO-[日志信息]: user_login_success request success
Tue, 21 Dec 2021 10:36:57-pytest-pageList.py-[line:47]-INFO-[日志信息]: pageList_success request success
Tue, 21 Dec 2021 10:36:57-pytest-findRecipeInfoByOrderNo.py-[line:36]-INFO-[日志信息]: getRecipeInfoByOrderNo_success request success
Tue, 21 Dec 2021 10:36:57-pytest-searchSuppliers.py-[line:30]-INFO-[日志信息]: searchSuppliers_success request success
Tue, 21 Dec 2021 10:36:57-pytest-getRecipePrecalculatedFee.py-[line:37]-INFO-[日志信息]: getRecipePrecalculatedFee_success request success
Tue, 21 Dec 2021 10:36:57-pytest-createRecipeOrder.py-[line:64]-INFO-[日志信息]: createRecipeOrder_success request success
Tue, 21 Dec 2021 10:36:58-pytest-getRecipePrecalculatedFee.py-[line:37]-INFO-[日志信息]: getRecipePrecalculatedFee_success request success
Tue, 21 Dec 2021 10:36:58-pytest-searchSuppliers.py-[line:30]-INFO-[日志信息]: searchSuppliers_success request success
Tue, 21 Dec 2021 10:36:58-pytest-searchSuppliers.py-[line:30]-INFO-[日志信息]: searchSuppliers_success request success
Tue, 21 Dec 2021 10:39:04-test_createRecipeOrder.py-login.py-[line:35]-INFO-[日志信息]: user_login_success request success
Tue, 21 Dec 2021 10:39:04-test_createRecipeOrder.py-pageList.py-[line:47]-INFO-[日志信息]: pageList_success request success
Tue, 21 Dec 2021 10:39:05-test_createRecipeOrder.py-findRecipeInfoByOrderNo.py-[line:36]-INFO-[日志信息]: getRecipeInfoByOrderNo_success request success
Tue, 21 Dec 2021 10:39:05-test_createRecipeOrder.py-searchSuppliers.py-[line:30]-INFO-[日志信息]: searchSuppliers_success request success
Tue, 21 Dec 2021 10:39:05-test_createRecipeOrder.py-getRecipePrecalculatedFee.py-[line:37]-INFO-[日志信息]: getRecipePrecalculatedFee_success request success
Tue, 21 Dec 2021 10:39:05-test_createRecipeOrder.py-createRecipeOrder.py-[line:64]-INFO-[日志信息]: createRecipeOrder_success request success
Tue, 21 Dec 2021 10:39:32-test_createRecipeOrder.py-login.py-[line:35]-INFO-[日志信息]: user_login_success request success
Tue, 21 Dec 2021 10:39:32-test_createRecipeOrder.py-pageList.py-[line:47]-INFO-[日志信息]: pageList_success request success
Tue, 21 Dec 2021 10:39:32-test_createRecipeOrder.py-findRecipeInfoByOrderNo.py-[line:36]-INFO-[日志信息]: getRecipeInfoByOrderNo_success request success
Tue, 21 Dec 2021 10:39:32-test_createRecipeOrder.py-searchSuppliers.py-[line:30]-INFO-[日志信息]: searchSuppliers_success request success
Tue, 21 Dec 2021 10:39:33-test_createRecipeOrder.py-getRecipePrecalculatedFee.py-[line:37]-INFO-[日志信息]: getRecipePrecalculatedFee_success request success
Tue, 21 Dec 2021 10:39:33-test_createRecipeOrder.py-createRecipeOrder.py-[line:64]-INFO-[日志信息]: createRecipeOrder_success request success
Tue, 21 Dec 2021 10:40:46-test_createRecipeOrder.py-login.py-[line:35]-INFO-[日志信息]: user_login_success request success
Tue, 21 Dec 2021 10:40:46-test_createRecipeOrder.py-pageList.py-[line:47]-INFO-[日志信息]: pageList_success request success
Tue, 21 Dec 2021 10:40:46-test_createRecipeOrder.py-findRecipeInfoByOrderNo.py-[line:36]-INFO-[日志信息]: getRecipeInfoByOrderNo_success request success
Tue, 21 Dec 2021 10:40:47-test_createRecipeOrder.py-searchSuppliers.py-[line:30]-INFO-[日志信息]: searchSuppliers_success request success
Tue, 21 Dec 2021 10:40:47-test_createRecipeOrder.py-getRecipePrecalculatedFee.py-[line:37]-INFO-[日志信息]: getRecipePrecalculatedFee_success request success
Tue, 21 Dec 2021 10:40:47-test_createRecipeOrder.py-createRecipeOrder.py-[line:66]-INFO-[日志信息]: createRecipeOrder_success request success
Tue, 21 Dec 2021 10:44:48-test_createRecipeOrder.py-login.py-[line:35]-INFO-[日志信息]: user_login_success request success
Tue, 21 Dec 2021 10:44:48-test_createRecipeOrder.py-pageList.py-[line:47]-INFO-[日志信息]: pageList_success request success
Tue, 21 Dec 2021 10:44:49-test_createRecipeOrder.py-findRecipeInfoByOrderNo.py-[line:36]-INFO-[日志信息]: getRecipeInfoByOrderNo_success request success
Tue, 21 Dec 2021 10:44:49-test_createRecipeOrder.py-searchSuppliers.py-[line:30]-INFO-[日志信息]: searchSuppliers_success request success
Tue, 21 Dec 2021 10:44:49-test_createRecipeOrder.py-getRecipePrecalculatedFee.py-[line:37]-INFO-[日志信息]: getRecipePrecalculatedFee_success request success
Tue, 21 Dec 2021 10:44:49-test_createRecipeOrder.py-createRecipeOrder.py-[line:67]-INFO-[日志信息]: createRecipeOrder_success request success
Tue, 21 Dec 2021 10:45:25-test_createRecipeOrder.py-login.py-[line:35]-INFO-[日志信息]: user_login_success request success
Tue, 21 Dec 2021 10:45:25-test_createRecipeOrder.py-pageList.py-[line:47]-INFO-[日志信息]: pageList_success request success
Tue, 21 Dec 2021 10:45:25-test_createRecipeOrder.py-findRecipeInfoByOrderNo.py-[line:36]-INFO-[日志信息]: getRecipeInfoByOrderNo_success request success
Tue, 21 Dec 2021 10:45:25-test_createRecipeOrder.py-searchSuppliers.py-[line:30]-INFO-[日志信息]: searchSuppliers_success request success
Tue, 21 Dec 2021 10:45:25-test_createRecipeOrder.py-getRecipePrecalculatedFee.py-[line:37]-INFO-[日志信息]: getRecipePrecalculatedFee_success request success
Tue, 21 Dec 2021 10:58:17-pytest-login.py-[line:38]-ERROR-[日志信息]: user_login_success request faild,throw error:HTTPSConnectionPool(host='hcnih.bsoft.com.cn', port=443): Max retries exceeded with url: /logon/login (Caused by SSLError(SSLError(1, u'[SSL: UNKNOWN_PROTOCOL] unknown protocol (_ssl.c:727)'),))
Tue, 21 Dec 2021 10:58:38-pytest-login.py-[line:35]-INFO-[日志信息]: user_login_success request success
Tue, 21 Dec 2021 10:58:38-pytest-pageList.py-[line:47]-INFO-[日志信息]: pageList_success request success
Tue, 21 Dec 2021 10:58:38-pytest-findRecipeInfoByOrderNo.py-[line:36]-INFO-[日志信息]: getRecipeInfoByOrderNo_success request success
Tue, 21 Dec 2021 10:58:38-pytest-searchSuppliers.py-[line:30]-INFO-[日志信息]: searchSuppliers_success request success
Tue, 21 Dec 2021 10:58:38-pytest-getRecipePrecalculatedFee.py-[line:37]-INFO-[日志信息]: getRecipePrecalculatedFee_success request success
Tue, 21 Dec 2021 10:58:39-pytest-createRecipeOrder.py-[line:70]-INFO-[日志信息]: createRecipeOrder_success request success
Tue, 21 Dec 2021 10:58:39-pytest-getRecipePrecalculatedFee.py-[line:37]-INFO-[日志信息]: getRecipePrecalculatedFee_success request success
Tue, 21 Dec 2021 10:58:39-pytest-notifyPayResult.py-[line:30]-INFO-[日志信息]: NotifyPayResult_success request success
Tue, 21 Dec 2021 10:58:39-pytest-queryPharmacyChannelListByOrderNo.py-[line:32]-INFO-[日志信息]: drugStorePayList_success request success
Tue, 21 Dec 2021 10:58:39-pytest-searchSuppliers.py-[line:30]-INFO-[日志信息]: searchSuppliers_success request success
Tue, 21 Dec 2021 10:58:39-pytest-searchSuppliers.py-[line:30]-INFO-[日志信息]: searchSuppliers_success request success
Tue, 21 Dec 2021 11:05:16-pytest-login.py-[line:35]-INFO-[日志信息]: user_login_success request success
Tue, 21 Dec 2021 11:05:16-pytest-pageList.py-[line:47]-INFO-[日志信息]: pageList_success request success
Tue, 21 Dec 2021 11:05:17-pytest-findRecipeInfoByOrderNo.py-[line:36]-INFO-[日志信息]: getRecipeInfoByOrderNo_success request success
Tue, 21 Dec 2021 11:05:17-pytest-searchSuppliers.py-[line:30]-INFO-[日志信息]: searchSuppliers_success request success
Tue, 21 Dec 2021 11:05:17-pytest-getRecipePrecalculatedFee.py-[line:37]-INFO-[日志信息]: getRecipePrecalculatedFee_success request success
Tue, 21 Dec 2021 11:05:18-pytest-createRecipeOrder.py-[line:67]-INFO-[日志信息]: createRecipeOrder_success request success
Tue, 21 Dec 2021 11:05:18-pytest-getOrder.py-[line:47]-INFO-[日志信息]: getOrder_success request success
Tue, 21 Dec 2021 11:05:18-pytest-queryPharmacyChannelListByOrderNo.py-[line:32]-INFO-[日志信息]: drugStorePayList_success request success
Tue, 21 Dec 2021 11:05:18-pytest-getRecipePrecalculatedFee.py-[line:37]-INFO-[日志信息]: getRecipePrecalculatedFee_success request success
Tue, 21 Dec 2021 11:05:18-pytest-notifyPayResult.py-[line:30]-INFO-[日志信息]: NotifyPayResult_success request success
Tue, 21 Dec 2021 11:05:19-pytest-searchSuppliers.py-[line:30]-INFO-[日志信息]: searchSuppliers_success request success
Tue, 21 Dec 2021 11:05:19-pytest-searchSuppliers.py-[line:30]-INFO-[日志信息]: searchSuppliers_success request success
Tue, 21 Dec 2021 11:12:14-pytest-login.py-[line:35]-INFO-[日志信息]: user_login_success request success
Tue, 21 Dec 2021 11:12:15-pytest-pageList.py-[line:47]-INFO-[日志信息]: pageList_success request success
Tue, 21 Dec 2021 11:12:15-pytest-findRecipeInfoByOrderNo.py-[line:36]-INFO-[日志信息]: getRecipeInfoByOrderNo_success request success
Tue, 21 Dec 2021 11:12:15-pytest-searchSuppliers.py-[line:30]-INFO-[日志信息]: searchSuppliers_success request success
Tue, 21 Dec 2021 11:12:15-pytest-getRecipePrecalculatedFee.py-[line:37]-INFO-[日志信息]: getRecipePrecalculatedFee_success request success
Tue, 21 Dec 2021 11:12:16-pytest-createRecipeOrder.py-[line:67]-INFO-[日志信息]: createRecipeOrder_success request success
Tue, 21 Dec 2021 11:12:16-pytest-getOrder.py-[line:47]-INFO-[日志信息]: getOrder_success request success
Tue, 21 Dec 2021 11:12:16-pytest-queryPharmacyChannelListByOrderNo.py-[line:32]-INFO-[日志信息]: drugStorePayList_success request success
Tue, 21 Dec 2021 11:12:16-pytest-getRecipePrecalculatedFee.py-[line:37]-INFO-[日志信息]: getRecipePrecalculatedFee_success request success
Tue, 21 Dec 2021 11:12:17-pytest-notifyPayResult.py-[line:30]-INFO-[日志信息]: NotifyPayResult_success request success
Tue, 21 Dec 2021 11:12:17-pytest-searchSuppliers.py-[line:30]-INFO-[日志信息]: searchSuppliers_success request success
Tue, 21 Dec 2021 11:12:17-pytest-searchSuppliers.py-[line:30]-INFO-[日志信息]: searchSuppliers_success request success
Tue, 21 Dec 2021 11:14:30-pytest-login.py-[line:35]-INFO-[日志信息]: user_login_success request success
Tue, 21 Dec 2021 11:14:30-pytest-pageList.py-[line:47]-INFO-[日志信息]: pageList_success request success
Tue, 21 Dec 2021 11:14:30-pytest-findRecipeInfoByOrderNo.py-[line:36]-INFO-[日志信息]: getRecipeInfoByOrderNo_success request success
Tue, 21 Dec 2021 11:14:30-pytest-searchSuppliers.py-[line:30]-INFO-[日志信息]: searchSuppliers_success request success
Tue, 21 Dec 2021 11:14:30-pytest-getRecipePrecalculatedFee.py-[line:37]-INFO-[日志信息]: getRecipePrecalculatedFee_success request success
Tue, 21 Dec 2021 11:14:31-pytest-createRecipeOrder.py-[line:67]-INFO-[日志信息]: createRecipeOrder_success request success
Tue, 21 Dec 2021 11:14:31-pytest-getOrder.py-[line:47]-INFO-[日志信息]: getOrder_success request success
Tue, 21 Dec 2021 11:14:31-pytest-queryPharmacyChannelListByOrderNo.py-[line:32]-INFO-[日志信息]: drugStorePayList_success request success
Tue, 21 Dec 2021 11:14:31-pytest-getRecipePrecalculatedFee.py-[line:37]-INFO-[日志信息]: getRecipePrecalculatedFee_success request success
Tue, 21 Dec 2021 11:14:32-pytest-notifyPayResult.py-[line:30]-INFO-[日志信息]: NotifyPayResult_success request success
Tue, 21 Dec 2021 11:14:32-pytest-searchSuppliers.py-[line:30]-INFO-[日志信息]: searchSuppliers_success request success
Tue, 21 Dec 2021 11:14:32-pytest-searchSuppliers.py-[line:30]-INFO-[日志信息]: searchSuppliers_success request success
Tue, 21 Dec 2021 11:17:52-pytest-login.py-[line:35]-INFO-[日志信息]: user_login_success request success
Tue, 21 Dec 2021 11:17:52-pytest-pageList.py-[line:47]-INFO-[日志信息]: pageList_success request success
Tue, 21 Dec 2021 11:17:52-pytest-findRecipeInfoByOrderNo.py-[line:36]-INFO-[日志信息]: getRecipeInfoByOrderNo_success request success
Tue, 21 Dec 2021 11:17:52-pytest-searchSuppliers.py-[line:30]-INFO-[日志信息]: searchSuppliers_success request success
Tue, 21 Dec 2021 11:17:53-pytest-getRecipePrecalculatedFee.py-[line:37]-INFO-[日志信息]: getRecipePrecalculatedFee_success request success
Tue, 21 Dec 2021 11:17:53-pytest-createRecipeOrder.py-[line:67]-INFO-[日志信息]: createRecipeOrder_success request success
Tue, 21 Dec 2021 11:17:53-pytest-getOrder.py-[line:47]-INFO-[日志信息]: getOrder_success request success
Tue, 21 Dec 2021 11:17:53-pytest-queryPharmacyChannelListByOrderNo.py-[line:32]-INFO-[日志信息]: drugStorePayList_success request success
Tue, 21 Dec 2021 11:17:54-pytest-getRecipePrecalculatedFee.py-[line:37]-INFO-[日志信息]: getRecipePrecalculatedFee_success request success
Tue, 21 Dec 2021 11:17:54-pytest-notifyPayResult.py-[line:30]-INFO-[日志信息]: NotifyPayResult_success request success
Tue, 21 Dec 2021 11:17:54-pytest-searchSuppliers.py-[line:30]-INFO-[日志信息]: searchSuppliers_success request success
Tue, 21 Dec 2021 11:17:54-pytest-searchSuppliers.py-[line:30]-INFO-[日志信息]: searchSuppliers_success request success
Tue, 21 Dec 2021 11:24:24-pytest-login.py-[line:35]-INFO-[日志信息]: user_login_success request success
Tue, 21 Dec 2021 11:24:25-pytest-pageList.py-[line:47]-INFO-[日志信息]: pageList_success request success
Tue, 21 Dec 2021 11:24:25-pytest-findRecipeInfoByOrderNo.py-[line:36]-INFO-[日志信息]: getRecipeInfoByOrderNo_success request success
Tue, 21 Dec 2021 11:24:25-pytest-searchSuppliers.py-[line:30]-INFO-[日志信息]: searchSuppliers_success request success
Tue, 21 Dec 2021 11:24:25-pytest-getRecipePrecalculatedFee.py-[line:37]-INFO-[日志信息]: getRecipePrecalculatedFee_success request success
Tue, 21 Dec 2021 11:24:25-pytest-searchSuppliers.py-[line:30]-INFO-[日志信息]: searchSuppliers_success request success
Tue, 21 Dec 2021 11:24:28-pytest-searchSuppliers.py-[line:30]-INFO-[日志信息]: searchSuppliers_success request success
Tue, 21 Dec 2021 11:26:20-pytest-login.py-[line:35]-INFO-[日志信息]: user_login_success request success
Tue, 21 Dec 2021 11:26:20-pytest-pageList.py-[line:47]-INFO-[日志信息]: pageList_success request success
Tue, 21 Dec 2021 11:26:20-pytest-findRecipeInfoByOrderNo.py-[line:36]-INFO-[日志信息]: getRecipeInfoByOrderNo_success request success
Tue, 21 Dec 2021 11:26:20-pytest-searchSuppliers.py-[line:30]-INFO-[日志信息]: searchSuppliers_success request success
Tue, 21 Dec 2021 11:26:20-pytest-getRecipePrecalculatedFee.py-[line:37]-INFO-[日志信息]: getRecipePrecalculatedFee_success request success
Tue, 21 Dec 2021 11:26:20-pytest-searchSuppliers.py-[line:30]-INFO-[日志信息]: searchSuppliers_success request success
Tue, 21 Dec 2021 11:26:21-pytest-searchSuppliers.py-[line:30]-INFO-[日志信息]: searchSuppliers_success request success
Tue, 21 Dec 2021 11:26:47-pytest-login.py-[line:35]-INFO-[日志信息]: user_login_success request success
Tue, 21 Dec 2021 11:26:47-pytest-pageList.py-[line:47]-INFO-[日志信息]: pageList_success request success
Tue, 21 Dec 2021 11:26:47-pytest-findRecipeInfoByOrderNo.py-[line:36]-INFO-[日志信息]: getRecipeInfoByOrderNo_success request success
Tue, 21 Dec 2021 11:26:48-pytest-searchSuppliers.py-[line:30]-INFO-[日志信息]: searchSuppliers_success request success
Tue, 21 Dec 2021 11:26:48-pytest-getRecipePrecalculatedFee.py-[line:37]-INFO-[日志信息]: getRecipePrecalculatedFee_success request success
Tue, 21 Dec 2021 11:26:49-pytest-createRecipeOrder.py-[line:67]-INFO-[日志信息]: createRecipeOrder_success request success
Tue, 21 Dec 2021 11:26:49-pytest-getOrder.py-[line:47]-INFO-[日志信息]: getOrder_success request success
Tue, 21 Dec 2021 11:26:49-pytest-queryPharmacyChannelListByOrderNo.py-[line:32]-INFO-[日志信息]: drugStorePayList_success request success
Tue, 21 Dec 2021 11:26:50-pytest-getRecipePrecalculatedFee.py-[line:37]-INFO-[日志信息]: getRecipePrecalculatedFee_success request success
Tue, 21 Dec 2021 11:26:50-pytest-notifyPayResult.py-[line:30]-INFO-[日志信息]: NotifyPayResult_success request success
Tue, 21 Dec 2021 11:26:50-pytest-searchSuppliers.py-[line:30]-INFO-[日志信息]: searchSuppliers_success request success
Tue, 21 Dec 2021 11:26:50-pytest-searchSuppliers.py-[line:30]-INFO-[日志信息]: searchSuppliers_success request success
Tue, 21 Dec 2021 11:29:58-pytest-login.py-[line:35]-INFO-[日志信息]: user_login_success request success
Tue, 21 Dec 2021 11:29:58-pytest-pageList.py-[line:47]-INFO-[日志信息]: pageList_success request success
Tue, 21 Dec 2021 11:29:58-pytest-findRecipeInfoByOrderNo.py-[line:36]-INFO-[日志信息]: getRecipeInfoByOrderNo_success request success
Tue, 21 Dec 2021 11:29:58-pytest-searchSuppliers.py-[line:30]-INFO-[日志信息]: searchSuppliers_success request success
Tue, 21 Dec 2021 11:29:58-pytest-getRecipePrecalculatedFee.py-[line:37]-INFO-[日志信息]: getRecipePrecalculatedFee_success request success
Tue, 21 Dec 2021 11:29:59-pytest-createRecipeOrder.py-[line:67]-INFO-[日志信息]: createRecipeOrder_success request success
Tue, 21 Dec 2021 11:29:59-pytest-getOrder.py-[line:47]-INFO-[日志信息]: getOrder_success request success
Tue, 21 Dec 2021 11:29:59-pytest-queryPharmacyChannelListByOrderNo.py-[line:32]-INFO-[日志信息]: drugStorePayList_success request success
Tue, 21 Dec 2021 11:30:00-pytest-getRecipePrecalculatedFee.py-[line:37]-INFO-[日志信息]: getRecipePrecalculatedFee_success request success
Tue, 21 Dec 2021 11:30:00-pytest-notifyPayResult.py-[line:30]-INFO-[日志信息]: NotifyPayResult_success request success
Tue, 21 Dec 2021 11:30:00-pytest-searchSuppliers.py-[line:30]-INFO-[日志信息]: searchSuppliers_success request success
Tue, 21 Dec 2021 11:30:00-pytest-searchSuppliers.py-[line:30]-INFO-[日志信息]: searchSuppliers_success request success
Tue, 21 Dec 2021 11:34:15-conftest.py-queryPharmacyChannelListByOrderNo.py-[line:32]-INFO-[日志信息]: drugStorePayList_success request success
Tue, 21 Dec 2021 11:34:36-conftest.py-queryPharmacyChannelListByOrderNo.py-[line:32]-INFO-[日志信息]: drugStorePayList_success request success
Tue, 21 Dec 2021 11:34:44-conftest.py-queryPharmacyChannelListByOrderNo.py-[line:32]-INFO-[日志信息]: drugStorePayList_success request success
Tue, 21 Dec 2021 11:35:24-conftest.py-queryPharmacyChannelListByOrderNo.py-[line:35]-ERROR-[日志信息]: drugStorePayList_success request faild,throw error:HTTPSConnectionPool(host='hcnih.bsoft.com.cn', port=443): Max retries exceeded with url: /*.jsonRequest (Caused by SSLError(SSLError(1, u'[SSL: UNKNOWN_PROTOCOL] unknown protocol (_ssl.c:727)'),))
Tue, 21 Dec 2021 11:35:39-conftest.py-queryPharmacyChannelListByOrderNo.py-[line:35]-ERROR-[日志信息]: drugStorePayList_success request faild,throw error:HTTPSConnectionPool(host='hcnih.bsoft.com.cn', port=443): Max retries exceeded with url: /*.jsonRequest (Caused by SSLError(SSLError(1, u'[SSL: UNKNOWN_PROTOCOL] unknown protocol (_ssl.c:727)'),))
Tue, 21 Dec 2021 11:36:06-conftest.py-queryPharmacyChannelListByOrderNo.py-[line:37]-ERROR-[日志信息]: drugStorePayList_success request faild,throw error:HTTPSConnectionPool(host='hcnih.bsoft.com.cn', port=443): Max retries exceeded with url: /*.jsonRequest (Caused by SSLError(SSLError(1, u'[SSL: UNKNOWN_PROTOCOL] unknown protocol (_ssl.c:727)'),))
Tue, 21 Dec 2021 11:37:06-conftest.py-queryPharmacyChannelListByOrderNo.py-[line:37]-ERROR-[日志信息]: drugStorePayList_success request faild,throw error:HTTPSConnectionPool(host='hcnih.bsoft.com.cn', port=443): Max retries exceeded with url: /*.jsonRequest (Caused by SSLError(SSLError(1, u'[SSL: UNKNOWN_PROTOCOL] unknown protocol (_ssl.c:727)'),))
Tue, 21 Dec 2021 11:37:47-conftest.py-queryPharmacyChannelListByOrderNo.py-[line:37]-ERROR-[日志信息]: drugStorePayList_success request faild,throw error:HTTPSConnectionPool(host='hcnih.bsoft.com.cn', port=443): Max retries exceeded with url: /*.jsonRequest (Caused by SSLError(SSLError(1, u'[SSL: UNKNOWN_PROTOCOL] unknown protocol (_ssl.c:727)'),))
Tue, 21 Dec 2021 11:38:04-conftest.py-queryPharmacyChannelListByOrderNo.py-[line:38]-ERROR-[日志信息]: drugStorePayList_success request faild,throw error:HTTPSConnectionPool(host='hcnih.bsoft.com.cn', port=443): Max retries exceeded with url: /*.jsonRequest (Caused by SSLError(SSLError(1, u'[SSL: UNKNOWN_PROTOCOL] unknown protocol (_ssl.c:727)'),))
Tue, 21 Dec 2021 11:38:35-conftest.py-queryPharmacyChannelListByOrderNo.py-[line:39]-ERROR-[日志信息]: drugStorePayList_success request faild,throw error:HTTPSConnectionPool(host='hcnih.bsoft.com.cn', port=443): Max retries exceeded with url: /*.jsonRequest (Caused by SSLError(SSLError(1, u'[SSL: UNKNOWN_PROTOCOL] unknown protocol (_ssl.c:727)'),))
Tue, 21 Dec 2021 11:38:53-conftest.py-queryPharmacyChannelListByOrderNo.py-[line:40]-ERROR-[日志信息]: drugStorePayList_success request faild,throw error:HTTPSConnectionPool(host='hcnih.bsoft.com.cn', port=443): Max retries exceeded with url: /*.jsonRequest (Caused by SSLError(SSLError(1, u'[SSL: UNKNOWN_PROTOCOL] unknown protocol (_ssl.c:727)'),))
Tue, 21 Dec 2021 11:39:15-conftest.py-queryPharmacyChannelListByOrderNo.py-[line:40]-ERROR-[日志信息]: drugStorePayList_success request faild,throw error:too many values to unpack
Tue, 21 Dec 2021 11:39:29-conftest.py-queryPharmacyChannelListByOrderNo.py-[line:40]-ERROR-[日志信息]: drugStorePayList_success request faild,throw error:too many values to unpack
Tue, 21 Dec 2021 11:39:58-conftest.py-queryPharmacyChannelListByOrderNo.py-[line:41]-ERROR-[日志信息]: drugStorePayList_success request faild,throw error:HTTPSConnectionPool(host='hcnih.bsoft.com.cn', port=443): Max retries exceeded with url: /*.jsonRequest (Caused by SSLError(SSLError(1, u'[SSL: UNKNOWN_PROTOCOL] unknown protocol (_ssl.c:727)'),))
Tue, 21 Dec 2021 13:37:15-conftest.py-queryPharmacyChannelListByOrderNo.py-[line:37]-INFO-[日志信息]: drugStorePayList_success request success
Tue, 21 Dec 2021 13:37:30-conftest.py-queryPharmacyChannelListByOrderNo.py-[line:37]-INFO-[日志信息]: drugStorePayList_success request success
Tue, 21 Dec 2021 13:38:10-conftest.py-queryPharmacyChannelListByOrderNo.py-[line:35]-INFO-[日志信息]: drugStorePayList_success request success
Tue, 21 Dec 2021 13:38:44-conftest.py-queryPharmacyChannelListByOrderNo.py-[line:35]-INFO-[日志信息]: drugStorePayList_success request success
Tue, 21 Dec 2021 13:39:03-conftest.py-queryPharmacyChannelListByOrderNo.py-[line:35]-INFO-[日志信息]: drugStorePayList_success request success
Tue, 21 Dec 2021 13:39:12-conftest.py-queryPharmacyChannelListByOrderNo.py-[line:35]-INFO-[日志信息]: drugStorePayList_success request success
Tue, 21 Dec 2021 13:39:32-conftest.py-queryPharmacyChannelListByOrderNo.py-[line:35]-INFO-[日志信息]: drugStorePayList_success request success
Tue, 21 Dec 2021 13:39:38-conftest.py-queryPharmacyChannelListByOrderNo.py-[line:35]-INFO-[日志信息]: drugStorePayList_success request success
Tue, 21 Dec 2021 13:39:49-conftest.py-queryPharmacyChannelListByOrderNo.py-[line:35]-INFO-[日志信息]: drugStorePayList_success request success
Tue, 21 Dec 2021 13:42:25-pytest-login.py-[line:35]-INFO-[日志信息]: user_login_success request success
Tue, 21 Dec 2021 13:42:25-pytest-pageList.py-[line:47]-INFO-[日志信息]: pageList_success request success
Tue, 21 Dec 2021 13:57:41-pytest-login.py-[line:35]-INFO-[日志信息]: user_login_success request success
Tue, 21 Dec 2021 13:57:42-pytest-pageList.py-[line:47]-INFO-[日志信息]: pageList_success request success
Tue, 21 Dec 2021 15:17:03-pytest-login.py-[line:35]-INFO-[日志信息]: user_login_success request success
Tue, 21 Dec 2021 15:17:03-pytest-pageList.py-[line:47]-INFO-[日志信息]: pageList_success request success
Tue, 21 Dec 2021 15:17:03-pytest-findRecipeInfoByOrderNo.py-[line:36]-INFO-[日志信息]: getRecipeInfoByOrderNo_success request success
Tue, 21 Dec 2021 15:17:03-pytest-searchSuppliers.py-[line:30]-INFO-[日志信息]: searchSuppliers_success request success
Tue, 21 Dec 2021 15:17:03-pytest-getRecipePrecalculatedFee.py-[line:37]-INFO-[日志信息]: getRecipePrecalculatedFee_success request success
Tue, 21 Dec 2021 15:17:04-pytest-createRecipeOrder.py-[line:67]-INFO-[日志信息]: createRecipeOrder_success request success
Tue, 21 Dec 2021 15:17:04-pytest-getOrder.py-[line:47]-INFO-[日志信息]: getOrder_success request success
Tue, 21 Dec 2021 15:17:04-pytest-getRecipePrecalculatedFee.py-[line:37]-INFO-[日志信息]: getRecipePrecalculatedFee_success request success
Tue, 21 Dec 2021 15:17:04-pytest-notifyPayResult.py-[line:30]-INFO-[日志信息]: NotifyPayResult_success request success
Tue, 21 Dec 2021 15:17:04-pytest-searchSuppliers.py-[line:30]-INFO-[日志信息]: searchSuppliers_success request success
Tue, 21 Dec 2021 15:17:04-pytest-searchSuppliers.py-[line:30]-INFO-[日志信息]: searchSuppliers_success request success
Tue, 21 Dec 2021 15:22:13-pytest-login.py-[line:35]-INFO-[日志信息]: user_login_success request success
Tue, 21 Dec 2021 15:22:13-pytest-pageList.py-[line:47]-INFO-[日志信息]: pageList_success request success
Tue, 21 Dec 2021 15:22:13-pytest-findRecipeInfoByOrderNo.py-[line:36]-INFO-[日志信息]: getRecipeInfoByOrderNo_success request success
Tue, 21 Dec 2021 15:22:13-pytest-searchSuppliers.py-[line:30]-INFO-[日志信息]: searchSuppliers_success request success
Tue, 21 Dec 2021 15:22:13-pytest-getRecipePrecalculatedFee.py-[line:37]-INFO-[日志信息]: getRecipePrecalculatedFee_success request success
Tue, 21 Dec 2021 15:22:13-pytest-searchSuppliers.py-[line:30]-INFO-[日志信息]: searchSuppliers_success request success
Tue, 21 Dec 2021 15:22:13-pytest-searchSuppliers.py-[line:30]-INFO-[日志信息]: searchSuppliers_success request success
Tue, 21 Dec 2021 15:23:18-pytest-login.py-[line:35]-INFO-[日志信息]: user_login_success request success
Tue, 21 Dec 2021 15:23:18-pytest-pageList.py-[line:47]-INFO-[日志信息]: pageList_success request success
Tue, 21 Dec 2021 15:23:18-pytest-findRecipeInfoByOrderNo.py-[line:36]-INFO-[日志信息]: getRecipeInfoByOrderNo_success request success
Tue, 21 Dec 2021 15:23:18-pytest-searchSuppliers.py-[line:30]-INFO-[日志信息]: searchSuppliers_success request success
Tue, 21 Dec 2021 15:23:18-pytest-getRecipePrecalculatedFee.py-[line:37]-INFO-[日志信息]: getRecipePrecalculatedFee_success request success
Tue, 21 Dec 2021 15:23:19-pytest-createRecipeOrder.py-[line:67]-INFO-[日志信息]: createRecipeOrder_success request success
Tue, 21 Dec 2021 15:23:19-pytest-getOrder.py-[line:47]-INFO-[日志信息]: getOrder_success request success
Tue, 21 Dec 2021 15:23:19-pytest-queryPharmacyChannelListByOrderNo.py-[line:38]-ERROR-[日志信息]: drugStorePayList_success request faild,throw error:<Response [200]> is not JSON serializable
Tue, 21 Dec 2021 15:23:19-pytest-getRecipePrecalculatedFee.py-[line:37]-INFO-[日志信息]: getRecipePrecalculatedFee_success request success
Tue, 21 Dec 2021 15:23:19-pytest-notifyPayResult.py-[line:30]-INFO-[日志信息]: NotifyPayResult_success request success
Tue, 21 Dec 2021 15:23:19-pytest-searchSuppliers.py-[line:30]-INFO-[日志信息]: searchSuppliers_success request success
Tue, 21 Dec 2021 15:23:20-pytest-searchSuppliers.py-[line:30]-INFO-[日志信息]: searchSuppliers_success request success
Tue, 21 Dec 2021 15:26:31-pytest-login.py-[line:35]-INFO-[日志信息]: user_login_success request success
Tue, 21 Dec 2021 15:26:32-pytest-pageList.py-[line:47]-INFO-[日志信息]: pageList_success request success
Tue, 21 Dec 2021 15:26:32-pytest-findRecipeInfoByOrderNo.py-[line:36]-INFO-[日志信息]: getRecipeInfoByOrderNo_success request success
Tue, 21 Dec 2021 15:26:32-pytest-searchSuppliers.py-[line:30]-INFO-[日志信息]: searchSuppliers_success request success
Tue, 21 Dec 2021 15:26:32-pytest-getRecipePrecalculatedFee.py-[line:37]-INFO-[日志信息]: getRecipePrecalculatedFee_success request success
Tue, 21 Dec 2021 15:26:32-pytest-createRecipeOrder.py-[line:67]-INFO-[日志信息]: createRecipeOrder_success request success
Tue, 21 Dec 2021 15:26:33-pytest-getOrder.py-[line:47]-INFO-[日志信息]: getOrder_success request success
Tue, 21 Dec 2021 15:26:33-pytest-queryPharmacyChannelListByOrderNo.py-[line:38]-ERROR-[日志信息]: drugStorePayList_success request faild,throw error:<Response [200]> is not JSON serializable
Tue, 21 Dec 2021 15:26:33-pytest-getRecipePrecalculatedFee.py-[line:37]-INFO-[日志信息]: getRecipePrecalculatedFee_success request success
Tue, 21 Dec 2021 15:26:33-pytest-notifyPayResult.py-[line:30]-INFO-[日志信息]: NotifyPayResult_success request success
Tue, 21 Dec 2021 15:26:33-pytest-searchSuppliers.py-[line:30]-INFO-[日志信息]: searchSuppliers_success request success
Tue, 21 Dec 2021 15:26:33-pytest-searchSuppliers.py-[line:30]-INFO-[日志信息]: searchSuppliers_success request success
Tue, 21 Dec 2021 15:28:26-pytest-login.py-[line:35]-INFO-[日志信息]: user_login_success request success
Tue, 21 Dec 2021 15:28:26-pytest-pageList.py-[line:47]-INFO-[日志信息]: pageList_success request success
Tue, 21 Dec 2021 15:28:26-pytest-findRecipeInfoByOrderNo.py-[line:36]-INFO-[日志信息]: getRecipeInfoByOrderNo_success request success
Tue, 21 Dec 2021 15:28:27-pytest-searchSuppliers.py-[line:30]-INFO-[日志信息]: searchSuppliers_success request success
Tue, 21 Dec 2021 15:28:27-pytest-getRecipePrecalculatedFee.py-[line:37]-INFO-[日志信息]: getRecipePrecalculatedFee_success request success
Tue, 21 Dec 2021 15:28:27-pytest-createRecipeOrder.py-[line:67]-INFO-[日志信息]: createRecipeOrder_success request success
Tue, 21 Dec 2021 15:28:27-pytest-getOrder.py-[line:47]-INFO-[日志信息]: getOrder_success request success
Tue, 21 Dec 2021 15:28:28-pytest-queryPharmacyChannelListByOrderNo.py-[line:35]-INFO-[日志信息]: drugStorePayList_success request success
Tue, 21 Dec 2021 15:28:28-pytest-getRecipePrecalculatedFee.py-[line:37]-INFO-[日志信息]: getRecipePrecalculatedFee_success request success
Tue, 21 Dec 2021 15:28:28-pytest-notifyPayResult.py-[line:30]-INFO-[日志信息]: NotifyPayResult_success request success
Tue, 21 Dec 2021 15:28:28-pytest-searchSuppliers.py-[line:30]-INFO-[日志信息]: searchSuppliers_success request success
Tue, 21 Dec 2021 15:28:28-pytest-searchSuppliers.py-[line:30]-INFO-[日志信息]: searchSuppliers_success request success
Tue, 21 Dec 2021 15:34:48-pytest-login.py-[line:35]-INFO-[日志信息]: user_login_success request success
Tue, 21 Dec 2021 15:34:48-pytest-pageList.py-[line:47]-INFO-[日志信息]: pageList_success request success
Tue, 21 Dec 2021 15:34:48-pytest-findRecipeInfoByOrderNo.py-[line:36]-INFO-[日志信息]: getRecipeInfoByOrderNo_success request success
Tue, 21 Dec 2021 15:34:48-pytest-searchSuppliers.py-[line:30]-INFO-[日志信息]: searchSuppliers_success request success
Tue, 21 Dec 2021 15:34:48-pytest-getRecipePrecalculatedFee.py-[line:37]-INFO-[日志信息]: getRecipePrecalculatedFee_success request success
Tue, 21 Dec 2021 15:34:48-pytest-createRecipeOrder.py-[line:67]-INFO-[日志信息]: createRecipeOrder_success request success
Tue, 21 Dec 2021 15:34:49-pytest-getOrder.py-[line:47]-INFO-[日志信息]: getOrder_success request success
Tue, 21 Dec 2021 15:34:49-pytest-queryPharmacyChannelListByOrderNo.py-[line:35]-INFO-[日志信息]: drugStorePayList_success request success
Tue, 21 Dec 2021 15:34:49-pytest-getRecipePrecalculatedFee.py-[line:37]-INFO-[日志信息]: getRecipePrecalculatedFee_success request success
Tue, 21 Dec 2021 15:34:49-pytest-notifyPayResult.py-[line:30]-INFO-[日志信息]: NotifyPayResult_success request success
Tue, 21 Dec 2021 15:34:49-pytest-searchSuppliers.py-[line:30]-INFO-[日志信息]: searchSuppliers_success request success
Tue, 21 Dec 2021 15:34:49-pytest-searchSuppliers.py-[line:30]-INFO-[日志信息]: searchSuppliers_success request success
Tue, 21 Dec 2021 15:37:54-conftest.py-queryPharmacyChannelListByOrderNo.py-[line:35]-INFO-[日志信息]: drugStorePayList_success request success
Tue, 21 Dec 2021 15:38:04-conftest.py-queryPharmacyChannelListByOrderNo.py-[line:35]-INFO-[日志信息]: drugStorePayList_success request success
Tue, 21 Dec 2021 15:38:18-conftest.py-queryPharmacyChannelListByOrderNo.py-[line:35]-INFO-[日志信息]: drugStorePayList_success request success
Tue, 21 Dec 2021 15:38:21-conftest.py-queryPharmacyChannelListByOrderNo.py-[line:35]-INFO-[日志信息]: drugStorePayList_success request success
Tue, 21 Dec 2021 15:38:43-conftest.py-queryPharmacyChannelListByOrderNo.py-[line:35]-INFO-[日志信息]: drugStorePayList_success request success
Tue, 21 Dec 2021 15:38:54-conftest.py-queryPharmacyChannelListByOrderNo.py-[line:35]-INFO-[日志信息]: drugStorePayList_success request success
Tue, 21 Dec 2021 15:39:00-conftest.py-queryPharmacyChannelListByOrderNo.py-[line:35]-INFO-[日志信息]: drugStorePayList_success request success
Tue, 21 Dec 2021 15:39:09-conftest.py-queryPharmacyChannelListByOrderNo.py-[line:35]-INFO-[日志信息]: drugStorePayList_success request success
Tue, 21 Dec 2021 15:43:40-pytest-login.py-[line:35]-INFO-[日志信息]: user_login_success request success
Tue, 21 Dec 2021 15:43:40-pytest-pageList.py-[line:47]-INFO-[日志信息]: pageList_success request success
Tue, 21 Dec 2021 15:43:40-pytest-findRecipeInfoByOrderNo.py-[line:36]-INFO-[日志信息]: getRecipeInfoByOrderNo_success request success
Tue, 21 Dec 2021 15:43:40-pytest-searchSuppliers.py-[line:30]-INFO-[日志信息]: searchSuppliers_success request success
Tue, 21 Dec 2021 15:43:40-pytest-getRecipePrecalculatedFee.py-[line:37]-INFO-[日志信息]: getRecipePrecalculatedFee_success request success
Tue, 21 Dec 2021 15:43:41-pytest-createRecipeOrder.py-[line:67]-INFO-[日志信息]: createRecipeOrder_success request success
Tue, 21 Dec 2021 15:43:41-pytest-getOrder.py-[line:45]-INFO-[日志信息]: getOrder_success request success
Tue, 21 Dec 2021 15:43:41-pytest-getRecipePrecalculatedFee.py-[line:37]-INFO-[日志信息]: getRecipePrecalculatedFee_success request success
Tue, 21 Dec 2021 15:43:41-pytest-notifyPayResult.py-[line:30]-INFO-[日志信息]: NotifyPayResult_success request success
Tue, 21 Dec 2021 15:43:41-pytest-searchSuppliers.py-[line:30]-INFO-[日志信息]: searchSuppliers_success request success
Tue, 21 Dec 2021 15:43:41-pytest-searchSuppliers.py-[line:30]-INFO-[日志信息]: searchSuppliers_success request success
Tue, 21 Dec 2021 15:44:34-pytest-login.py-[line:35]-INFO-[日志信息]: user_login_success request success
Tue, 21 Dec 2021 15:44:34-pytest-pageList.py-[line:47]-INFO-[日志信息]: pageList_success request success
Tue, 21 Dec 2021 15:44:34-pytest-findRecipeInfoByOrderNo.py-[line:36]-INFO-[日志信息]: getRecipeInfoByOrderNo_success request success
Tue, 21 Dec 2021 15:44:34-pytest-searchSuppliers.py-[line:30]-INFO-[日志信息]: searchSuppliers_success request success
Tue, 21 Dec 2021 15:44:34-pytest-getRecipePrecalculatedFee.py-[line:37]-INFO-[日志信息]: getRecipePrecalculatedFee_success request success
Tue, 21 Dec 2021 15:44:35-pytest-createRecipeOrder.py-[line:67]-INFO-[日志信息]: createRecipeOrder_success request success
Tue, 21 Dec 2021 15:44:35-pytest-getOrder.py-[line:45]-INFO-[日志信息]: getOrder_success request success
Tue, 21 Dec 2021 15:44:35-pytest-queryPharmacyChannelListByOrderNo.py-[line:35]-INFO-[日志信息]: drugStorePayList_success request success
Tue, 21 Dec 2021 15:44:35-pytest-getRecipePrecalculatedFee.py-[line:37]-INFO-[日志信息]: getRecipePrecalculatedFee_success request success
Tue, 21 Dec 2021 15:44:36-pytest-notifyPayResult.py-[line:30]-INFO-[日志信息]: NotifyPayResult_success request success
Tue, 21 Dec 2021 15:44:36-pytest-searchSuppliers.py-[line:30]-INFO-[日志信息]: searchSuppliers_success request success
Tue, 21 Dec 2021 15:44:36-pytest-searchSuppliers.py-[line:30]-INFO-[日志信息]: searchSuppliers_success request success
Tue, 21 Dec 2021 15:48:52-pytest-login.py-[line:35]-INFO-[日志信息]: user_login_success request success
Tue, 21 Dec 2021 15:48:52-pytest-pageList.py-[line:47]-INFO-[日志信息]: pageList_success request success
Tue, 21 Dec 2021 15:48:52-pytest-findRecipeInfoByOrderNo.py-[line:36]-INFO-[日志信息]: getRecipeInfoByOrderNo_success request success
Tue, 21 Dec 2021 15:48:52-pytest-searchSuppliers.py-[line:30]-INFO-[日志信息]: searchSuppliers_success request success
Tue, 21 Dec 2021 15:48:52-pytest-getRecipePrecalculatedFee.py-[line:37]-INFO-[日志信息]: getRecipePrecalculatedFee_success request success
Tue, 21 Dec 2021 15:48:53-pytest-createRecipeOrder.py-[line:67]-INFO-[日志信息]: createRecipeOrder_success request success
Tue, 21 Dec 2021 15:48:53-pytest-getOrder.py-[line:45]-INFO-[日志信息]: getOrder_success request success
Tue, 21 Dec 2021 15:48:53-pytest-queryPharmacyChannelListByOrderNo.py-[line:35]-INFO-[日志信息]: drugStorePayList_success request success
Tue, 21 Dec 2021 15:48:53-pytest-getRecipePrecalculatedFee.py-[line:37]-INFO-[日志信息]: getRecipePrecalculatedFee_success request success
Tue, 21 Dec 2021 15:48:53-pytest-notifyPayResult.py-[line:30]-INFO-[日志信息]: NotifyPayResult_success request success
Tue, 21 Dec 2021 15:48:53-pytest-searchSuppliers.py-[line:30]-INFO-[日志信息]: searchSuppliers_success request success
Tue, 21 Dec 2021 15:48:53-pytest-searchSuppliers.py-[line:30]-INFO-[日志信息]: searchSuppliers_success request success
Tue, 21 Dec 2021 15:50:27-pytest-login.py-[line:35]-INFO-[日志信息]: user_login_success request success
Tue, 21 Dec 2021 15:50:27-pytest-pageList.py-[line:47]-INFO-[日志信息]: pageList_success request success
Tue, 21 Dec 2021 15:50:27-pytest-findRecipeInfoByOrderNo.py-[line:36]-INFO-[日志信息]: getRecipeInfoByOrderNo_success request success
Tue, 21 Dec 2021 15:50:27-pytest-searchSuppliers.py-[line:30]-INFO-[日志信息]: searchSuppliers_success request success
Tue, 21 Dec 2021 15:50:27-pytest-getRecipePrecalculatedFee.py-[line:37]-INFO-[日志信息]: getRecipePrecalculatedFee_success request success
Tue, 21 Dec 2021 15:50:27-pytest-createRecipeOrder.py-[line:67]-INFO-[日志信息]: createRecipeOrder_success request success
Tue, 21 Dec 2021 15:50:27-pytest-getRecipePrecalculatedFee.py-[line:37]-INFO-[日志信息]: getRecipePrecalculatedFee_success request success
Tue, 21 Dec 2021 15:50:28-pytest-searchSuppliers.py-[line:30]-INFO-[日志信息]: searchSuppliers_success request success
Tue, 21 Dec 2021 15:50:28-pytest-searchSuppliers.py-[line:30]-INFO-[日志信息]: searchSuppliers_success request success
Tue, 21 Dec 2021 15:52:01-pytest-login.py-[line:35]-INFO-[日志信息]: user_login_success request success
Tue, 21 Dec 2021 15:52:01-pytest-pageList.py-[line:47]-INFO-[日志信息]: pageList_success request success
Tue, 21 Dec 2021 15:52:02-pytest-findRecipeInfoByOrderNo.py-[line:36]-INFO-[日志信息]: getRecipeInfoByOrderNo_success request success
Tue, 21 Dec 2021 15:52:02-pytest-searchSuppliers.py-[line:30]-INFO-[日志信息]: searchSuppliers_success request success
Tue, 21 Dec 2021 15:52:02-pytest-getRecipePrecalculatedFee.py-[line:37]-INFO-[日志信息]: getRecipePrecalculatedFee_success request success
Tue, 21 Dec 2021 15:52:05-pytest-createRecipeOrder.py-[line:67]-INFO-[日志信息]: createRecipeOrder_success request success
Tue, 21 Dec 2021 15:52:05-pytest-getOrder.py-[line:45]-INFO-[日志信息]: getOrder_success request success
Tue, 21 Dec 2021 15:52:06-pytest-queryPharmacyChannelListByOrderNo.py-[line:36]-INFO-[日志信息]: drugStorePayList_success request success
Tue, 21 Dec 2021 15:52:06-pytest-getRecipePrecalculatedFee.py-[line:37]-INFO-[日志信息]: getRecipePrecalculatedFee_success request success
Tue, 21 Dec 2021 15:52:07-pytest-notifyPayResult.py-[line:30]-INFO-[日志信息]: NotifyPayResult_success request success
Tue, 21 Dec 2021 15:52:07-pytest-searchSuppliers.py-[line:30]-INFO-[日志信息]: searchSuppliers_success request success
Tue, 21 Dec 2021 15:52:07-pytest-searchSuppliers.py-[line:30]-INFO-[日志信息]: searchSuppliers_success request success
Tue, 21 Dec 2021 15:54:26-pytest-login.py-[line:35]-INFO-[日志信息]: user_login_success request success
Tue, 21 Dec 2021 15:54:26-pytest-pageList.py-[line:47]-INFO-[日志信息]: pageList_success request success
Tue, 21 Dec 2021 15:54:26-pytest-findRecipeInfoByOrderNo.py-[line:36]-INFO-[日志信息]: getRecipeInfoByOrderNo_success request success
Tue, 21 Dec 2021 15:54:26-pytest-searchSuppliers.py-[line:30]-INFO-[日志信息]: searchSuppliers_success request success
Tue, 21 Dec 2021 15:54:26-pytest-getRecipePrecalculatedFee.py-[line:37]-INFO-[日志信息]: getRecipePrecalculatedFee_success request success
Tue, 21 Dec 2021 15:54:27-pytest-createRecipeOrder.py-[line:67]-INFO-[日志信息]: createRecipeOrder_success request success
Tue, 21 Dec 2021 15:54:27-pytest-getOrder.py-[line:45]-INFO-[日志信息]: getOrder_success request success
Tue, 21 Dec 2021 15:54:27-pytest-queryPharmacyChannelListByOrderNo.py-[line:36]-INFO-[日志信息]: drugStorePayList_success request success
Tue, 21 Dec 2021 15:54:27-pytest-getRecipePrecalculatedFee.py-[line:37]-INFO-[日志信息]: getRecipePrecalculatedFee_success request success
Tue, 21 Dec 2021 15:54:27-pytest-notifyPayResult.py-[line:30]-INFO-[日志信息]: NotifyPayResult_success request success
Tue, 21 Dec 2021 15:54:28-pytest-searchSuppliers.py-[line:30]-INFO-[日志信息]: searchSuppliers_success request success
Tue, 21 Dec 2021 15:54:28-pytest-searchSuppliers.py-[line:30]-INFO-[日志信息]: searchSuppliers_success request success
Tue, 21 Dec 2021 15:55:30-pytest-login.py-[line:35]-INFO-[日志信息]: user_login_success request success
Tue, 21 Dec 2021 15:55:30-pytest-pageList.py-[line:47]-INFO-[日志信息]: pageList_success request success
Tue, 21 Dec 2021 15:55:30-pytest-findRecipeInfoByOrderNo.py-[line:36]-INFO-[日志信息]: getRecipeInfoByOrderNo_success request success
Tue, 21 Dec 2021 15:55:30-pytest-searchSuppliers.py-[line:30]-INFO-[日志信息]: searchSuppliers_success request success
Tue, 21 Dec 2021 15:55:31-pytest-getRecipePrecalculatedFee.py-[line:37]-INFO-[日志信息]: getRecipePrecalculatedFee_success request success
Tue, 21 Dec 2021 15:55:31-pytest-createRecipeOrder.py-[line:67]-INFO-[日志信息]: createRecipeOrder_success request success
Tue, 21 Dec 2021 15:55:31-pytest-getOrder.py-[line:45]-INFO-[日志信息]: getOrder_success request success
Tue, 21 Dec 2021 15:55:31-pytest-queryPharmacyChannelListByOrderNo.py-[line:36]-INFO-[日志信息]: drugStorePayList_success request success
Tue, 21 Dec 2021 15:55:32-pytest-getRecipePrecalculatedFee.py-[line:37]-INFO-[日志信息]: getRecipePrecalculatedFee_success request success
Tue, 21 Dec 2021 15:55:32-pytest-notifyPayResult.py-[line:30]-INFO-[日志信息]: NotifyPayResult_success request success
Tue, 21 Dec 2021 15:55:32-pytest-searchSuppliers.py-[line:30]-INFO-[日志信息]: searchSuppliers_success request success
Tue, 21 Dec 2021 15:55:32-pytest-searchSuppliers.py-[line:30]-INFO-[日志信息]: searchSuppliers_success request success
Tue, 21 Dec 2021 15:57:57-pytest-login.py-[line:35]-INFO-[日志信息]: user_login_success request success
Tue, 21 Dec 2021 15:57:57-pytest-pageList.py-[line:47]-INFO-[日志信息]: pageList_success request success
Tue, 21 Dec 2021 15:57:57-pytest-findRecipeInfoByOrderNo.py-[line:36]-INFO-[日志信息]: getRecipeInfoByOrderNo_success request success
Tue, 21 Dec 2021 15:58:16-pytest-login.py-[line:35]-INFO-[日志信息]: user_login_success request success
Tue, 21 Dec 2021 15:58:16-pytest-pageList.py-[line:47]-INFO-[日志信息]: pageList_success request success
Tue, 21 Dec 2021 15:58:16-pytest-findRecipeInfoByOrderNo.py-[line:36]-INFO-[日志信息]: getRecipeInfoByOrderNo_success request success
Tue, 21 Dec 2021 15:58:16-pytest-searchSuppliers.py-[line:30]-INFO-[日志信息]: searchSuppliers_success request success
Tue, 21 Dec 2021 15:58:17-pytest-getRecipePrecalculatedFee.py-[line:37]-INFO-[日志信息]: getRecipePrecalculatedFee_success request success
Tue, 21 Dec 2021 15:58:17-pytest-createRecipeOrder.py-[line:67]-INFO-[日志信息]: createRecipeOrder_success request success
Tue, 21 Dec 2021 15:58:17-pytest-getOrder.py-[line:45]-INFO-[日志信息]: getOrder_success request success
Tue, 21 Dec 2021 15:58:18-pytest-queryPharmacyChannelListByOrderNo.py-[line:35]-INFO-[日志信息]: drugStorePayList_success request success
Tue, 21 Dec 2021 15:58:18-pytest-getRecipePrecalculatedFee.py-[line:37]-INFO-[日志信息]: getRecipePrecalculatedFee_success request success
Tue, 21 Dec 2021 15:58:18-pytest-notifyPayResult.py-[line:30]-INFO-[日志信息]: NotifyPayResult_success request success
Tue, 21 Dec 2021 15:58:18-pytest-searchSuppliers.py-[line:30]-INFO-[日志信息]: searchSuppliers_success request success
Tue, 21 Dec 2021 15:58:18-pytest-searchSuppliers.py-[line:30]-INFO-[日志信息]: searchSuppliers_success request success
Tue, 21 Dec 2021 15:59:29-pytest-login.py-[line:35]-INFO-[日志信息]: user_login_success request success
Tue, 21 Dec 2021 15:59:30-pytest-pageList.py-[line:47]-INFO-[日志信息]: pageList_success request success
Tue, 21 Dec 2021 15:59:30-pytest-findRecipeInfoByOrderNo.py-[line:36]-INFO-[日志信息]: getRecipeInfoByOrderNo_success request success
Tue, 21 Dec 2021 15:59:30-pytest-searchSuppliers.py-[line:30]-INFO-[日志信息]: searchSuppliers_success request success
Tue, 21 Dec 2021 15:59:30-pytest-getRecipePrecalculatedFee.py-[line:37]-INFO-[日志信息]: getRecipePrecalculatedFee_success request success
Tue, 21 Dec 2021 15:59:30-pytest-createRecipeOrder.py-[line:67]-INFO-[日志信息]: createRecipeOrder_success request success
Tue, 21 Dec 2021 15:59:31-pytest-getOrder.py-[line:45]-INFO-[日志信息]: getOrder_success request success
Tue, 21 Dec 2021 15:59:31-pytest-queryPharmacyChannelListByOrderNo.py-[line:35]-INFO-[日志信息]: drugStorePayList_success request success
Tue, 21 Dec 2021 15:59:31-pytest-getRecipePrecalculatedFee.py-[line:37]-INFO-[日志信息]: getRecipePrecalculatedFee_success request success
Tue, 21 Dec 2021 15:59:31-pytest-notifyPayResult.py-[line:30]-INFO-[日志信息]: NotifyPayResult_success request success
Tue, 21 Dec 2021 15:59:31-pytest-searchSuppliers.py-[line:30]-INFO-[日志信息]: searchSuppliers_success request success
Tue, 21 Dec 2021 15:59:31-pytest-searchSuppliers.py-[line:30]-INFO-[日志信息]: searchSuppliers_success request success
Tue, 21 Dec 2021 16:03:58-pytest-login.py-[line:35]-INFO-[日志信息]: user_login_success request success
Tue, 21 Dec 2021 16:03:58-pytest-pageList.py-[line:47]-INFO-[日志信息]: pageList_success request success
Tue, 21 Dec 2021 16:03:58-pytest-findRecipeInfoByOrderNo.py-[line:36]-INFO-[日志信息]: getRecipeInfoByOrderNo_success request success
Tue, 21 Dec 2021 16:03:58-pytest-searchSuppliers.py-[line:30]-INFO-[日志信息]: searchSuppliers_success request success
Tue, 21 Dec 2021 16:03:58-pytest-getRecipePrecalculatedFee.py-[line:37]-INFO-[日志信息]: getRecipePrecalculatedFee_success request success
Tue, 21 Dec 2021 16:03:59-pytest-createRecipeOrder.py-[line:67]-INFO-[日志信息]: createRecipeOrder_success request success
Tue, 21 Dec 2021 16:03:59-pytest-getRecipePrecalculatedFee.py-[line:37]-INFO-[日志信息]: getRecipePrecalculatedFee_success request success
Tue, 21 Dec 2021 16:03:59-pytest-searchSuppliers.py-[line:30]-INFO-[日志信息]: searchSuppliers_success request success
Tue, 21 Dec 2021 16:03:59-pytest-searchSuppliers.py-[line:30]-INFO-[日志信息]: searchSuppliers_success request success
Tue, 21 Dec 2021 16:05:25-pytest-login.py-[line:35]-INFO-[日志信息]: user_login_success request success
Tue, 21 Dec 2021 16:05:25-pytest-pageList.py-[line:47]-INFO-[日志信息]: pageList_success request success
Tue, 21 Dec 2021 16:05:25-pytest-findRecipeInfoByOrderNo.py-[line:36]-INFO-[日志信息]: getRecipeInfoByOrderNo_success request success
Tue, 21 Dec 2021 16:05:25-pytest-searchSuppliers.py-[line:30]-INFO-[日志信息]: searchSuppliers_success request success
Tue, 21 Dec 2021 16:05:25-pytest-getRecipePrecalculatedFee.py-[line:37]-INFO-[日志信息]: getRecipePrecalculatedFee_success request success
Tue, 21 Dec 2021 16:05:25-pytest-getRecipePrecalculatedFee.py-[line:37]-INFO-[日志信息]: getRecipePrecalculatedFee_success request success
Tue, 21 Dec 2021 16:05:25-pytest-searchSuppliers.py-[line:30]-INFO-[日志信息]: searchSuppliers_success request success
Tue, 21 Dec 2021 16:05:25-pytest-searchSuppliers.py-[line:30]-INFO-[日志信息]: searchSuppliers_success request success
Tue, 21 Dec 2021 16:06:06-pytest-login.py-[line:35]-INFO-[日志信息]: user_login_success request success
Tue, 21 Dec 2021 16:06:06-pytest-pageList.py-[line:47]-INFO-[日志信息]: pageList_success request success
Tue, 21 Dec 2021 16:06:06-pytest-findRecipeInfoByOrderNo.py-[line:36]-INFO-[日志信息]: getRecipeInfoByOrderNo_success request success
Tue, 21 Dec 2021 16:06:07-pytest-searchSuppliers.py-[line:30]-INFO-[日志信息]: searchSuppliers_success request success
Tue, 21 Dec 2021 16:06:07-pytest-getRecipePrecalculatedFee.py-[line:37]-INFO-[日志信息]: getRecipePrecalculatedFee_success request success
Tue, 21 Dec 2021 16:06:09-pytest-createRecipeOrder.py-[line:67]-INFO-[日志信息]: createRecipeOrder_success request success
Tue, 21 Dec 2021 16:06:09-pytest-getOrder.py-[line:45]-INFO-[日志信息]: getOrder_success request success
Tue, 21 Dec 2021 16:06:10-pytest-queryPharmacyChannelListByOrderNo.py-[line:37]-INFO-[日志信息]: drugStorePayList_success request success
Tue, 21 Dec 2021 16:06:10-pytest-getRecipePrecalculatedFee.py-[line:37]-INFO-[日志信息]: getRecipePrecalculatedFee_success request success
Tue, 21 Dec 2021 16:06:10-pytest-notifyPayResult.py-[line:30]-INFO-[日志信息]: NotifyPayResult_success request success
Tue, 21 Dec 2021 16:06:10-pytest-searchSuppliers.py-[line:30]-INFO-[日志信息]: searchSuppliers_success request success
Tue, 21 Dec 2021 16:06:10-pytest-searchSuppliers.py-[line:30]-INFO-[日志信息]: searchSuppliers_success request success
Tue, 21 Dec 2021 16:10:15-pytest-login.py-[line:35]-INFO-[日志信息]: user_login_success request success
Tue, 21 Dec 2021 16:10:15-pytest-pageList.py-[line:47]-INFO-[日志信息]: pageList_success request success
Tue, 21 Dec 2021 16:10:15-pytest-findRecipeInfoByOrderNo.py-[line:36]-INFO-[日志信息]: getRecipeInfoByOrderNo_success request success
Tue, 21 Dec 2021 16:10:16-pytest-searchSuppliers.py-[line:30]-INFO-[日志信息]: searchSuppliers_success request success
Tue, 21 Dec 2021 16:10:16-pytest-getRecipePrecalculatedFee.py-[line:37]-INFO-[日志信息]: getRecipePrecalculatedFee_success request success
Tue, 21 Dec 2021 16:10:17-pytest-createRecipeOrder.py-[line:67]-INFO-[日志信息]: createRecipeOrder_success request success
Tue, 21 Dec 2021 16:10:17-pytest-getOrder.py-[line:45]-INFO-[日志信息]: getOrder_success request success
Tue, 21 Dec 2021 16:10:18-pytest-queryPharmacyChannelListByOrderNo.py-[line:37]-INFO-[日志信息]: drugStorePayList_success request success
Tue, 21 Dec 2021 16:10:18-pytest-commonPayOrder.py-[line:59]-INFO-[日志信息]: commonPayOrder_success request success
Tue, 21 Dec 2021 16:10:18-pytest-getRecipePrecalculatedFee.py-[line:37]-INFO-[日志信息]: getRecipePrecalculatedFee_success request success
Tue, 21 Dec 2021 16:10:18-pytest-notifyPayResult.py-[line:30]-INFO-[日志信息]: NotifyPayResult_success request success
Tue, 21 Dec 2021 16:10:18-pytest-searchSuppliers.py-[line:30]-INFO-[日志信息]: searchSuppliers_success request success
Tue, 21 Dec 2021 16:10:19-pytest-searchSuppliers.py-[line:30]-INFO-[日志信息]: searchSuppliers_success request success
Tue, 21 Dec 2021 16:26:52-test_delivery_drug.py-login.py-[line:74]-INFO-[日志信息]: drugStore_login_success request success
Tue, 21 Dec 2021 16:26:52-test_delivery_drug.py-pageList.py-[line:63]-INFO-[日志信息]: drugOrderInfo_success request success
Tue, 21 Dec 2021 16:29:27-test_delivery_drug.py-login.py-[line:74]-INFO-[日志信息]: drugStore_login_success request success
Tue, 21 Dec 2021 16:29:27-test_delivery_drug.py-pageList.py-[line:63]-INFO-[日志信息]: drugOrderInfo_success request success
Tue, 21 Dec 2021 16:31:48-test_delivery_drug.py-login.py-[line:74]-INFO-[日志信息]: drugStore_login_success request success
Tue, 21 Dec 2021 16:31:48-test_delivery_drug.py-pageList.py-[line:63]-INFO-[日志信息]: drugOrderInfo_success request success
Tue, 21 Dec 2021 16:39:12-test_delivery_drug.py-login.py-[line:74]-INFO-[日志信息]: drugStore_login_success request success
Tue, 21 Dec 2021 16:39:13-test_delivery_drug.py-pageList.py-[line:63]-INFO-[日志信息]: drugOrderInfo_success request success
Tue, 21 Dec 2021 16:39:56-test_delivery_drug.py-login.py-[line:74]-INFO-[日志信息]: drugStore_login_success request success
Tue, 21 Dec 2021 16:39:56-test_delivery_drug.py-pageList.py-[line:63]-INFO-[日志信息]: drugOrderInfo_success request success
Tue, 21 Dec 2021 16:40:52-test_delivery_drug.py-login.py-[line:74]-INFO-[日志信息]: drugStore_login_success request success
Tue, 21 Dec 2021 16:40:52-test_delivery_drug.py-pageList.py-[line:63]-INFO-[日志信息]: drugOrderInfo_success request success
Tue, 21 Dec 2021 17:09:26-test_drugOrderList.py-login.py-[line:74]-INFO-[日志信息]: pharmacist_login_success request success
Tue, 21 Dec 2021 17:09:26-test_drugOrderList.py-pageList.py-[line:79]-INFO-[日志信息]: drugOrderInfo_success request success
Tue, 21 Dec 2021 17:13:57-test_drugOrderList.py-login.py-[line:74]-INFO-[日志信息]: pharmacist_login_success request success
Tue, 21 Dec 2021 17:13:57-test_drugOrderList.py-pageList.py-[line:79]-INFO-[日志信息]: drugOrderInfo_success request success
Tue, 21 Dec 2021 17:15:22-test_drugOrderList.py-login.py-[line:74]-INFO-[日志信息]: pharmacist_login_success request success
Tue, 21 Dec 2021 17:15:22-test_drugOrderList.py-pageList.py-[line:79]-INFO-[日志信息]: drugOrderInfo_success request success
Tue, 21 Dec 2021 17:15:59-test_drugOrderList.py-login.py-[line:74]-INFO-[日志信息]: pharmacist_login_success request success
Tue, 21 Dec 2021 17:15:59-test_drugOrderList.py-pageList.py-[line:80]-INFO-[日志信息]: drugOrderInfo_success request success
Tue, 21 Dec 2021 17:20:48-test_drugOrderList.py-login.py-[line:74]-INFO-[日志信息]: pharmacist_login_success request success
Tue, 21 Dec 2021 17:20:48-test_drugOrderList.py-pageList.py-[line:80]-INFO-[日志信息]: drugOrderInfo_success request success
Tue, 21 Dec 2021 17:21:34-test_drugOrderList.py-login.py-[line:74]-INFO-[日志信息]: pharmacist_login_success request success
Tue, 21 Dec 2021 17:21:34-test_drugOrderList.py-pageList.py-[line:80]-INFO-[日志信息]: drugOrderInfo_success request success
Tue, 21 Dec 2021 17:26:12-conftest.py-pageList.py-[line:63]-INFO-[日志信息]: drugOrderInfo_success request success
Tue, 21 Dec 2021 17:26:56-conftest.py-pageList.py-[line:63]-INFO-[日志信息]: drugOrderInfo_success request success
Tue, 21 Dec 2021 17:27:19-conftest.py-pageList.py-[line:63]-INFO-[日志信息]: drugOrderInfo_success request success
Tue, 21 Dec 2021 17:27:49-conftest.py-pageList.py-[line:63]-INFO-[日志信息]: drugOrderInfo_success request success
Tue, 21 Dec 2021 17:27:54-conftest.py-pageList.py-[line:63]-INFO-[日志信息]: drugOrderInfo_success request success
Tue, 21 Dec 2021 17:36:24-test_drugOrderList.py-login.py-[line:74]-INFO-[日志信息]: pharmacist_login_success request success
Tue, 21 Dec 2021 17:36:24-test_drugOrderList.py-login.py-[line:74]-INFO-[日志信息]: drugStore_login_success request success
Tue, 21 Dec 2021 17:36:24-test_drugOrderList.py-pageList.py-[line:63]-INFO-[日志信息]: drugOrderInfo_success request success
Tue, 21 Dec 2021 17:36:46-test_drugOrderList.py-login.py-[line:74]-INFO-[日志信息]: pharmacist_login_success request success
Tue, 21 Dec 2021 17:36:46-test_drugOrderList.py-login.py-[line:74]-INFO-[日志信息]: drugStore_login_success request success
Tue, 21 Dec 2021 17:36:46-test_drugOrderList.py-pageList.py-[line:63]-INFO-[日志信息]: drugOrderInfo_success request success
Tue, 21 Dec 2021 17:37:13-test_drugOrderList.py-login.py-[line:74]-INFO-[日志信息]: pharmacist_login_success request success
Tue, 21 Dec 2021 17:37:13-test_drugOrderList.py-login.py-[line:74]-INFO-[日志信息]: drugStore_login_success request success
Tue, 21 Dec 2021 17:37:13-test_drugOrderList.py-pageList.py-[line:63]-INFO-[日志信息]: drugOrderInfo_success request success
Tue, 21 Dec 2021 17:38:05-test_drugOrderList.py-login.py-[line:74]-INFO-[日志信息]: drugStore_login_success request success
Tue, 21 Dec 2021 17:38:05-test_drugOrderList.py-pageList.py-[line:63]-INFO-[日志信息]: drugOrderInfo_success request success
Tue, 21 Dec 2021 17:39:04-test_drugOrderList.py-login.py-[line:74]-INFO-[日志信息]: drugStore_login_success request success
Tue, 21 Dec 2021 17:39:04-test_drugOrderList.py-pageList.py-[line:63]-INFO-[日志信息]: drugOrderInfo_success request success
Tue, 21 Dec 2021 17:39:47-test_drugOrderList.py-login.py-[line:74]-INFO-[日志信息]: drugStore_login_success request success
Tue, 21 Dec 2021 17:39:47-test_drugOrderList.py-pageList.py-[line:63]-INFO-[日志信息]: drugOrderInfo_success request success
Tue, 21 Dec 2021 17:40:27-test_drugOrderList.py-login.py-[line:74]-INFO-[日志信息]: drugStore_login_success request success
Tue, 21 Dec 2021 17:40:27-test_drugOrderList.py-pageList.py-[line:63]-INFO-[日志信息]: drugOrderInfo_success request success
Tue, 21 Dec 2021 17:42:13-test_drugOrderList.py-login.py-[line:74]-INFO-[日志信息]: drugStore_login_success request success
Tue, 21 Dec 2021 17:42:13-test_drugOrderList.py-pageList.py-[line:80]-INFO-[日志信息]: drugOrderInfo_success request success
Tue, 21 Dec 2021 17:50:03-test_drugOrderList.py-login.py-[line:74]-INFO-[日志信息]: drugStore_login_success request success
Tue, 21 Dec 2021 17:50:03-test_drugOrderList.py-pageList.py-[line:77]-INFO-[日志信息]: drugOrderInfo_success request success
Tue, 21 Dec 2021 17:50:39-test_drugOrderList.py-login.py-[line:74]-INFO-[日志信息]: drugStore_login_success request success
Tue, 21 Dec 2021 17:50:39-test_drugOrderList.py-pageList.py-[line:77]-INFO-[日志信息]: drugOrderInfo_success request success
Tue, 21 Dec 2021 17:52:07-test_drugOrderList.py-login.py-[line:74]-INFO-[日志信息]: drugStore_login_success request success
Tue, 21 Dec 2021 17:52:07-test_drugOrderList.py-pageList.py-[line:77]-INFO-[日志信息]: drugOrderInfo_success request success
Tue, 21 Dec 2021 17:54:16-test_drugOrderList.py-login.py-[line:74]-INFO-[日志信息]: drugStore_login_success request success
Tue, 21 Dec 2021 17:54:16-test_drugOrderList.py-pageList.py-[line:77]-INFO-[日志信息]: drugOrderInfo_success request success
Tue, 21 Dec 2021 17:54:35-test_drugOrderList.py-login.py-[line:74]-INFO-[日志信息]: drugStore_login_success request success
Tue, 21 Dec 2021 17:54:35-test_drugOrderList.py-pageList.py-[line:77]-INFO-[日志信息]: drugOrderInfo_success request success
Tue, 21 Dec 2021 18:14:54-test_drugOrderList.py-login.py-[line:74]-INFO-[日志信息]: drugStore_login_success request success
Tue, 21 Dec 2021 18:14:54-test_drugOrderList.py-pageList.py-[line:77]-INFO-[日志信息]: drugOrderInfo_success request success
Tue, 21 Dec 2021 18:15:12-test_drugOrderList.py-login.py-[line:74]-INFO-[日志信息]: drugStore_login_success request success
Tue, 21 Dec 2021 18:15:12-test_drugOrderList.py-pageList.py-[line:77]-INFO-[日志信息]: drugOrderInfo_success request success
Tue, 21 Dec 2021 18:16:24-test_drugOrderList.py-login.py-[line:74]-INFO-[日志信息]: drugStore_login_success request success
Tue, 21 Dec 2021 18:16:24-test_drugOrderList.py-pageList.py-[line:78]-INFO-[日志信息]: drugOrderInfo_success request success
Tue, 21 Dec 2021 18:17:15-test_drugOrderList.py-login.py-[line:74]-INFO-[日志信息]: drugStore_login_success request success
Tue, 21 Dec 2021 18:17:15-test_drugOrderList.py-pageList.py-[line:78]-INFO-[日志信息]: drugOrderInfo_success request success
Tue, 21 Dec 2021 18:19:39-test_drugOrderList.py-login.py-[line:74]-INFO-[日志信息]: drugStore_login_success request success
Tue, 21 Dec 2021 18:19:39-test_drugOrderList.py-pageList.py-[line:78]-INFO-[日志信息]: drugOrderInfo_success request success
Tue, 21 Dec 2021 18:20:39-test_drugOrderList.py-login.py-[line:74]-INFO-[日志信息]: drugStore_login_success request success
Tue, 21 Dec 2021 18:20:39-test_drugOrderList.py-pageList.py-[line:78]-INFO-[日志信息]: drugOrderInfo_success request success
Tue, 21 Dec 2021 18:20:43-test_drugOrderList.py-login.py-[line:74]-INFO-[日志信息]: drugStore_login_success request success
Tue, 21 Dec 2021 18:20:43-test_drugOrderList.py-pageList.py-[line:78]-INFO-[日志信息]: drugOrderInfo_success request success
Tue, 21 Dec 2021 18:21:51-test_drugOrderList.py-login.py-[line:74]-INFO-[日志信息]: drugStore_login_success request success
Tue, 21 Dec 2021 18:21:51-test_drugOrderList.py-pageList.py-[line:78]-INFO-[日志信息]: drugOrderInfo_success request success
Tue, 21 Dec 2021 18:23:08-test_drugOrderList.py-login.py-[line:74]-INFO-[日志信息]: drugStore_login_success request success
Tue, 21 Dec 2021 18:23:08-test_drugOrderList.py-pageList.py-[line:78]-INFO-[日志信息]: drugOrderInfo_success request success
Tue, 21 Dec 2021 18:24:06-test_drugOrderList.py-login.py-[line:74]-INFO-[日志信息]: drugStore_login_success request success
Tue, 21 Dec 2021 18:24:06-test_drugOrderList.py-pageList.py-[line:79]-INFO-[日志信息]: drugOrderInfo_success request success
Tue, 21 Dec 2021 18:24:28-test_drugOrderList.py-login.py-[line:74]-INFO-[日志信息]: drugStore_login_success request success
Tue, 21 Dec 2021 18:24:28-test_drugOrderList.py-pageList.py-[line:79]-INFO-[日志信息]: drugOrderInfo_success request success
Tue, 21 Dec 2021 18:26:39-test_drugOrderList.py-login.py-[line:74]-INFO-[日志信息]: drugStore_login_success request success
Tue, 21 Dec 2021 18:26:39-test_drugOrderList.py-pageList.py-[line:80]-INFO-[日志信息]: drugOrderInfo_success request success
Tue, 21 Dec 2021 18:27:55-test_drugOrderList.py-login.py-[line:74]-INFO-[日志信息]: drugStore_login_success request success
Tue, 21 Dec 2021 18:27:55-test_drugOrderList.py-pageList.py-[line:79]-INFO-[日志信息]: drugOrderInfo_success request success
Tue, 21 Dec 2021 18:29:34-test_drugOrderList.py-login.py-[line:74]-INFO-[日志信息]: drugStore_login_success request success
Tue, 21 Dec 2021 18:29:34-test_drugOrderList.py-pageList.py-[line:79]-INFO-[日志信息]: drugOrderInfo_success request success
Tue, 21 Dec 2021 18:30:13-test_drugOrderList.py-login.py-[line:74]-INFO-[日志信息]: drugStore_login_success request success
Tue, 21 Dec 2021 18:30:14-test_drugOrderList.py-pageList.py-[line:79]-INFO-[日志信息]: drugOrderInfo_success request success
Tue, 21 Dec 2021 18:30:37-test_drugOrderList.py-login.py-[line:74]-INFO-[日志信息]: drugStore_login_success request success
Tue, 21 Dec 2021 18:30:37-test_drugOrderList.py-pageList.py-[line:79]-INFO-[日志信息]: drugOrderInfo_success request success
Tue, 21 Dec 2021 18:31:19-test_drugOrderList.py-login.py-[line:74]-INFO-[日志信息]: drugStore_login_success request success
Tue, 21 Dec 2021 18:31:19-test_drugOrderList.py-pageList.py-[line:79]-INFO-[日志信息]: drugOrderInfo_success request success
Tue, 21 Dec 2021 18:33:35-test_drugOrderList.py-login.py-[line:74]-INFO-[日志信息]: drugStore_login_success request success
Tue, 21 Dec 2021 18:33:35-test_drugOrderList.py-pageList.py-[line:79]-INFO-[日志信息]: drugOrderInfo_success request success
Tue, 21 Dec 2021 18:33:50-test_drugOrderList.py-login.py-[line:74]-INFO-[日志信息]: drugStore_login_success request success
Tue, 21 Dec 2021 18:33:50-test_drugOrderList.py-pageList.py-[line:79]-INFO-[日志信息]: drugOrderInfo_success request success
Tue, 21 Dec 2021 18:34:03-test_drugOrderList.py-login.py-[line:74]-INFO-[日志信息]: drugStore_login_success request success
Tue, 21 Dec 2021 18:34:04-test_drugOrderList.py-pageList.py-[line:79]-INFO-[日志信息]: drugOrderInfo_success request success
Tue, 21 Dec 2021 18:35:58-test_drugOrderList.py-login.py-[line:74]-INFO-[日志信息]: drugStore_login_success request success
Tue, 21 Dec 2021 18:35:59-test_drugOrderList.py-pageList.py-[line:79]-INFO-[日志信息]: drugOrderInfo_success request success
Tue, 21 Dec 2021 18:39:21-test_drugOrderList.py-login.py-[line:74]-INFO-[日志信息]: drugStore_login_success request success
Tue, 21 Dec 2021 18:39:21-test_drugOrderList.py-pageList.py-[line:79]-INFO-[日志信息]: drugOrderInfo_success request success
Tue, 21 Dec 2021 18:39:35-test_drugOrderList.py-login.py-[line:74]-INFO-[日志信息]: drugStore_login_success request success
Tue, 21 Dec 2021 18:39:35-test_drugOrderList.py-pageList.py-[line:79]-INFO-[日志信息]: drugOrderInfo_success request success
Tue, 21 Dec 2021 18:39:56-test_drugOrderList.py-login.py-[line:74]-INFO-[日志信息]: drugStore_login_success request success
Tue, 21 Dec 2021 18:39:56-test_drugOrderList.py-pageList.py-[line:79]-INFO-[日志信息]: drugOrderInfo_success request success
