Mon, 13 Dec 2021 09:50:37-test_repiceCheck.py-login.py-[line:77]-INFO-[日志信息]: pharmacist_login_success request success
Mon, 13 Dec 2021 09:50:37-test_repiceCheck.py-pageList.py-[line:44]-INFO-[日志信息]: repice_search_success request success
Mon, 13 Dec 2021 09:50:39-test_repiceCheck.py-repiceCheck.py-[line:27]-INFO-[日志信息]: repice_checkStusta_success request success
Mon, 13 Dec 2021 09:50:46-test_repiceSearch.py-login.py-[line:77]-INFO-[日志信息]: pharmacist_login_success request success
Mon, 13 Dec 2021 09:50:46-test_repiceSearch.py-pageList.py-[line:44]-INFO-[日志信息]: repice_search_success request success
Mon, 13 Dec 2021 09:51:29-test_repiceSearch.py-login.py-[line:77]-INFO-[日志信息]: pharmacist_login_success request success
Mon, 13 Dec 2021 09:51:29-test_repiceSearch.py-pageList.py-[line:44]-INFO-[日志信息]: repice_search_success request success
Mon, 13 Dec 2021 09:55:48-test_repiceSearch.py-login.py-[line:77]-INFO-[日志信息]: pharmacist_login_success request success
Mon, 13 Dec 2021 09:55:48-test_repiceSearch.py-pageList.py-[line:44]-INFO-[日志信息]: repice_search_success request success
Mon, 13 Dec 2021 09:56:37-test_repiceSearch.py-login.py-[line:77]-INFO-[日志信息]: pharmacist_login_success request success
Mon, 13 Dec 2021 09:56:37-test_repiceSearch.py-pageList.py-[line:44]-INFO-[日志信息]: repice_search_success request success
Mon, 13 Dec 2021 13:27:55-test_login.py-login.py-[line:34]-INFO-[日志信息]: user_login_success request success
Mon, 13 Dec 2021 13:27:56-test_login.py-login.py-[line:34]-INFO-[日志信息]: user_pwd_error request success
Mon, 13 Dec 2021 13:28:51-conftest.py-login.py-[line:34]-INFO-[日志信息]: user_login_success request success
Mon, 13 Dec 2021 13:29:23-conftest.py-login.py-[line:34]-INFO-[日志信息]: user_login_success request success
Mon, 13 Dec 2021 13:30:42-conftest.py-login.py-[line:77]-INFO-[日志信息]: pharmacist_login_success request success
Mon, 13 Dec 2021 13:31:31-conftest.py-login.py-[line:77]-INFO-[日志信息]: drugStore_login_success request success
Mon, 13 Dec 2021 13:31:53-conftest.py-login.py-[line:77]-INFO-[日志信息]: drugStore_login_success request success
Mon, 13 Dec 2021 13:32:12-conftest.py-login.py-[line:77]-INFO-[日志信息]: drugStore_login_success request success
Mon, 13 Dec 2021 13:34:00-conftest.py-login.py-[line:77]-INFO-[日志信息]: drugStore_login_success request success
Mon, 13 Dec 2021 13:35:37-conftest.py-login.py-[line:77]-INFO-[日志信息]: drugStore_login_success request success
Mon, 13 Dec 2021 13:35:50-conftest.py-login.py-[line:77]-INFO-[日志信息]: drugStore_login_success request success
Mon, 13 Dec 2021 13:53:44-test_repiceSearch.py-login.py-[line:77]-INFO-[日志信息]: pharmacist_login_success request success
Mon, 13 Dec 2021 13:53:44-test_repiceSearch.py-pageList.py-[line:44]-INFO-[日志信息]: repice_search_success request success
Mon, 13 Dec 2021 13:53:55-test_repiceCheck.py-login.py-[line:77]-INFO-[日志信息]: pharmacist_login_success request success
Mon, 13 Dec 2021 13:53:55-test_repiceCheck.py-pageList.py-[line:44]-INFO-[日志信息]: repice_search_success request success
Mon, 13 Dec 2021 13:53:57-test_repiceCheck.py-repiceCheck.py-[line:32]-INFO-[日志信息]: repice_checkStusta_success request success
Mon, 13 Dec 2021 13:54:04-test_repiceSearch.py-login.py-[line:77]-INFO-[日志信息]: pharmacist_login_success request success
Mon, 13 Dec 2021 13:54:04-test_repiceSearch.py-pageList.py-[line:44]-INFO-[日志信息]: repice_search_success request success
Mon, 13 Dec 2021 13:59:36-test_repiceSearch.py-login.py-[line:77]-INFO-[日志信息]: pharmacist_login_success request success
Mon, 13 Dec 2021 13:59:36-test_repiceSearch.py-pageList.py-[line:44]-INFO-[日志信息]: repice_search_success request success
Mon, 13 Dec 2021 14:00:12-test_repiceSearch.py-login.py-[line:77]-INFO-[日志信息]: pharmacist_login_success request success
Mon, 13 Dec 2021 14:00:12-test_repiceSearch.py-pageList.py-[line:44]-INFO-[日志信息]: repice_search_success request success
Mon, 13 Dec 2021 14:01:36-test_repiceSearch.py-login.py-[line:77]-INFO-[日志信息]: pharmacist_login_success request success
Mon, 13 Dec 2021 14:01:36-test_repiceSearch.py-pageList.py-[line:44]-INFO-[日志信息]: repice_search_success request success
Mon, 13 Dec 2021 14:06:48-test_repiceSearch.py-login.py-[line:77]-INFO-[日志信息]: pharmacist_login_success request success
Mon, 13 Dec 2021 14:06:48-test_repiceSearch.py-pageList.py-[line:44]-INFO-[日志信息]: repice_search_success request success
Mon, 13 Dec 2021 14:07:55-test_repiceSearch.py-login.py-[line:77]-INFO-[日志信息]: pharmacist_login_success request success
Mon, 13 Dec 2021 14:07:55-test_repiceSearch.py-pageList.py-[line:44]-INFO-[日志信息]: repice_search_success request success
Mon, 13 Dec 2021 16:06:05-conftest.py-findRecipeInfoByOrderNo.py-[line:38]-ERROR-[日志信息]: getRecipeInfoByOrderNo_success request faild,throw error:HTTPSConnectionPool(host='hcnih.bsoft.com.cn', port=443): Max retries exceeded with url: /*.jsonRequest (Caused by SSLError(SSLError(1, u'[SSL: UNKNOWN_PROTOCOL] unknown protocol (_ssl.c:727)'),))
Mon, 13 Dec 2021 16:06:27-conftest.py-findRecipeInfoByOrderNo.py-[line:38]-ERROR-[日志信息]: getRecipeInfoByOrderNo_success request faild,throw error:HTTPSConnectionPool(host='hcnih.bsoft.com.cn', port=443): Max retries exceeded with url: /*.jsonRequest (Caused by SSLError(SSLError(1, u'[SSL: UNKNOWN_PROTOCOL] unknown protocol (_ssl.c:727)'),))
Mon, 13 Dec 2021 16:06:34-conftest.py-findRecipeInfoByOrderNo.py-[line:38]-ERROR-[日志信息]: getRecipeInfoByOrderNo_success request faild,throw error:HTTPSConnectionPool(host='hcnih.bsoft.com.cn', port=443): Max retries exceeded with url: /*.jsonRequest (Caused by SSLError(SSLError(1, u'[SSL: UNKNOWN_PROTOCOL] unknown protocol (_ssl.c:727)'),))
Mon, 13 Dec 2021 16:06:55-conftest.py-findRecipeInfoByOrderNo.py-[line:38]-ERROR-[日志信息]: getRecipeInfoByOrderNo_success request faild,throw error:HTTPSConnectionPool(host='hcnih.bsoft.com.cn', port=443): Max retries exceeded with url: /*.jsonRequest (Caused by SSLError(SSLError(1, u'[SSL: UNKNOWN_PROTOCOL] unknown protocol (_ssl.c:727)'),))
Mon, 13 Dec 2021 16:07:29-conftest.py-findRecipeInfoByOrderNo.py-[line:38]-ERROR-[日志信息]: getRecipeInfoByOrderNo_success request faild,throw error:HTTPSConnectionPool(host='hcnih.bsoft.com.cn', port=443): Max retries exceeded with url: /*.jsonRequest (Caused by SSLError(SSLError(1, u'[SSL: UNKNOWN_PROTOCOL] unknown protocol (_ssl.c:727)'),))
Mon, 13 Dec 2021 16:08:06-conftest.py-findRecipeInfoByOrderNo.py-[line:38]-ERROR-[日志信息]: getRecipeInfoByOrderNo_success request faild,throw error:HTTPSConnectionPool(host='hcnih.bsoft.com.cn', port=443): Max retries exceeded with url: /*.jsonRequest (Caused by SSLError(SSLError(1, u'[SSL: UNKNOWN_PROTOCOL] unknown protocol (_ssl.c:727)'),))
Mon, 13 Dec 2021 16:09:08-conftest.py-findRecipeInfoByOrderNo.py-[line:38]-ERROR-[日志信息]: getRecipeInfoByOrderNo_success request faild,throw error:HTTPSConnectionPool(host='hcnih.bsoft.com.cn', port=443): Max retries exceeded with url: /*.jsonRequest (Caused by SSLError(SSLError(1, u'[SSL: UNKNOWN_PROTOCOL] unknown protocol (_ssl.c:727)'),))
Mon, 13 Dec 2021 16:09:41-conftest.py-findRecipeInfoByOrderNo.py-[line:41]-ERROR-[日志信息]: getRecipeInfoByOrderNo_success request faild,throw error:HTTPSConnectionPool(host='hcnih.bsoft.com.cn', port=443): Max retries exceeded with url: /*.jsonRequest (Caused by SSLError(SSLError(1, u'[SSL: UNKNOWN_PROTOCOL] unknown protocol (_ssl.c:727)'),))
Mon, 13 Dec 2021 16:10:45-conftest.py-findRecipeInfoByOrderNo.py-[line:38]-INFO-[日志信息]: getRecipeInfoByOrderNo_success request success
Mon, 13 Dec 2021 16:10:57-conftest.py-findRecipeInfoByOrderNo.py-[line:38]-INFO-[日志信息]: getRecipeInfoByOrderNo_success request success
Mon, 13 Dec 2021 16:11:12-conftest.py-findRecipeInfoByOrderNo.py-[line:38]-INFO-[日志信息]: getRecipeInfoByOrderNo_success request success
Mon, 13 Dec 2021 16:11:36-conftest.py-findRecipeInfoByOrderNo.py-[line:38]-INFO-[日志信息]: getRecipeInfoByOrderNo_success request success
Mon, 13 Dec 2021 16:11:56-conftest.py-findRecipeInfoByOrderNo.py-[line:35]-INFO-[日志信息]: getRecipeInfoByOrderNo_success request success
Mon, 13 Dec 2021 16:12:08-conftest.py-findRecipeInfoByOrderNo.py-[line:35]-INFO-[日志信息]: getRecipeInfoByOrderNo_success request success
Mon, 13 Dec 2021 16:12:49-conftest.py-findRecipeInfoByOrderNo.py-[line:35]-INFO-[日志信息]: getRecipeInfoByOrderNo_success request success
Mon, 13 Dec 2021 16:13:39-conftest.py-findRecipeInfoByOrderNo.py-[line:35]-INFO-[日志信息]: getRecipeInfoByOrderNo_success request success
Mon, 13 Dec 2021 16:15:08-conftest.py-findRecipeInfoByOrderNo.py-[line:35]-INFO-[日志信息]: getRecipeInfoByOrderNo_success request success
Mon, 13 Dec 2021 16:15:45-conftest.py-findRecipeInfoByOrderNo.py-[line:35]-INFO-[日志信息]: getRecipeInfoByOrderNo_success request success
Mon, 13 Dec 2021 16:15:53-conftest.py-findRecipeInfoByOrderNo.py-[line:35]-INFO-[日志信息]: getRecipeInfoByOrderNo_success request success
Mon, 13 Dec 2021 16:16:06-conftest.py-findRecipeInfoByOrderNo.py-[line:35]-INFO-[日志信息]: getRecipeInfoByOrderNo_success request success
Mon, 13 Dec 2021 16:16:36-conftest.py-findRecipeInfoByOrderNo.py-[line:35]-INFO-[日志信息]: getRecipeInfoByOrderNo_success request success
Mon, 13 Dec 2021 16:16:47-conftest.py-findRecipeInfoByOrderNo.py-[line:35]-INFO-[日志信息]: getRecipeInfoByOrderNo_success request success
Mon, 13 Dec 2021 16:17:00-conftest.py-findRecipeInfoByOrderNo.py-[line:35]-INFO-[日志信息]: getRecipeInfoByOrderNo_success request success
Mon, 13 Dec 2021 16:32:34-conftest.py-findRecipeInfoByOrderNo.py-[line:38]-ERROR-[日志信息]: getRecipeInfoByOrderNo_success request faild,throw error:HTTPSConnectionPool(host='hcnih.bsoft.com.cn', port=443): Max retries exceeded with url: /*.jsonRequest (Caused by SSLError(SSLError(1, u'[SSL: UNKNOWN_PROTOCOL] unknown protocol (_ssl.c:727)'),))
Mon, 13 Dec 2021 16:32:51-conftest.py-findRecipeInfoByOrderNo.py-[line:35]-INFO-[日志信息]: getRecipeInfoByOrderNo_success request success
Mon, 13 Dec 2021 16:40:24-conftest.py-findRecipeInfoByOrderNo.py-[line:35]-INFO-[日志信息]: getRecipeInfoByOrderNo_success request success
Mon, 13 Dec 2021 17:14:52-test_searchSuppliers.py-login.py-[line:35]-INFO-[日志信息]: user_login_success request success
Mon, 13 Dec 2021 17:14:52-test_searchSuppliers.py-findRecipeInfoByOrderNo.py-[line:35]-INFO-[日志信息]: getRecipeInfoByOrderNo_success request success
Mon, 13 Dec 2021 17:14:52-test_searchSuppliers.py-searchSuppliers.py-[line:30]-INFO-[日志信息]: searchSuppliers_success request success
Mon, 13 Dec 2021 17:14:52-test_searchSuppliers.py-searchSuppliers.py-[line:30]-INFO-[日志信息]: searchSuppliers_success request success
Mon, 13 Dec 2021 17:15:27-test_searchSuppliers.py-login.py-[line:35]-INFO-[日志信息]: user_login_success request success
Mon, 13 Dec 2021 17:15:28-test_searchSuppliers.py-findRecipeInfoByOrderNo.py-[line:35]-INFO-[日志信息]: getRecipeInfoByOrderNo_success request success
Mon, 13 Dec 2021 17:15:28-test_searchSuppliers.py-searchSuppliers.py-[line:30]-INFO-[日志信息]: searchSuppliers_success request success
Mon, 13 Dec 2021 17:15:28-test_searchSuppliers.py-searchSuppliers.py-[line:30]-INFO-[日志信息]: searchSuppliers_success request success
Mon, 13 Dec 2021 17:50:54-test_searchSuppliers.py-login.py-[line:38]-ERROR-[日志信息]: user_login_success request faild,throw error:HTTPSConnectionPool(host='hcnih.bsoft.com.cn', port=443): Max retries exceeded with url: /logon/login (Caused by SSLError(SSLError(1, u'[SSL: UNKNOWN_PROTOCOL] unknown protocol (_ssl.c:727)'),))
Mon, 13 Dec 2021 17:51:13-test_searchSuppliers.py-login.py-[line:35]-INFO-[日志信息]: user_login_success request success
Mon, 13 Dec 2021 17:51:13-test_searchSuppliers.py-findRecipeInfoByOrderNo.py-[line:35]-INFO-[日志信息]: getRecipeInfoByOrderNo_success request success
Mon, 13 Dec 2021 17:51:13-test_searchSuppliers.py-searchSuppliers.py-[line:30]-INFO-[日志信息]: searchSuppliers_success request success
Mon, 13 Dec 2021 17:51:13-test_searchSuppliers.py-searchSuppliers.py-[line:30]-INFO-[日志信息]: searchSuppliers_success request success
Mon, 13 Dec 2021 17:52:07-test_searchSuppliers.py-login.py-[line:35]-INFO-[日志信息]: user_login_success request success
Mon, 13 Dec 2021 17:52:07-test_searchSuppliers.py-findRecipeInfoByOrderNo.py-[line:35]-INFO-[日志信息]: getRecipeInfoByOrderNo_success request success
Mon, 13 Dec 2021 17:52:07-test_searchSuppliers.py-searchSuppliers.py-[line:30]-INFO-[日志信息]: searchSuppliers_success request success
Mon, 13 Dec 2021 17:52:07-test_searchSuppliers.py-searchSuppliers.py-[line:30]-INFO-[日志信息]: searchSuppliers_success request success
Mon, 13 Dec 2021 18:46:20-test_createRecipeOrder.py-login.py-[line:35]-INFO-[日志信息]: user_login_success request success
Mon, 13 Dec 2021 18:46:20-test_createRecipeOrder.py-search.py-[line:27]-INFO-[日志信息]: search_success request success
Mon, 13 Dec 2021 18:46:22-test_createRecipeOrder.py-getIhDoctorInfo.py-[line:31]-INFO-[日志信息]: getIhDoctorInfo_success request success
Mon, 13 Dec 2021 18:46:23-test_createRecipeOrder.py-search.py-[line:27]-INFO-[日志信息]: getFamilyMemberList_success request success
Mon, 13 Dec 2021 18:46:23-test_createRecipeOrder.py-submitRevisitDispense.py-[line:33]-INFO-[日志信息]: submitRevisitDispense_success request success
Mon, 13 Dec 2021 18:46:23-test_createRecipeOrder.py-findRecipeInfoByOrderNo.py-[line:35]-INFO-[日志信息]: getRecipeInfoByOrderNo_success request success
Mon, 13 Dec 2021 18:47:20-test_createRecipeOrder.py-login.py-[line:35]-INFO-[日志信息]: user_login_success request success
Mon, 13 Dec 2021 18:47:20-test_createRecipeOrder.py-search.py-[line:27]-INFO-[日志信息]: search_success request success
Mon, 13 Dec 2021 18:47:20-test_createRecipeOrder.py-getIhDoctorInfo.py-[line:31]-INFO-[日志信息]: getIhDoctorInfo_success request success
Mon, 13 Dec 2021 18:47:20-test_createRecipeOrder.py-search.py-[line:27]-INFO-[日志信息]: getFamilyMemberList_success request success
Mon, 13 Dec 2021 18:47:20-test_createRecipeOrder.py-submitRevisitDispense.py-[line:33]-INFO-[日志信息]: submitRevisitDispense_success request success
Mon, 13 Dec 2021 18:47:21-test_createRecipeOrder.py-findRecipeInfoByOrderNo.py-[line:35]-INFO-[日志信息]: getRecipeInfoByOrderNo_success request success
Mon, 13 Dec 2021 18:48:25-test_createRecipeOrder.py-login.py-[line:35]-INFO-[日志信息]: user_login_success request success
Mon, 13 Dec 2021 18:48:25-test_createRecipeOrder.py-search.py-[line:27]-INFO-[日志信息]: search_success request success
Mon, 13 Dec 2021 18:48:25-test_createRecipeOrder.py-getIhDoctorInfo.py-[line:31]-INFO-[日志信息]: getIhDoctorInfo_success request success
Mon, 13 Dec 2021 18:48:25-test_createRecipeOrder.py-search.py-[line:27]-INFO-[日志信息]: getFamilyMemberList_success request success
Mon, 13 Dec 2021 18:48:25-test_createRecipeOrder.py-submitRevisitDispense.py-[line:33]-INFO-[日志信息]: submitRevisitDispense_success request success
Mon, 13 Dec 2021 18:48:25-test_createRecipeOrder.py-findRecipeInfoByOrderNo.py-[line:35]-INFO-[日志信息]: getRecipeInfoByOrderNo_success request success
Mon, 13 Dec 2021 18:49:52-test_createRecipeOrder.py-login.py-[line:35]-INFO-[日志信息]: user_login_success request success
Mon, 13 Dec 2021 18:49:52-test_createRecipeOrder.py-search.py-[line:27]-INFO-[日志信息]: search_success request success
Mon, 13 Dec 2021 18:49:53-test_createRecipeOrder.py-getIhDoctorInfo.py-[line:31]-INFO-[日志信息]: getIhDoctorInfo_success request success
Mon, 13 Dec 2021 18:49:53-test_createRecipeOrder.py-search.py-[line:27]-INFO-[日志信息]: getFamilyMemberList_success request success
Mon, 13 Dec 2021 18:49:53-test_createRecipeOrder.py-submitRevisitDispense.py-[line:33]-INFO-[日志信息]: submitRevisitDispense_success request success
Mon, 13 Dec 2021 18:49:53-test_createRecipeOrder.py-findRecipeInfoByOrderNo.py-[line:35]-INFO-[日志信息]: getRecipeInfoByOrderNo_success request success
Mon, 13 Dec 2021 18:50:40-test_createRecipeOrder.py-login.py-[line:35]-INFO-[日志信息]: user_login_success request success
Mon, 13 Dec 2021 18:50:40-test_createRecipeOrder.py-search.py-[line:27]-INFO-[日志信息]: search_success request success
Mon, 13 Dec 2021 18:50:40-test_createRecipeOrder.py-getIhDoctorInfo.py-[line:31]-INFO-[日志信息]: getIhDoctorInfo_success request success
Mon, 13 Dec 2021 18:50:41-test_createRecipeOrder.py-search.py-[line:27]-INFO-[日志信息]: getFamilyMemberList_success request success
Mon, 13 Dec 2021 18:50:41-test_createRecipeOrder.py-submitRevisitDispense.py-[line:33]-INFO-[日志信息]: submitRevisitDispense_success request success
Mon, 13 Dec 2021 18:50:41-test_createRecipeOrder.py-findRecipeInfoByOrderNo.py-[line:35]-INFO-[日志信息]: getRecipeInfoByOrderNo_success request success
Mon, 13 Dec 2021 18:52:46-test_createRecipeOrder.py-login.py-[line:35]-INFO-[日志信息]: user_login_success request success
Mon, 13 Dec 2021 18:52:46-test_createRecipeOrder.py-search.py-[line:27]-INFO-[日志信息]: search_success request success
Mon, 13 Dec 2021 18:52:46-test_createRecipeOrder.py-getIhDoctorInfo.py-[line:31]-INFO-[日志信息]: getIhDoctorInfo_success request success
Mon, 13 Dec 2021 18:52:46-test_createRecipeOrder.py-search.py-[line:27]-INFO-[日志信息]: getFamilyMemberList_success request success
Mon, 13 Dec 2021 18:52:46-test_createRecipeOrder.py-submitRevisitDispense.py-[line:33]-INFO-[日志信息]: submitRevisitDispense_success request success
Mon, 13 Dec 2021 18:52:46-test_createRecipeOrder.py-findRecipeInfoByOrderNo.py-[line:35]-INFO-[日志信息]: getRecipeInfoByOrderNo_success request success
Mon, 13 Dec 2021 18:53:08-test_createRecipeOrder.py-login.py-[line:35]-INFO-[日志信息]: user_login_success request success
Mon, 13 Dec 2021 18:53:08-test_createRecipeOrder.py-search.py-[line:27]-INFO-[日志信息]: search_success request success
Mon, 13 Dec 2021 18:53:08-test_createRecipeOrder.py-getIhDoctorInfo.py-[line:31]-INFO-[日志信息]: getIhDoctorInfo_success request success
Mon, 13 Dec 2021 18:53:09-test_createRecipeOrder.py-search.py-[line:27]-INFO-[日志信息]: getFamilyMemberList_success request success
Mon, 13 Dec 2021 18:53:09-test_createRecipeOrder.py-submitRevisitDispense.py-[line:33]-INFO-[日志信息]: submitRevisitDispense_success request success
Mon, 13 Dec 2021 18:53:09-test_createRecipeOrder.py-findRecipeInfoByOrderNo.py-[line:35]-INFO-[日志信息]: getRecipeInfoByOrderNo_success request success
Mon, 13 Dec 2021 18:54:05-test_createRecipeOrder.py-login.py-[line:35]-INFO-[日志信息]: user_login_success request success
Mon, 13 Dec 2021 18:54:05-test_createRecipeOrder.py-search.py-[line:27]-INFO-[日志信息]: search_success request success
Mon, 13 Dec 2021 18:54:05-test_createRecipeOrder.py-getIhDoctorInfo.py-[line:31]-INFO-[日志信息]: getIhDoctorInfo_success request success
Mon, 13 Dec 2021 18:54:05-test_createRecipeOrder.py-search.py-[line:27]-INFO-[日志信息]: getFamilyMemberList_success request success
Mon, 13 Dec 2021 18:54:06-test_createRecipeOrder.py-submitRevisitDispense.py-[line:33]-INFO-[日志信息]: submitRevisitDispense_success request success
Mon, 13 Dec 2021 18:54:06-test_createRecipeOrder.py-findRecipeInfoByOrderNo.py-[line:35]-INFO-[日志信息]: getRecipeInfoByOrderNo_success request success
Mon, 13 Dec 2021 18:54:28-test_createRecipeOrder.py-login.py-[line:35]-INFO-[日志信息]: user_login_success request success
Mon, 13 Dec 2021 18:54:28-test_createRecipeOrder.py-search.py-[line:27]-INFO-[日志信息]: search_success request success
Mon, 13 Dec 2021 18:54:28-test_createRecipeOrder.py-getIhDoctorInfo.py-[line:31]-INFO-[日志信息]: getIhDoctorInfo_success request success
Mon, 13 Dec 2021 18:54:28-test_createRecipeOrder.py-search.py-[line:27]-INFO-[日志信息]: getFamilyMemberList_success request success
Mon, 13 Dec 2021 18:54:29-test_createRecipeOrder.py-submitRevisitDispense.py-[line:33]-INFO-[日志信息]: submitRevisitDispense_success request success
Mon, 13 Dec 2021 18:54:29-test_createRecipeOrder.py-findRecipeInfoByOrderNo.py-[line:35]-INFO-[日志信息]: getRecipeInfoByOrderNo_success request success
Mon, 13 Dec 2021 18:55:08-test_createRecipeOrder.py-login.py-[line:35]-INFO-[日志信息]: user_login_success request success
Mon, 13 Dec 2021 18:55:08-test_createRecipeOrder.py-search.py-[line:27]-INFO-[日志信息]: search_success request success
Mon, 13 Dec 2021 18:55:08-test_createRecipeOrder.py-getIhDoctorInfo.py-[line:31]-INFO-[日志信息]: getIhDoctorInfo_success request success
Mon, 13 Dec 2021 18:55:08-test_createRecipeOrder.py-search.py-[line:27]-INFO-[日志信息]: getFamilyMemberList_success request success
Mon, 13 Dec 2021 18:55:08-test_createRecipeOrder.py-submitRevisitDispense.py-[line:33]-INFO-[日志信息]: submitRevisitDispense_success request success
Mon, 13 Dec 2021 18:55:08-test_createRecipeOrder.py-findRecipeInfoByOrderNo.py-[line:35]-INFO-[日志信息]: getRecipeInfoByOrderNo_success request success
Mon, 13 Dec 2021 18:55:32-test_createRecipeOrder.py-login.py-[line:35]-INFO-[日志信息]: user_login_success request success
Mon, 13 Dec 2021 18:55:32-test_createRecipeOrder.py-search.py-[line:27]-INFO-[日志信息]: search_success request success
Mon, 13 Dec 2021 18:55:32-test_createRecipeOrder.py-getIhDoctorInfo.py-[line:31]-INFO-[日志信息]: getIhDoctorInfo_success request success
Mon, 13 Dec 2021 18:55:32-test_createRecipeOrder.py-search.py-[line:27]-INFO-[日志信息]: getFamilyMemberList_success request success
Mon, 13 Dec 2021 18:55:32-test_createRecipeOrder.py-submitRevisitDispense.py-[line:33]-INFO-[日志信息]: submitRevisitDispense_success request success
Mon, 13 Dec 2021 18:55:32-test_createRecipeOrder.py-findRecipeInfoByOrderNo.py-[line:35]-INFO-[日志信息]: getRecipeInfoByOrderNo_success request success
Mon, 13 Dec 2021 19:00:21-test_createRecipeOrder.py-login.py-[line:35]-INFO-[日志信息]: user_login_success request success
Mon, 13 Dec 2021 19:00:21-test_createRecipeOrder.py-search.py-[line:27]-INFO-[日志信息]: search_success request success
Mon, 13 Dec 2021 19:00:21-test_createRecipeOrder.py-getIhDoctorInfo.py-[line:31]-INFO-[日志信息]: getIhDoctorInfo_success request success
Mon, 13 Dec 2021 19:00:21-test_createRecipeOrder.py-search.py-[line:27]-INFO-[日志信息]: getFamilyMemberList_success request success
Mon, 13 Dec 2021 19:00:21-test_createRecipeOrder.py-submitRevisitDispense.py-[line:33]-INFO-[日志信息]: submitRevisitDispense_success request success
Mon, 13 Dec 2021 19:00:21-test_createRecipeOrder.py-findRecipeInfoByOrderNo.py-[line:35]-INFO-[日志信息]: getRecipeInfoByOrderNo_success request success
Mon, 13 Dec 2021 19:02:38-test_createRecipeOrder.py-login.py-[line:35]-INFO-[日志信息]: user_login_success request success
Mon, 13 Dec 2021 19:02:38-test_createRecipeOrder.py-search.py-[line:27]-INFO-[日志信息]: search_success request success
Mon, 13 Dec 2021 19:02:38-test_createRecipeOrder.py-getIhDoctorInfo.py-[line:31]-INFO-[日志信息]: getIhDoctorInfo_success request success
Mon, 13 Dec 2021 19:02:38-test_createRecipeOrder.py-search.py-[line:27]-INFO-[日志信息]: getFamilyMemberList_success request success
Mon, 13 Dec 2021 19:02:39-test_createRecipeOrder.py-submitRevisitDispense.py-[line:33]-INFO-[日志信息]: submitRevisitDispense_success request success
Mon, 13 Dec 2021 19:02:39-test_createRecipeOrder.py-findRecipeInfoByOrderNo.py-[line:35]-INFO-[日志信息]: getRecipeInfoByOrderNo_success request success
Mon, 13 Dec 2021 19:03:23-test_createRecipeOrder.py-login.py-[line:35]-INFO-[日志信息]: user_login_success request success
Mon, 13 Dec 2021 19:03:24-test_createRecipeOrder.py-search.py-[line:27]-INFO-[日志信息]: search_success request success
Mon, 13 Dec 2021 19:03:24-test_createRecipeOrder.py-getIhDoctorInfo.py-[line:31]-INFO-[日志信息]: getIhDoctorInfo_success request success
Mon, 13 Dec 2021 19:03:24-test_createRecipeOrder.py-search.py-[line:27]-INFO-[日志信息]: getFamilyMemberList_success request success
Mon, 13 Dec 2021 19:03:24-test_createRecipeOrder.py-submitRevisitDispense.py-[line:33]-INFO-[日志信息]: submitRevisitDispense_success request success
Mon, 13 Dec 2021 19:03:24-test_createRecipeOrder.py-findRecipeInfoByOrderNo.py-[line:35]-INFO-[日志信息]: getRecipeInfoByOrderNo_success request success
Mon, 13 Dec 2021 19:04:41-test_createRecipeOrder.py-login.py-[line:35]-INFO-[日志信息]: user_login_success request success
Mon, 13 Dec 2021 19:04:41-test_createRecipeOrder.py-search.py-[line:27]-INFO-[日志信息]: search_success request success
Mon, 13 Dec 2021 19:04:41-test_createRecipeOrder.py-getIhDoctorInfo.py-[line:31]-INFO-[日志信息]: getIhDoctorInfo_success request success
Mon, 13 Dec 2021 19:04:41-test_createRecipeOrder.py-search.py-[line:27]-INFO-[日志信息]: getFamilyMemberList_success request success
Mon, 13 Dec 2021 19:04:41-test_createRecipeOrder.py-submitRevisitDispense.py-[line:33]-INFO-[日志信息]: submitRevisitDispense_success request success
Mon, 13 Dec 2021 19:04:41-test_createRecipeOrder.py-findRecipeInfoByOrderNo.py-[line:35]-INFO-[日志信息]: getRecipeInfoByOrderNo_success request success
Mon, 13 Dec 2021 19:05:08-test_createRecipeOrder.py-login.py-[line:35]-INFO-[日志信息]: user_login_success request success
Mon, 13 Dec 2021 19:05:08-test_createRecipeOrder.py-search.py-[line:27]-INFO-[日志信息]: search_success request success
Mon, 13 Dec 2021 19:05:08-test_createRecipeOrder.py-getIhDoctorInfo.py-[line:31]-INFO-[日志信息]: getIhDoctorInfo_success request success
Mon, 13 Dec 2021 19:05:08-test_createRecipeOrder.py-search.py-[line:27]-INFO-[日志信息]: getFamilyMemberList_success request success
Mon, 13 Dec 2021 19:05:08-test_createRecipeOrder.py-submitRevisitDispense.py-[line:33]-INFO-[日志信息]: submitRevisitDispense_success request success
Mon, 13 Dec 2021 19:05:08-test_createRecipeOrder.py-findRecipeInfoByOrderNo.py-[line:35]-INFO-[日志信息]: getRecipeInfoByOrderNo_success request success
Mon, 13 Dec 2021 19:07:47-test_createRecipeOrder.py-login.py-[line:35]-INFO-[日志信息]: user_login_success request success
Mon, 13 Dec 2021 19:07:47-test_createRecipeOrder.py-search.py-[line:27]-INFO-[日志信息]: search_success request success
Mon, 13 Dec 2021 19:07:48-test_createRecipeOrder.py-getIhDoctorInfo.py-[line:31]-INFO-[日志信息]: getIhDoctorInfo_success request success
Mon, 13 Dec 2021 19:09:33-test_createRecipeOrder.py-login.py-[line:35]-INFO-[日志信息]: user_login_success request success
Mon, 13 Dec 2021 19:09:33-test_createRecipeOrder.py-search.py-[line:27]-INFO-[日志信息]: search_success request success
Mon, 13 Dec 2021 19:09:33-test_createRecipeOrder.py-getIhDoctorInfo.py-[line:31]-INFO-[日志信息]: getIhDoctorInfo_success request success
